Case #1: 
GGG
CCC
JJJ
Case #2: 
CODE
CODE
JJAM
Case #3: 
CA
KE
Case #4: 
CCCCC
DDDDB
AAAAA
AAAAA
AAAAA
AAAAA
AAAAA
Case #5: 
AAAAAAAABBBBBBBBBBBBBBBBB
AAAAAAAABBBBBBBBBBBBBBBBB
AAAAAAAABBBBBBBBBBBBBBBBB
AAAAAAAABBBBBBBBBBBBBBBBB
AAAAAAAABBBBBBBBBBBBBBBBB
AAAAAAAABBBBBBBBBBBBBBBBB
AAAAAAAABBBBBBBBBBBBBBBBB
AAAAAAAABBBBBBBBBBBBBBBBB
AAAAAAAABBBBBBBBBBBBBBBBB
AAAAAAAABBBBBBBBBBBBBBBBB
AAAAAAAABBBBBBBBBBBBBBBBB
AAAAAAAABBBBBBBBBBBBBBBBB
AAAAAAAABBBBBBBBBBBBBBBBB
AAAAAAAABBBBBBBBBBBBBBBBB
CCCCCCCCCCCCCCCCCCCCCCCCC
DDDDDDDDDDDDDDDDDDDDDDDDD
EEEEEEEEEEEEEEEEEEEEEEEEE
EEEEEEEEEEEEEEEEEEEEEEEEE
EEEEEEEEEEEEEEEEEEEEEEEEE
EEEEEEEEEEEEEEEEEEEEEEEEE
EEEEEEEEEEEEEEEEEEEEEEEEE
EEEEEEEEEEEEEEEEEEEEEEEEE
EEEEEEEEEEEEEEEEEEEEEEEEE
EEEEEEEEEEEEEEEEEEEEEEEEE
EEEEEEEEEEEEEEEEEEEEEEEEE
Case #6: 
EEEEEEEEEEEJJJJJJJJJJJJJJ
XXXXXXXXXXXXXXXXXXXXXXXXX
UUUUUUZAFFFIIKKKKKKKKKKKK
HHHHHOOODDGGGCCCCCCCCCCCC
WWWWWWYYYYYLLPPPPPPPPPPPP
VVVVVVVVNNBBMMMMMMMMMMMMM
TTTTTTTTTSSSSSSSSSSSSSSSS
RRRRRRRRRRRRRRRRRRRRRRRRR
QQQQQQQQQQQQQQQQQQQQQQQQQ
QQQQQQQQQQQQQQQQQQQQQQQQQ
QQQQQQQQQQQQQQQQQQQQQQQQQ
QQQQQQQQQQQQQQQQQQQQQQQQQ
QQQQQQQQQQQQQQQQQQQQQQQQQ
QQQQQQQQQQQQQQQQQQQQQQQQQ
QQQQQQQQQQQQQQQQQQQQQQQQQ
QQQQQQQQQQQQQQQQQQQQQQQQQ
QQQQQQQQQQQQQQQQQQQQQQQQQ
QQQQQQQQQQQQQQQQQQQQQQQQQ
QQQQQQQQQQQQQQQQQQQQQQQQQ
QQQQQQQQQQQQQQQQQQQQQQQQQ
QQQQQQQQQQQQQQQQQQQQQQQQQ
QQQQQQQQQQQQQQQQQQQQQQQQQ
QQQQQQQQQQQQQQQQQQQQQQQQQ
QQQQQQQQQQQQQQQQQQQQQQQQQ
QQQQQQQQQQQQQQQQQQQQQQQQQ
Case #7: 
AAAAAAACCCCCCCCCCCCCCCCCC
AAAAAAACCCCCCCCCCCCCCCCCC
EEEEEEEEEEEEEEEEEEEEEEEEE
EEEEEEEEEEEEEEEEEEEEEEEEE
EEEEEEEEEEEEEEEEEEEEEEEEE
EEEEEEEEEEEEEEEEEEEEEEEEE
BBBBBBBDDDDDDDDDDDDDDDDDD
BBBBBBBDDDDDDDDDDDDDDDDDD
BBBBBBBDDDDDDDDDDDDDDDDDD
BBBBBBBDDDDDDDDDDDDDDDDDD
BBBBBBBDDDDDDDDDDDDDDDDDD
BBBBBBBDDDDDDDDDDDDDDDDDD
BBBBBBBDDDDDDDDDDDDDDDDDD
BBBBBBBDDDDDDDDDDDDDDDDDD
BBBBBBBDDDDDDDDDDDDDDDDDD
BBBBBBBDDDDDDDDDDDDDDDDDD
FFFFFFFFFFFFFFFFFFGGGGGGG
HHHHHHHHHHHHHHHHHHHHHHHHH
IIIIIIIIIIIIIIIIIIIIIIIII
JJJJJJJJJJJJJJJJJJJJJJJJJ
JJJJJJJJJJJJJJJJJJJJJJJJJ
JJJJJJJJJJJJJJJJJJJJJJJJJ
JJJJJJJJJJJJJJJJJJJJJJJJJ
JJJJJJJJJJJJJJJJJJJJJJJJJ
JJJJJJJJJJJJJJJJJJJJJJJJJ
Case #8: 
AAAAAAAAAAAAAAAAAAAAAAAAA
BBBBBBBBBBBBBBBBBBBBBBBBB
CCCCCCCCCCCCCCCCCCCCCCCCC
DDDDDDDDDDDDDDDDDDDDDDDDD
EEEEEEEEEEEEEEEEEEEEEEEEE
FFFFFFFFFFFFFFFFFFFFFFFFF
GGGGGGGGGGGGGGGGGGGGGGGGG
HHHHHHHHHHHHHHHHHHHHHHHHH
IIIIIIIIIIIIIIIIIIIIIIIII
JJJJJJJJJJJJJJJJJJJJJJJJJ
KKKKKKKKKKKKKKKKKKKKKKKKK
LLLLLLLLLLLLLLLLLLLLLLLLL
MMMMMMMMMMMMMMMMMMMMMMMMM
NNNNNNNNNNNNNNNNNNNNNNNNN
OOOOOOOOOOOOOOOOOOOOOOOOO
PPPPPPPPPPPPPPPPPPPPPPPPP
QQQQQQQQQQQQQQQQQQQQQQQQQ
RRRRRRRRRRRRRRRRRRRRRRRRR
SSSSSSSSSSSSSSSSSSSSSSSSS
TTTTTTTTTTTTTTTTTTTTTTTTT
UUUUUUUUUUUUUUUUUUUUUUUUU
VVVVVVVVVVVVVVVVVVVVVVVVV
WWWWWWWWWWWWWWWWWWWWWWWWW
XXXXXXXXXXXXXXXXXXXXXXXXX
YYYYYYYYYYYYYYYYYYYYYYYYY
Case #9: 
AA
AA
Case #10: 
CCCCCCCCCCCCCCCCCCCCCCCCC
CCCCCCCCCCCCCCCCCCCCCCCCC
CCCCCCCCCCCCCCCCCCCCCCCCC
CCCCCCCCCCCCCCCCCCCCCCCCC
CCCCCCCCCCCCCCCCCCCCCCCCC
CCCCCCCCCCCCCCCCCCCCCCCCC
CCCCCCCCCCCCCCCCCCCCCCCCC
CCCCCCCCCCCCCCCCCCCCCCCCC
CCCCCCCCCCCCCCCCCCCCCCCCC
CCCCCCCCCCCCCCCCCCCCCCCCC
CCCCCCCCCCCCCCCCCCCCCCCCC
CCCCCCCCCCCCCCCCCCCCCCCCC
IIIYYYYYYYYYYYYYYYYYYYYYY
IIIYYYYYYYYYYYYYYYYYYYYYY
IIIYYYYYYYYYYYYYYYYYYYYYY
LLLLLLLLLLLLLLLLLLLLLLLLL
LLLLLLLLLLLLLLLLLLLLLLLLL
JPPPPPPPPPPPPPPPPPPPPPPPP
STTVVVVVVVVVVVVVVVVVVVVVV
QQFFFFFFFFFFFFFFFFFFFFFFF
GGGBBBBNNNNNNNNNNNNNNNNNN
ZZXDDDAAARRRRRRRRRRRRRRRR
UUUUUUUUUUUUUUUUUUUUUUUUU
EOOOOMMMMMMMMMMMMMMMMMMMM
KKKKKKKKKHHHWWWWWWWWWWWWW
Case #11: 
AAAAABBBBBBBBBBBBBBBBBBBB
CCCCCCCCCCCCCCCCCCCCCCCCC
DDDDDDDDDDDDDDDDDDDDDDDDD
EEEEEEEEEEEEEEEEEEEEEEEEE
EEEEEEEEEEEEEEEEEEEEEEEEE
EEEEEEEEEEEEEEEEEEEEEEEEE
EEEEEEEEEEEEEEEEEEEEEEEEE
EEEEEEEEEEEEEEEEEEEEEEEEE
EEEEEEEEEEEEEEEEEEEEEEEEE
EEEEEEEEEEEEEEEEEEEEEEEEE
EEEEEEEEEEEEEEEEEEEEEEEEE
EEEEEEEEEEEEEEEEEEEEEEEEE
FFFFFFFFFFFFFHHHHHHHHHHHH
JJJJJJJJJJJJJJJJJJJJJJJJJ
JJJJJJJJJJJJJJJJJJJJJJJJJ
JJJJJJJJJJJJJJJJJJJJJJJJJ
JJJJJJJJJJJJJJJJJJJJJJJJJ
GGGGGGGGGGGGGIIIIIIIIIIII
GGGGGGGGGGGGGIIIIIIIIIIII
GGGGGGGGGGGGGIIIIIIIIIIII
GGGGGGGGGGGGGIIIIIIIIIIII
GGGGGGGGGGGGGIIIIIIIIIIII
GGGGGGGGGGGGGIIIIIIIIIIII
GGGGGGGGGGGGGIIIIIIIIIIII
GGGGGGGGGGGGGIIIIIIIIIIII
Case #12: 
CCGG
AAAA
DHHH
IEBF
Case #13: 
FIIIIIIIIIIIIIIIIIIIIIIII
FIIIIIIIIIIIIIIIIIIIIIIII
FIIIIIIIIIIIIIIIIIIIIIIII
FIIIIIIIIIIIIIIIIIIIIIIII
FIIIIIIIIIIIIIIIIIIIIIIII
FIIIIIIIIIIIIIIIIIIIIIIII
FIIIIIIIIIIIIIIIIIIIIIIII
FIIIIIIIIIIIIIIIIIIIIIIII
FIIIIIIIIIIIIIIIIIIIIIIII
FIIIIIIIIIIIIIIIIIIIIIIII
FIIIIIIIIIIIIIIIIIIIIIIII
FIIIIIIIIIIIIIIIIIIIIIIII
FIIIIIIIIIIIIIIIIIIIIIIII
FIIIIIIIIIIIIIIIIIIIIIIII
FIIIIIIIIIIIIIIIIIIIIIIII
FIIIIIIIIIIIIIIIIIIIIIIII
FIIIIIIIIIIIIIIIIIIIIIIII
BRRRRRRRRRRRRRRRRRRRRRRRR
ZWWWWWWWWWWWWWWWWWWWWWWWW
YYXDAAAAAAAAAAAAAAAAAAAAA
UUCJTQQQQQQQQQQQQQQQQQQQQ
LHOOSSSSSSSSSSSSSSSSSSSSS
KVVPPPPPPPPPPPPPPPPPPPPPP
MEEEEEEEEEEEEEEEEEEEEEEEE
GGGNNNNNNNNNNNNNNNNNNNNNN
Case #14: 
AAAAAAAAAAAAAAAAAAAAAAAAA
AAAAAAAAAAAAAAAAAAAAAAAAA
AAAAAAAAAAAAAAAAAAAAAAAAA
AAAAAAAAAAAAAAAAAAAAAAAAA
AAAAAAAAAAAAAAAAAAAAAAAAA
AAAAAAAAAAAAAAAAAAAAAAAAA
AAAAAAAAAAAAAAAAAAAAAAAAA
AAAAAAAAAAAAAAAAAAAAAAAAA
AAAAAAAAAAAAAAAAAAAAAAAAA
AAAAAAAAAAAAAAAAAAAAAAAAA
AAAAAAAAAAAAAAAAAAAAAAAAA
AAAAAAAAAAAAAAAAAAAAAAAAA
AAAAAAAAAAAAAAAAAAAAAAAAA
AAAAAAAAAAAAAAAAAAAAAAAAA
AAAAAAAAAAAAAAAAAAAAAAAAA
AAAAAAAAAAAAAAAAAAAAAAAAA
AAAAAAAAAAAAAAAAAAAAAAAAA
AAAAAAAAAAAAAAAAAAAAAAAAA
AAAAAAAAAAAAAAAAAAAAAAAAA
AAAAAAAAAAAAAAAAAAAAAAAAA
AAAAAAAAAAAAAAAAAAAAAAAAA
AAAAAAAAAAAAAAAAAAAAAAAAA
AAAAAAAAAAAAAAAAAAAAAAAAA
AAAAAAAAAAAAAAAAAAAAAAAAA
AAAAAAAAAAAAAAAAAAAAAAAAA
Case #15: 
ABCDEFGHIJKLMNOPQRSTUVWXY
ABCDEFGHIJKLMNOPQRSTUVWXY
ABCDEFGHIJKLMNOPQRSTUVWXY
ABCDEFGHIJKLMNOPQRSTUVWXY
ABCDEFGHIJKLMNOPQRSTUVWXY
ABCDEFGHIJKLMNOPQRSTUVWXY
ABCDEFGHIJKLMNOPQRSTUVWXY
ABCDEFGHIJKLMNOPQRSTUVWXY
ABCDEFGHIJKLMNOPQRSTUVWXY
ABCDEFGHIJKLMNOPQRSTUVWXY
ABCDEFGHIJKLMNOPQRSTUVWXY
ABCDEFGHIJKLMNOPQRSTUVWXY
ABCDEFGHIJKLMNOPQRSTUVWXY
ABCDEFGHIJKLMNOPQRSTUVWXY
ABCDEFGHIJKLMNOPQRSTUVWXY
ABCDEFGHIJKLMNOPQRSTUVWXY
ABCDEFGHIJKLMNOPQRSTUVWXY
ABCDEFGHIJKLMNOPQRSTUVWXY
ABCDEFGHIJKLMNOPQRSTUVWXY
ABCDEFGHIJKLMNOPQRSTUVWXY
ABCDEFGHIJKLMNOPQRSTUVWXY
ABCDEFGHIJKLMNOPQRSTUVWXY
ABCDEFGHIJKLMNOPQRSTUVWXY
ABCDEFGHIJKLMNOPQRSTUVWXY
ABCDEFGHIJKLMNOPQRSTUVWXY
Case #16: 
BBB
CDD
AAA
AAA
Case #17: 
AAAAAAAAAAAAAAAAAAAAAAAAA
BBBBBBBBBBBBBBBBBBBBBBBBB
CCCCCCCCCCCCCCCCCCCCCCCCC
DDDDDDDDDDDDDDDDDDDDDDDDD
EEEEEEEEEEEEEEEEEEEEEEEEE
FFFFFFFFFFFFFFFFFFFFFFFFF
GGGGGGGGGGGGGGGGGGGGGGGGG
HHHHHHHHHHHHHHHHHHHHHHHHH
IIIIIIIIIIIIIIIIIIIIIIIII
JJJJJJJJJJJJJJJJJJJJJJJJJ
KKKKKKKKKKKKKKKKKKKKKKKKK
LLLLLLLLLLLLLLLLLLLLLLLLL
MMMMMMMMMMMMMMMMMMMMMMMMM
NNNNNNNNNNNNNNNNNNNNNNNNN
OOOOOOOOOOOOOOOOOOOOOOOOO
PPPPPPPPPPPPPPPPPPPPPPPPP
QQQQQQQQQQQQQQQQQQQQQQQQQ
RRRRRRRRRRRRRRRRRRRRRRRRR
SSSSSSSSSSSSSSSSSSSSSSSSS
TTTTTTTTTTTTTTTTTTTTTTTTT
UUUUUUUUUUUUUUUUUUUUUUUUU
VVVVVVVVVVVVVVVVVVVVVVVVV
WWWWWWWWWWWWWWWWWWWWWWWWW
XXXXXXXXXXXXXXXXXXXXXXXXX
YYYYYYYYYYYYYYYYYYYYYYYYY
Case #18: 
AAAAAAAAACCCCCCCCCCCCCCCC
AAAAAAAAACCCCCCCCCCCCCCCC
AAAAAAAAACCCCCCCCCCCCCCCC
AAAAAAAAACCCCCCCCCCCCCCCC
AAAAAAAAACCCCCCCCCCCCCCCC
AAAAAAAAACCCCCCCCCCCCCCCC
AAAAAAAAACCCCCCCCCCCCCCCC
EEEEEEEEEEEEEEEEEEEEEEEEE
EEEEEEEEEEEEEEEEEEEEEEEEE
EEEEEEEEEEEEEEEEEEEEEEEEE
EEEEEEEEEEEEEEEEEEEEEEEEE
BBBBBBBBBDDDDDDDDDDDDDDDD
BBBBBBBBBDDDDDDDDDDDDDDDD
BBBBBBBBBDDDDDDDDDDDDDDDD
BBBBBBBBBDDDDDDDDDDDDDDDD
BBBBBBBBBDDDDDDDDDDDDDDDD
BBBBBBBBBDDDDDDDDDDDDDDDD
BBBBBBBBBDDDDDDDDDDDDDDDD
BBBBBBBBBDDDDDDDDDDDDDDDD
BBBBBBBBBDDDDDDDDDDDDDDDD
BBBBBBBBBDDDDDDDDDDDDDDDD
FFFFFFFFFFFFFFGGGGGGGGGGG
HHHHHHHHHHHHHHHHHHHHHHHHH
IIIIIIIIIIIIIIIIIIIIIIIII
JJJJJJJJJJJJJJJJJJJJJJJJJ
Case #19: 
CWWKSEUUUUFAAAGGOJJJJPPPP
MBXDVVVVVVVIHLZZRNNTQYYYY
Case #20: 
QQQQQQQQQQQQQQQQQQQQQQQQQ
PPPPPPPPPPPPPPPPPPPPPPPPP
CCCCCCCCCCCCCCAAAAAAAAAAA
FFFFFFFFFFFFFFFFFFFFFFFFF
FFFFFFFFFFFFFFFFFFFFFFFFF
OOOOOOOOOOOOOOOOOOOOOOOOO
OOOOOOOOOOOOOOOOOOOOOOOOO
LLLLLLLLLLLLLLLLLLLLLLLLL
KKKKKKKKKKKKKKKKKKKKKKKKK
KKKKKKKKKKKKKKKKKKKKKKKKK
KKKKKKKKKKKKKKKKKKKKKKKKK
JJJJJJJJJJJJJJJJJJJWWWWWW
JJJJJJJJJJJJJJJJJJJWWWWWW
JJJJJJJJJJJJJJJJJJJWWWWWW
UUUUUUUUUUUUUUUUUUUUUUUUI
SSSSTTTTTTTTTTTTTTTTTTTTT
SSSSTTTTTTTTTTTTTTTTTTTTT
YYYYYYYYYYYYYEEEEEEEEEEEE
YYYYYYYYYYYYYEEEEEEEEEEEE
XXXXHHHHHHHHHHHHHHHHHHHHH
RBBBBBDDDDDDDMMMMMMMMMMMM
RBBBBBDDDDDDDMMMMMMMMMMMM
NNNNNNNNNNNNNNNNNNNNNNNNN
GGGGGGGGGGGGGGGGGGGGGGGGG
ZZZZZZZZZZZZZZZZZZZZVVVVV
Case #21: 
AAAACCCCCCCCCCCCCCCCCCCCC
AAAACCCCCCCCCCCCCCCCCCCCC
AAAACCCCCCCCCCCCCCCCCCCCC
EEEEEEEEEEEEEEEEEEEEEEEEE
EEEEEEEEEEEEEEEEEEEEEEEEE
EEEEEEEEEEEEEEEEEEEEEEEEE
EEEEEEEEEEEEEEEEEEEEEEEEE
BBBBDDDDDDDDDDDDDDDDDDDDD
BBBBDDDDDDDDDDDDDDDDDDDDD
BBBBDDDDDDDDDDDDDDDDDDDDD
BBBBDDDDDDDDDDDDDDDDDDDDD
BBBBDDDDDDDDDDDDDDDDDDDDD
BBBBDDDDDDDDDDDDDDDDDDDDD
FFFFFFFFFFFFFFFFFFFGGGGGG
HHHHHHHHHHHHHHHHHHHHHHHHH
IIIIIIIIIIIIIIIIIIIIIIIII
JJJJJJJJJJJJJJJJJJJJJJJJJ
JJJJJJJJJJJJJJJJJJJJJJJJJ
JJJJJJJJJJJJJJJJJJJJJJJJJ
JJJJJJJJJJJJJJJJJJJJJJJJJ
JJJJJJJJJJJJJJJJJJJJJJJJJ
JJJJJJJJJJJJJJJJJJJJJJJJJ
JJJJJJJJJJJJJJJJJJJJJJJJJ
JJJJJJJJJJJJJJJJJJJJJJJJJ
JJJJJJJJJJJJJJJJJJJJJJJJJ
Case #22: 
PPPPPPPPPPPPPPPPPPPPPPPPP
PPPPPPPPPPPPPPPPPPPPPPPPP
UUUUUUUUUUUUUUUUUUUUUUCCC
EEEEEEEEEEEEEEEEEEEEEAAAA
EEEEEEEEEEEEEEEEEEEEEAAAA
KKKKKKKKKKKKKKKKKKKKKKKKK
OOOOOOOOOOOOOOOOOOOOOOHHH
DDDDDDDDDDDDDDDDVVRRRRRRR
ZZZZZZZZZZZZZZZZZZQQQQQQQ
SSSSSSSSSSSSSSSSSSSSSSSSS
BBBBBBBBBBBBBBBBBWWWWWWWJ
MMMMMMMMMMMMMMMMMMMMXXXXX
FFFFFFFFFFFFFFFFFFFFFFFFF
YYYYYYYYYYYYYYYYYYYYYYYYY
GGGGGGGGGGGGGGGGGGGTIIILL
NNNNNNNNNNNNNNNNNNNNNNNNN
NNNNNNNNNNNNNNNNNNNNNNNNN
NNNNNNNNNNNNNNNNNNNNNNNNN
NNNNNNNNNNNNNNNNNNNNNNNNN
NNNNNNNNNNNNNNNNNNNNNNNNN
NNNNNNNNNNNNNNNNNNNNNNNNN
NNNNNNNNNNNNNNNNNNNNNNNNN
NNNNNNNNNNNNNNNNNNNNNNNNN
NNNNNNNNNNNNNNNNNNNNNNNNN
NNNNNNNNNNNNNNNNNNNNNNNNN
Case #23: 
FFFFFFXXXXXXXXXXXXXXXXXXX
FFFFFFXXXXXXXXXXXXXXXXXXX
FFFFFFXXXXXXXXXXXXXXXXXXX
MMMMMMMMMMMMMMMMMMMMMMMMM
RRRRRRRRRRRRRRRRRRRRRRRRR
RRRRRRRRRRRRRRRRRRRRRRRRR
WWWWWWVVVVVVVVVVVVVVVVVVV
NNNNNNNNNNNNNNNNNNNNNNNNN
ZZZZZZZZZZZZZZZZZZZZZZZZZ
CCCCCCCCCCCCCCCCCCCCCCCCC
PPPPPPPGGGGGGGGGGGGGGGGGG
YYYYYYYYYYYYYYYYBBBBBBBBB
QQQQQDDDDDDOOOOOOOOOOOOOO
SSSSSLLLLLLLLLLLLLLLLLLLL
SSSSSLLLLLLLLLLLLLLLLLLLL
AAAAAAAAAAAAAAAAAAAAAAAAA
KKKKKKKKKKKKKKKKKKKKKKKKK
KKKKKKKKKKKKKKKKKKKKKKKKK
JJJJJJJJJJJJJJJJJJJJJJJJJ
JJJJJJJJJJJJJJJJJJJJJJJJJ
JJJJJJJJJJJJJJJJJJJJJJJJJ
UUUUUUUUUUUUUUUUUUUUUUUUU
TTTTTTTTTTTTTTTTTTTTTTTTT
HHIIIIIIIEEEEEEEEEEEEEEEE
HHIIIIIIIEEEEEEEEEEEEEEEE
Case #24: 
TTTTTTTTTTTTTTTTTTTTTTTTT
YYYYYYYYYYYYYYYKKKKOOOOOO
YYYYYYYYYYYYYYYKKKKOOOOOO
ZZZZZZZZZZZZZZZZZZZZZZZZZ
CCCCCCCRRRRRRRRRRRRRRRRRR
FFFFFFFFFFFFFFFFFFFFFFFFF
JJJJJJJJJMMMMMMMMMMMMMMMM
WWWWWWWWWWWWWWWWWWWWWWWWW
EEEEEEEEEEEEEEEEEEEEEEEEE
EEEEEEEEEEEEEEEEEEEEEEEEE
IIIIIIIIIAAAASSSSSSSSSSSS
IIIIIIIIIAAAASSSSSSSSSSSS
GGGGGGGGGGGGGGGGGGGGGGGGG
XXXXXXXXXXXXXXXXXXXXUUUUU
QQQQQQNNNNNNNNNNNNNNNNNNN
DDDDDDDHHHHHHHHHHLLLLLLLL
BBBBBBBBBBBBBBBBBBBBBBBBB
BBBBBBBBBBBBBBBBBBBBBBBBB
PPPPPPPPPPPPPPPPPPPPPPPPP
PPPPPPPPPPPPPPPPPPPPPPPPP
PPPPPPPPPPPPPPPPPPPPPPPPP
VVVVVVVVVVVVVVVVVVVVVVVVV
VVVVVVVVVVVVVVVVVVVVVVVVV
VVVVVVVVVVVVVVVVVVVVVVVVV
VVVVVVVVVVVVVVVVVVVVVVVVV
Case #25: 
RRRRRRRRRRRRRRRRRRRRTTTTT
RRRRRRRRRRRRRRRRRRRRTTTTT
RRRRRRRRRRRRRRRRRRRRTTTTT
RRRRRRRRRRRRRRRRRRRRTTTTT
RRRRRRRRRRRRRRRRRRRRTTTTT
VVVVVVVVVVVVVVVVVVVVVVVVV
YBBBBAAAAAAAAAAAAAAAAAAAA
YBBBBAAAAAAAAAAAAAAAAAAAA
MMMFFFFFFFFFFFFFFFFFFFFFF
SSSSSSSSSSSSSSSSSSSSSSSSS
GGGGGGGGJJJJJJJJJJJJJJJJJ
GGGGGGGGJJJJJJJJJJJJJJJJJ
CCCCCCCKKKKKKKKKKKKKKKKKK
IIIIIIIIIIIIIIIIIIIIIIIII
HHHHHHHHHHHHHHHHHHHHHHHHH
UUUUUZZZZZZZZZXXXXXXXXXXX
OOOWWWPPPPPPPPPPPNNNNNNNN
EEEEEEEEEEEEEEEEEEEEEEEEE
QQQQQQQQLLLLLLLLLLLLLLLLL
DDDDDDDDDDDDDDDDDDDDDDDDD
DDDDDDDDDDDDDDDDDDDDDDDDD
DDDDDDDDDDDDDDDDDDDDDDDDD
DDDDDDDDDDDDDDDDDDDDDDDDD
DDDDDDDDDDDDDDDDDDDDDDDDD
DDDDDDDDDDDDDDDDDDDDDDDDD
Case #26: 
ABCDEFGHIJKLMNOPQRSTUVWXY
ABCDEFGHIJKLMNOPQRSTUVWXY
ABCDEFGHIJKLMNOPQRSTUVWXY
ABCDEFGHIJKLMNOPQRSTUVWXY
ABCDEFGHIJKLMNOPQRSTUVWXY
ABCDEFGHIJKLMNOPQRSTUVWXY
ABCDEFGHIJKLMNOPQRSTUVWXY
ABCDEFGHIJKLMNOPQRSTUVWXY
ABCDEFGHIJKLMNOPQRSTUVWXY
ABCDEFGHIJKLMNOPQRSTUVWXY
ABCDEFGHIJKLMNOPQRSTUVWXY
ABCDEFGHIJKLMNOPQRSTUVWXY
ABCDEFGHIJKLMNOPQRSTUVWXY
ABCDEFGHIJKLMNOPQRSTUVWXY
ABCDEFGHIJKLMNOPQRSTUVWXY
ABCDEFGHIJKLMNOPQRSTUVWXY
ABCDEFGHIJKLMNOPQRSTUVWXY
ABCDEFGHIJKLMNOPQRSTUVWXY
ABCDEFGHIJKLMNOPQRSTUVWXY
ABCDEFGHIJKLMNOPQRSTUVWXY
ABCDEFGHIJKLMNOPQRSTUVWXY
ABCDEFGHIJKLMNOPQRSTUVWXY
ABCDEFGHIJKLMNOPQRSTUVWXY
ABCDEFGHIJKLMNOPQRSTUVWXY
ABCDEFGHIJKLMNOPQRSTUVWXY
Case #27: 
QQQQQQQQQQQQQQQQQQQQOOOOO
QQQQQQQQQQQQQQQQQQQQOOOOO
IIIIIIIIIIIIIIIIIIIIIIIII
IIIIIIIIIIIIIIIIIIIIIIIII
AAAAAAAAAAAAAWWWWWWWWWWWW
CCCCCCCCCCCCCCCCCCCCCCCCC
CCCCCCCCCCCCCCCCCCCCCCCCC
CCCCCCCCCCCCCCCCCCCCCCCCC
EEEEEEEEEEEEEEEEEEEEEEEEE
PPPPPPPPPPPPPPPPPPPPPPPPP
LLLKKKKKKKKKKKKKKKKKKKKKK
DDDDDDJTTHHHHHHHHHHHHHHHH
DDDDDDJTTHHHHHHHHHHHHHHHH
ZZZZZZZZZZZZZYYYYYYYYYYYY
NNNNNNNNNNNNNNNNNNNNNNNNN
XXXXXXXXXXXXXXXXXXXXXXXXX
SSSSSSSSSSSSSSSSSSSSSSSSS
VVVVVVVBBBBBBBBBBBBBBBBBB
RRRRRRRRRRRRRRRRRRRRRRRRR
RRRRRRRRRRRRRRRRRRRRRRRRR
MMMMMMMMMMMMMMMMMMMMMMMMM
UUUUUUUUUUUUUUUUUUUUUUUUU
UUUUUUUUUUUUUUUUUUUUUUUUU
GGGGGGGGGGGGGGGGGGGGGGGGG
FFFFFFFFFFFFFFFFFFFFFFFFF
Case #28: 
BB
AA
Case #29: 
DHHMMIIIIIKKKKCGLLBAEJFFF
Case #30: 
AAAAACCCCCCCCCCCCCCCCCCCC
AAAAACCCCCCCCCCCCCCCCCCCC
AAAAACCCCCCCCCCCCCCCCCCCC
AAAAACCCCCCCCCCCCCCCCCCCC
AAAAACCCCCCCCCCCCCCCCCCCC
AAAAACCCCCCCCCCCCCCCCCCCC
AAAAACCCCCCCCCCCCCCCCCCCC
EEEEEEEEEEEEEEEEEEEEEEEEE
EEEEEEEEEEEEEEEEEEEEEEEEE
EEEEEEEEEEEEEEEEEEEEEEEEE
EEEEEEEEEEEEEEEEEEEEEEEEE
BBBBBDDDDDDDDDDDDDDDDDDDD
BBBBBDDDDDDDDDDDDDDDDDDDD
BBBBBDDDDDDDDDDDDDDDDDDDD
BBBBBDDDDDDDDDDDDDDDDDDDD
BBBBBDDDDDDDDDDDDDDDDDDDD
BBBBBDDDDDDDDDDDDDDDDDDDD
BBBBBDDDDDDDDDDDDDDDDDDDD
BBBBBDDDDDDDDDDDDDDDDDDDD
BBBBBDDDDDDDDDDDDDDDDDDDD
FFFFFFFFFFFFFFFFGGGGGGGGG
HHHHHHHHHHHHHHHHHHHHHHHHH
IIIIIIIIIIIIIIIIIIIIIIIII
JJJJJJJJJJJJJJJJJJJJJJJJJ
JJJJJJJJJJJJJJJJJJJJJJJJJ
Case #31: 
DDDDDDYYYYYYYYYYYYYYYYYYY
DDDDDDYYYYYYYYYYYYYYYYYYY
DDDDDDYYYYYYYYYYYYYYYYYYY
DDDDDDYYYYYYYYYYYYYYYYYYY
DDDDDDYYYYYYYYYYYYYYYYYYY
DDDDDDYYYYYYYYYYYYYYYYYYY
DDDDDDYYYYYYYYYYYYYYYYYYY
DDDDDDYYYYYYYYYYYYYYYYYYY
DDDDDDYYYYYYYYYYYYYYYYYYY
DDDDDDYYYYYYYYYYYYYYYYYYY
DDDDDDYYYYYYYYYYYYYYYYYYY
DDDDDDYYYYYYYYYYYYYYYYYYY
DDDDDDYYYYYYYYYYYYYYYYYYY
DDDDDDYYYYYYYYYYYYYYYYYYY
DDDDDDYYYYYYYYYYYYYYYYYYY
KKKKKKKEEEEEEEEEEEEEEEEEE
JJJCRNNNNNNNNNNNNNNNNNNNN
ZZZZWWWWWWWWWWWWWWWWWWWWW
PPPPVFFFMHHHHHHHHHHHHHHHH
LLLSSSOOGGGGGGGGGGGGGGGGG
AAAAABIIIIIIIIIIIIIIIIIII
TTTTUQQQQQQQQQQQQQQQQQQQQ
XXXXXXXXXXXXXXXXXXXXXXXXX
XXXXXXXXXXXXXXXXXXXXXXXXX
XXXXXXXXXXXXXXXXXXXXXXXXX
Case #32: 
PYYYCCCCCCCCCCCCCCCCCCCCC
PYYYCCCCCCCCCCCCCCCCCCCCC
XXXXZZZZZZZZZZZZZZZZZZZZZ
KKKKKKKKKKKKKKKKKKKKKKKKK
GGGGGGGGGGGGGGGGGGGGGGGGG
LLLLLLLLLLLLLDDDDDDDDDDDD
WWWWWWWWWWWWWWWWWWWWWWWWW
WWWWWWWWWWWWWWWWWWWWWWWWW
WWWWWWWWWWWWWWWWWWWWWWWWW
WWWWWWWWWWWWWWWWWWWWWWWWW
EEETTTTTTTTTTTTTTTTTTTTTT
NNNNNNNNNNNNNNNNNNNNNNNNN
NNNNNNNNNNNNNNNNNNNNNNNNN
NNNNNNNNNNNNNNNNNNNNNNNNN
FFFFFFFFFFFFFFFFFFFFFFFFF
VVVVVVVVVVVVVVVQQQQQQQQQQ
VVVVVVVVVVVVVVVQQQQQQQQQQ
VVVVVVVVVVVVVVVQQQQQQQQQQ
BBBBBBBBBBBBBBBBBUUURRRRR
OOOOOOOJJJSSSSSSSSSSSSSSS
HHHHHHHHHHHHHIIIIIIIIIIII
AAAAAAAAAAAAAAAAAAAAAAAAA
AAAAAAAAAAAAAAAAAAAAAAAAA
AAAAAAAAAAAAAAAAAAAAAAAAA
MMMMMMMMMMMMMMMMMMMMMMMMM
Case #33: 
AAAAAAAAAAAAAAAAAAABBBBBB
AAAAAAAAAAAAAAAAAAABBBBBB
AAAAAAAAAAAAAAAAAAABBBBBB
AAAAAAAAAAAAAAAAAAABBBBBB
AAAAAAAAAAAAAAAAAAABBBBBB
AAAAAAAAAAAAAAAAAAABBBBBB
AAAAAAAAAAAAAAAAAAABBBBBB
AAAAAAAAAAAAAAAAAAABBBBBB
AAAAAAAAAAAAAAAAAAABBBBBB
AAAAAAAAAAAAAAAAAAABBBBBB
AAAAAAAAAAAAAAAAAAABBBBBB
AAAAAAAAAAAAAAAAAAABBBBBB
AAAAAAAAAAAAAAAAAAABBBBBB
AAAAAAAAAAAAAAAAAAABBBBBB
AAAAAAAAAAAAAAAAAAABBBBBB
AAAAAAAAAAAAAAAAAAABBBBBB
AAAAAAAAAAAAAAAAAAABBBBBB
AAAAAAAAAAAAAAAAAAABBBBBB
AAAAAAAAAAAAAAAAAAABBBBBB
AAAAAAAAAAAAAAAAAAABBBBBB
CCCCCCCCCCCCCCCCCCCCCCCCC
DDDDDDDDDDDDDDDDDDDDDDDDD
EEEEEEEEEEEEEEEEEEEEEEEEE
EEEEEEEEEEEEEEEEEEEEEEEEE
EEEEEEEEEEEEEEEEEEEEEEEEE
Case #34: 
AAAAAAAAAAAAAAAAAAAAAAAAA
BBBBBBBBBBBBBBBBBBBBBBBBB
CCCCCCCCCCCCCCCCCCCCCCCCC
DDDDDDDDDDDDDDDDDDDDDDDDD
EEEEEEEEEEEEEEEEEEEEEEEEE
FFFFFFFFFFFFFFFFFFFFFFFFF
GGGGGGGGGGGGGGGGGGGGGGGGG
HHHHHHHHHHHHHHHHHHHHHHHHH
IIIIIIIIIIIIIIIIIIIIIIIII
JJJJJJJJJJJJJJJJJJJJJJJJJ
KKKKKKKKKKKKKKKKKKKKKKKKK
LLLLLLLLLLLLLLLLLLLLLLLLL
MMMMMMMMMMMMMMMMMMMMMMMMM
NNNNNNNNNNNNNNNNNNNNNNNNN
OOOOOOOOOOOOOOOOOOOOOOOOO
PPPPPPPPPPPPPPPPPPPPPPPPP
QQQQQQQQQQQQQQQQQQQQQQQQQ
RRRRRRRRRRRRRRRRRRRRRRRRR
SSSSSSSSSSSSSSSSSSSSSSSSS
TTTTTTTTTTTTTTTTTTTTTTTTT
UUUUUUUUUUUUUUUUUUUUUUUUU
VVVVVVVVVVVVVVVVVVVVVVVVV
WWWWWWWWWWWWWWWWWWWWWWWWW
XXXXXXXXXXXXXXXXXXXXXXXXX
YYYYYYYYYYYYYYYYYYYYYYYYY
Case #35: 
LLLLLLLLLLLLLLLLLLLLLLLLL
LLLLLLLLLLLLLLLLLLLLLLLLL
YYYYYYYYYYYYYYYYYYYYYYYYY
YYYYYYYYYYYYYYYYYYYYYYYYY
KKKKKKKKKKKKKJJJJJJJJJJJJ
UUUUUUUUUUEEEEEEEEEEEEEEE
SSSSSSSSSSSSSSSSSSSSSGGGG
VVVVVVVVVVVVVVVVVVVVVVVVV
QQDDDDDDDDDDDDDCCCCCCCCCC
WWWWWWWWWWWWWWWWWWWWWWWWW
IIIIMMMMMMMMMMMMMMMMMMMMM
NNNNNNNNNNNNNNNNNNNNNNNNN
NNNNNNNNNNNNNNNNNNNNNNNNN
NNNNNNNNNNNNNNNNNNNNNNNNN
NNNNNNNNNNNNNNNNNNNNNNNNN
ZPPPPPPPPPPPPPPPPPPPPPPPP
ZPPPPPPPPPPPPPPPPPPPPPPPP
BBBBBBOOOOOOTTTTTTTTTTTTT
BBBBBBOOOOOOTTTTTTTTTTTTT
XXXHHHHHHHHHHHHHHHHHHHHHH
XXXHHHHHHHHHHHHHHHHHHHHHH
RRRRRRRRRRRRRRRRRRRRRRRRR
FFFFFFFFFFFFFFFFFFFFFFFFF
AAAAAAAAAAAAAAAAAAAAAAAAA
AAAAAAAAAAAAAAAAAAAAAAAAA
Case #36: 
ABBCCDDEEFFGGHHIIJJKKLLMM
NNOOPPQQRRSSTTUUVVWWXXYYY
ZZZZZZZZZZZZZZZZZZZZZZZZZ
ZZZZZZZZZZZZZZZZZZZZZZZZZ
ZZZZZZZZZZZZZZZZZZZZZZZZZ
ZZZZZZZZZZZZZZZZZZZZZZZZZ
ZZZZZZZZZZZZZZZZZZZZZZZZZ
ZZZZZZZZZZZZZZZZZZZZZZZZZ
ZZZZZZZZZZZZZZZZZZZZZZZZZ
ZZZZZZZZZZZZZZZZZZZZZZZZZ
ZZZZZZZZZZZZZZZZZZZZZZZZZ
ZZZZZZZZZZZZZZZZZZZZZZZZZ
ZZZZZZZZZZZZZZZZZZZZZZZZZ
ZZZZZZZZZZZZZZZZZZZZZZZZZ
ZZZZZZZZZZZZZZZZZZZZZZZZZ
ZZZZZZZZZZZZZZZZZZZZZZZZZ
ZZZZZZZZZZZZZZZZZZZZZZZZZ
ZZZZZZZZZZZZZZZZZZZZZZZZZ
ZZZZZZZZZZZZZZZZZZZZZZZZZ
ZZZZZZZZZZZZZZZZZZZZZZZZZ
ZZZZZZZZZZZZZZZZZZZZZZZZZ
ZZZZZZZZZZZZZZZZZZZZZZZZZ
ZZZZZZZZZZZZZZZZZZZZZZZZZ
ZZZZZZZZZZZZZZZZZZZZZZZZZ
ZZZZZZZZZZZZZZZZZZZZZZZZZ
Case #37: 
KKKKKKKKKKKKKKKKKKKKKKKKK
KKKKKKKKKKKKKKKKKKKKKKKKK
KKKKKKKKKKKKKKKKKKKKKKKKK
KKKKKKKKKKKKKKKKKKKKKKKKK
KKKKKKKKKKKKKKKKKKKKKKKKK
KKKKKKKKKKKKKKKKKKKKKKKKK
KKKKKKKKKKKKKKKKKKKKKKKKK
KKKKKKKKKKKKKKKKKKKKKKKKK
KKKKKKKKKKKKKKKKKKKKKKKKK
XXXXXXXXXXXXXXXXXXXXXXXXX
XXXXXXXXXXXXXXXXXXXXXXXXX
FFFFFFFFFFFFFFFFFFFHHMMMM
CCCCCCCCCCCCCCCCCCCCCCCCC
AAAAAAAAAAAAAAAAAAZZZSOOO
BBBBBBBBBBBBBBBBBBBBLLLLL
GGGGGGGGGGGGGGGTTTTTTTTTT
UUUUUUUUUUUUUUUUUUUUUUUUU
EEEEEEEEEEEEEEEEEEYYYRRRR
PPPPPPPPPPPPPPPPPPPPPPPPP
NNNNNNNNNNNNNNNNNNWJIDDDD
QQQQQQQQQQQQQQQQQQQQQQQQQ
VVVVVVVVVVVVVVVVVVVVVVVVV
VVVVVVVVVVVVVVVVVVVVVVVVV
VVVVVVVVVVVVVVVVVVVVVVVVV
VVVVVVVVVVVVVVVVVVVVVVVVV
Case #38: 
AAAAAAACCCCCCCCCCCCCCCCCC
AAAAAAACCCCCCCCCCCCCCCCCC
AAAAAAACCCCCCCCCCCCCCCCCC
AAAAAAACCCCCCCCCCCCCCCCCC
AAAAAAACCCCCCCCCCCCCCCCCC
AAAAAAACCCCCCCCCCCCCCCCCC
AAAAAAACCCCCCCCCCCCCCCCCC
EEEEEEEEEEEEEEEEEEEEEEEEE
EEEEEEEEEEEEEEEEEEEEEEEEE
EEEEEEEEEEEEEEEEEEEEEEEEE
EEEEEEEEEEEEEEEEEEEEEEEEE
BBBBBBBDDDDDDDDDDDDDDDDDD
BBBBBBBDDDDDDDDDDDDDDDDDD
FFFFFFFFFFFFFFFFGGGGGGGGG
HHHHHHHHHHHHHHHHHHHHHHHHH
IIIIIIIIIIIIIIIIIIIIIIIII
JJJJJJJJJJJJJJJJJJJJJJJJJ
JJJJJJJJJJJJJJJJJJJJJJJJJ
JJJJJJJJJJJJJJJJJJJJJJJJJ
JJJJJJJJJJJJJJJJJJJJJJJJJ
JJJJJJJJJJJJJJJJJJJJJJJJJ
JJJJJJJJJJJJJJJJJJJJJJJJJ
JJJJJJJJJJJJJJJJJJJJJJJJJ
JJJJJJJJJJJJJJJJJJJJJJJJJ
JJJJJJJJJJJJJJJJJJJJJJJJJ
Case #39: 
SSSCCCHHHHHHHHHHHHHHHHHHH
DDDDDDDDDDDDMMMMMMMMMMMMM
TTTTTTTTTTTTTTTTTTTTTTTTT
JJJJJJRRRRRRRRRRRRRRRRRRR
JJJJJJRRRRRRRRRRRRRRRRRRR
LLLLLLLLLLLLLLLLLLLLLLLLL
LLLLLLLLLLLLLLLLLLLLLLLLL
LLLLLLLLLLLLLLLLLLLLLLLLL
LLLLLLLLLLLLLLLLLLLLLLLLL
KKKKKKKKKKKKKKKKKKKKKKKKK
XXXXXXXXXXXXXXXXXXXXXXXXX
VVIIIIIIIZZZZZZZZZZZZZZZZ
GGGGGGGGGGGGGGGGGGGGGGGGG
WWWWWWWWWWWWWWWWWWWWWWWWW
YYYYYYYYYYYYYYYYYYYYYYYYY
NNNNNNNNNNNNNNNNNNNNNNNNN
NNNNNNNNNNNNNNNNNNNNNNNNN
BBBBBBBBBBBBBBBBBBBBBBBBB
PPPPPPPPPPPPPPPPPPPPPPPPP
UUUUUUUUUUUUUUUUUUUUUUUUU
UUUUUUUUUUUUUUUUUUUUUUUUU
QQQQQQQQAAAAAAAAAAAAAAAAA
FFFFFFFFFFFFFFFFFFFFFFFFF
EEEEEEEEEEEEEEEEEEEEEEEEE
OOOOOOOOOOOOOOOOOOOOOOOOO
Case #40: 
BTTKM
QSRPJ
VADLL
WHFUE
CIOGN
Case #41: 
AAAAAAACCCCCCCCCCCCCCCCCC
AAAAAAACCCCCCCCCCCCCCCCCC
AAAAAAACCCCCCCCCCCCCCCCCC
AAAAAAACCCCCCCCCCCCCCCCCC
AAAAAAACCCCCCCCCCCCCCCCCC
AAAAAAACCCCCCCCCCCCCCCCCC
AAAAAAACCCCCCCCCCCCCCCCCC
AAAAAAACCCCCCCCCCCCCCCCCC
AAAAAAACCCCCCCCCCCCCCCCCC
AAAAAAACCCCCCCCCCCCCCCCCC
AAAAAAACCCCCCCCCCCCCCCCCC
AAAAAAACCCCCCCCCCCCCCCCCC
AAAAAAACCCCCCCCCCCCCCCCCC
EEEEEEEEEEEEEEEEEEEEEEEEE
EEEEEEEEEEEEEEEEEEEEEEEEE
EEEEEEEEEEEEEEEEEEEEEEEEE
EEEEEEEEEEEEEEEEEEEEEEEEE
BBBBBBBDDDDDDDDDDDDDDDDDD
BBBBBBBDDDDDDDDDDDDDDDDDD
BBBBBBBDDDDDDDDDDDDDDDDDD
BBBBBBBDDDDDDDDDDDDDDDDDD
BBBBBBBDDDDDDDDDDDDDDDDDD
BBBBBBBDDDDDDDDDDDDDDDDDD
BBBBBBBDDDDDDDDDDDDDDDDDD
BBBBBBBDDDDDDDDDDDDDDDDDD
Case #42: 
ABCDEFGHIJKLMNOPQRSTUVWXY
ABCDEFGHIJKLMNOPQRSTUVWXY
ABCDEFGHIJKLMNOPQRSTUVWXY
ABCDEFGHIJKLMNOPQRSTUVWXY
ABCDEFGHIJKLMNOPQRSTUVWXY
ABCDEFGHIJKLMNOPQRSTUVWXY
ABCDEFGHIJKLMNOPQRSTUVWXY
ABCDEFGHIJKLMNOPQRSTUVWXY
ABCDEFGHIJKLMNOPQRSTUVWXY
ABCDEFGHIJKLMNOPQRSTUVWXY
ABCDEFGHIJKLMNOPQRSTUVWXY
ABCDEFGHIJKLMNOPQRSTUVWXY
ABCDEFGHIJKLMNOPQRSTUVWXY
ABCDEFGHIJKLMNOPQRSTUVWXY
ABCDEFGHIJKLMNOPQRSTUVWXY
ABCDEFGHIJKLMNOPQRSTUVWXY
ABCDEFGHIJKLMNOPQRSTUVWXY
ABCDEFGHIJKLMNOPQRSTUVWXY
ABCDEFGHIJKLMNOPQRSTUVWXY
ABCDEFGHIJKLMNOPQRSTUVWXY
ABCDEFGHIJKLMNOPQRSTUVWXY
ABCDEFGHIJKLMNOPQRSTUVWXY
ABCDEFGHIJKLMNOPQRSTUVWXY
ABCDEFGHIJKLMNOPQRSTUVWXY
ABCDEFGHIJKLMNOPQRSTUVWXY
Case #43: 
VVVVVVVVVVVVVVVVVVVVVVVVV
VVVVVVVVVVVVVVVVVVVVVVVVV
VVVVVVVVVVVVVVVVVVVVVVVVV
VVVVVVVVVVVVVVVVVVVVVVVVV
VVVVVVVVVVVVVVVVVVVVVVVVV
VVVVVVVVVVVVVVVVVVVVVVVVV
VVVVVVVVVVVVVVVVVVVVVVVVV
VVVVVVVVVVVVVVVVVVVVVVVVV
VVVVVVVVVVVVVVVVVVVVVVVVV
VVVVVVVVVVVVVVVVVVVVVVVVV
VVVVVVVVVVVVVVVVVVVVVVVVV
VVVVVVVVVVVVVVVVVVVVVVVVV
VVVVVVVVVVVVVVVVVVVVVVVVV
VVVVVVVVVVVVVVVVVVVVVVVVV
VVVVVVVVVVVVVVVVVVVVVVVVV
VVVVVVVVVVVVVVVVVVVVVVVVV
VVVVVVVVVVVVVVVVVVVVVVVVV
HHHHHHHHHHHHHHHHHHHHHHHHH
MMMMMMMEEEEEEEEEEEEEEEEEE
JJJBBBBRRRRRRRRRRRRRRRRRR
AAGGKXUUQTSSSSSSSSSSSSSSS
IIIOOWYYNNNNNNNNNNNNNNNNN
PPPDDDLLLLLLLLLLLLLLLLLLL
ZZZZZZZZZZZZZZZZZZZZZZZZZ
FFFFFCCCCCCCCCCCCCCCCCCCC
Case #44: 
AAAAAAAAAAAAAAAAAAAAAAAAA
BBBBBBBBBBBBBBBBBBBBBBBBB
CCCCCCCCCCCCCCCCCCCCCCCCC
DDDDDDDDDDDDDDDDDDDDDDDDD
EEEEEEEEEEEEEEEEEEEEEEEEE
FFFFFFFFFFFFFFFFFFFFFFFFF
GGGGGGGGGGGGGGGGGGGGGGGGG
HHHHHHHHHHHHHHHHHHHHHHHHH
IIIIIIIIIIIIIIIIIIIIIIIII
JJJJJJJJJJJJJJJJJJJJJJJJJ
KKKKKKKKKKKKKKKKKKKKKKKKK
LLLLLLLLLLLLLLLLLLLLLLLLL
MMMMMMMMMMMMMMMMMMMMMMMMM
NNNNNNNNNNNNNNNNNNNNNNNNN
OOOOOOOOOOOOOOOOOOOOOOOOO
PPPPPPPPPPPPPPPPPPPPPPPPP
QQQQQQQQQQQQQQQQQQQQQQQQQ
RRRRRRRRRRRRRRRRRRRRRRRRR
SSSSSSSSSSSSSSSSSSSSSSSSS
TTTTTTTTTTTTTTTTTTTTTTTTT
UUUUUUUUUUUUUUUUUUUUUUUUU
VVVVVVVVVVVVVVVVVVVVVVVVV
WWWWWWWWWWWWWWWWWWWWWWWWW
XXXXXXXXXXXXXXXXXXXXXXXXX
YYYYYYYYYYYYYYYYYYYYYYYYY
Case #45: 
ABCDEFGHIJKLMNOPQRSTUVWXY
ABCDEFGHIJKLMNOPQRSTUVWXY
ABCDEFGHIJKLMNOPQRSTUVWXY
ABCDEFGHIJKLMNOPQRSTUVWXY
ABCDEFGHIJKLMNOPQRSTUVWXY
ABCDEFGHIJKLMNOPQRSTUVWXY
ABCDEFGHIJKLMNOPQRSTUVWXY
ABCDEFGHIJKLMNOPQRSTUVWXY
ABCDEFGHIJKLMNOPQRSTUVWXY
ABCDEFGHIJKLMNOPQRSTUVWXY
ABCDEFGHIJKLMNOPQRSTUVWXY
ABCDEFGHIJKLMNOPQRSTUVWXY
ABCDEFGHIJKLMNOPQRSTUVWXY
ABCDEFGHIJKLMNOPQRSTUVWXY
ABCDEFGHIJKLMNOPQRSTUVWXY
ABCDEFGHIJKLMNOPQRSTUVWXY
ABCDEFGHIJKLMNOPQRSTUVWXY
ABCDEFGHIJKLMNOPQRSTUVWXY
ABCDEFGHIJKLMNOPQRSTUVWXY
ABCDEFGHIJKLMNOPQRSTUVWXY
ABCDEFGHIJKLMNOPQRSTUVWXY
ABCDEFGHIJKLMNOPQRSTUVWXY
ABCDEFGHIJKLMNOPQRSTUVWXY
ABCDEFGHIJKLMNOPQRSTUVWXY
ABCDEFGHIJKLMNOPQRSTUVWXY
Case #46: 
YYYYYYYYYYYYYYYYYYYYYYYYY
YYYYYYYYYYYYYYYYYYYYYYYYY
YYYYYYYYYYYYYYYYYYYYYYYYY
YYYYYYYYYYYYYYYYYYYYYYYYY
NNNNNNNNNNNNNNNNNNVVVVVVV
NNNNNNNNNNNNNNNNNNVVVVVVV
PPZZZZZZZZZZZZZZZZZZZZZZZ
HHHHHHHHHHHHHHHHHHHHHHHHH
HHHHHHHHHHHHHHHHHHHHHHHHH
MMMMMMMMMMMMMMMMMMMMMMMMM
UUUUUUUUUUUUUUUUUUUUUUUUU
TTTTXXXXXXXXXXLLLLLLRRRRR
QQQQQQQQQQQQQQQQQQQQQQQQQ
QQQQQQQQQQQQQQQQQQQQQQQQQ
CCCCCCCCCCCCCCCCCCCCCCCCC
DDDDDDDDDDDDDDDDDDDDDDDDD
WWWWWWWWWWWWEEEEEEEEEEEEE
JJJKKKKKKKKKKKKKKKKKKKKKK
JJJKKKKKKKKKKKKKKKKKKKKKK
SSSSSSSSSSSSSSSSSSSSSSSSS
SSSSSSSSSSSSSSSSSSSSSSSSS
GGGGGGGGGGGGGGGGGGGGBBBBB
FFFFFFFFFFFFFFFFFFFFFFFFF
OOOOOOOOAAAAAAAAAAAAAAAAA
IIIIIIIIIIIIIIIIIIIIIIIII
Case #47: 
AAAAAAAAAAAAABBBBBBBBBBBB
AAAAAAAAAAAAABBBBBBBBBBBB
AAAAAAAAAAAAABBBBBBBBBBBB
AAAAAAAAAAAAABBBBBBBBBBBB
AAAAAAAAAAAAABBBBBBBBBBBB
AAAAAAAAAAAAABBBBBBBBBBBB
AAAAAAAAAAAAABBBBBBBBBBBB
AAAAAAAAAAAAABBBBBBBBBBBB
AAAAAAAAAAAAABBBBBBBBBBBB
AAAAAAAAAAAAABBBBBBBBBBBB
AAAAAAAAAAAAABBBBBBBBBBBB
AAAAAAAAAAAAABBBBBBBBBBBB
AAAAAAAAAAAAABBBBBBBBBBBB
AAAAAAAAAAAAABBBBBBBBBBBB
AAAAAAAAAAAAABBBBBBBBBBBB
AAAAAAAAAAAAABBBBBBBBBBBB
AAAAAAAAAAAAABBBBBBBBBBBB
AAAAAAAAAAAAABBBBBBBBBBBB
AAAAAAAAAAAAABBBBBBBBBBBB
AAAAAAAAAAAAABBBBBBBBBBBB
AAAAAAAAAAAAABBBBBBBBBBBB
AAAAAAAAAAAAABBBBBBBBBBBB
CCCCCCCCCCCCCCCCCCCCCCCCC
DDDDDDDDDDDDDDDDDDDDDDDDD
EEEEEEEEEEEEEEEEEEEEEEEEE
Case #48: 
HHHHHHHHHHHHHHHHHHHHHHHHH
HHHHHHHHHHHHHHHHHHHHHHHHH
EEEEEEEEEEIIIIIIIIIIIIIII
NNNNNNNNNNNNNNNNNNNNNNNNN
NNNNNNNNNNNNNNNNNNNNNNNNN
UUUUUUUUUVVVVVVCZZZZZZZZZ
AAAAAAAAAAAAAAAAAAAAAAAAA
RRBBBBBBBBBBBBBBBBBBBBBBB
RRBBBBBBBBBBBBBBBBBBBBBBB
RRBBBBBBBBBBBBBBBBBBBBBBB
RRBBBBBBBBBBBBBBBBBBBBBBB
LLSSSSSSSSSSSSSSSSSPPPPPP
LLSSSSSSSSSSSSSSSSSPPPPPP
YYYYYYYYYYYYYYYYYYYYYYYYY
YYYYYYYYYYYYYYYYYYYYYYYYY
YYYYYYYYYYYYYYYYYYYYYYYYY
FFFKKKKKKKKGGGGGGGGGGGGGG
FFFKKKKKKKKGGGGGGGGGGGGGG
JJJJJJJJJJJJJJJJJJJOOOOOO
XXXXXXXXXXXXXXXXXXXXXXXXX
XXXXXXXXXXXXXXXXXXXXXXXXX
TTTTTTTTTTTTTTTTTTTTTTTTT
DDDDDDDDDDDDDDDDDDDDMMMMM
DDDDDDDDDDDDDDDDDDDDMMMMM
QQWWWWWWWWWWWWWWWWWWWWWWW
Case #49: 
AAAAAAAAAAAAAAAAAAAAAAAAA
BBBBBBBBBBBBBBBBBBBBBBBBB
CCCCCCCCCCCCCCCCCCCCCCCCC
DDDDDDDDDDDDDDDDDDDDDDDDD
EEEEEEEEEEEEEEEEEEEEEEEEE
FFFFFFFFFFFFFFFFFFFFFFFFF
GGGGGGGGGGGGGGGGGGGGGGGGG
HHHHHHHHHHHHHHHHHHHHHHHHH
IIIIIIIIIIIIIIIIIIIIIIIII
JJJJJJJJJJJJJJJJJJJJJJJJJ
KKKKKKKKKKKKKKKKKKKKKKKKK
LLLLLLLLLLLLLLLLLLLLLLLLL
MMMMMMMMMMMMMMMMMMMMMMMMM
NNNNNNNNNNNNNNNNNNNNNNNNN
OOOOOOOOOOOOOOOOOOOOOOOOO
PPPPPPPPPPPPPPPPPPPPPPPPP
QQQQQQQQQQQQQQQQQQQQQQQQQ
RRRRRRRRRRRRRRRRRRRRRRRRR
SSSSSSSSSSSSSSSSSSSSSSSSS
TTTTTTTTTTTTTTTTTTTTTTTTT
UUUUUUUUUUUUUUUUUUUUUUUUU
VVVVVVVVVVVVVVVVVVVVVVVVV
WWWWWWWWWWWWWWWWWWWWWWWWW
XXXXXXXXXXXXXXXXXXXXXXXXX
YYYYYYYYYYYYYYYYYYYYYYYYY
Case #50: 
D
D
D
D
D
B
B
B
C
A
K
K
K
G
I
L
L
H
H
E
F
J
J
J
M
Case #51: 
PPPPPPPPPPPPPPPPPPPPPPPPP
RRRRRRRRRRRRRFFTTTTTTTTTT
WWWWWWWWWWWWWWWWWWWWWWWWW
WWWWWWWWWWWWWWWWWWWWWWWWW
WWWWWWWWWWWWWWWWWWWWWWWWW
QQQQQQQQQQQQQQQQQQQQQQQQQ
NNNNNNNNNNNNNNNNNNNNNNNNN
BBBBBBBBBBBBBBBBBBBBBBBBB
CCCCCCCCCCCCCCCCCCCCCCCCC
YYYYYYYYYYYYYYYYYYYYYYYYY
HHHHHHHHHHHHHHHHHHHIIIIII
HHHHHHHHHHHHHHHHHHHIIIIII
HHHHHHHHHHHHHHHHHHHIIIIII
HHHHHHHHHHHHHHHHHHHIIIIII
SSSSSSSSSSSSSSSSSSSSSSSSS
SSSSSSSSSSSSSSSSSSSSSSSSS
DDDDDDDDDDDDDDDDDDDDDDDDD
JJJGGGGGGGGGGGGGGGGGGGGGG
JJJGGGGGGGGGGGGGGGGGGGGGG
LLLLLLLLLLLLLLLLLLLLLLLLL
MMMMMMMMMMMMMMMMMMMMMMMMM
KKKKKKKKKKKKKKKKKKKKKKKKK
ZZZVVVVVVVVVVVVVVVVVVVVVV
OOOOXXXXXXXXXXXXXXUUUUUUU
EEEEEEEEEEEAAAAAAAAAAAAAA
Case #52: 
TTTTTTTTTTTTTVVVYYYYYYYYY
ZZZZZZZZZZZJJJJJJJJJJJJJJ
FFFFFFFFFBBCCXXEQQQQQQQQQ
WWWWWWWWWWWWOOOOOOOOOOOOO
PPPPPPPPPPPPPPPPPPPUUUUUU
SSSSSSSSSSSSSSSSSSSSSSSSS
MMMMMMMMMMMMKKKKKKKKKKKKK
HHHHHHHHHHHHHHHHHHHHHHHHH
LLLLLLLLLLLLLLRIIIIIIIIII
GGGGGGGGGGGGGNAAAAAAAAAAA
GGGGGGGGGGGGGNAAAAAAAAAAA
DDDDDDDDDDDDDDDDDDDDDDDDD
DDDDDDDDDDDDDDDDDDDDDDDDD
DDDDDDDDDDDDDDDDDDDDDDDDD
DDDDDDDDDDDDDDDDDDDDDDDDD
DDDDDDDDDDDDDDDDDDDDDDDDD
DDDDDDDDDDDDDDDDDDDDDDDDD
DDDDDDDDDDDDDDDDDDDDDDDDD
DDDDDDDDDDDDDDDDDDDDDDDDD
DDDDDDDDDDDDDDDDDDDDDDDDD
DDDDDDDDDDDDDDDDDDDDDDDDD
DDDDDDDDDDDDDDDDDDDDDDDDD
DDDDDDDDDDDDDDDDDDDDDDDDD
DDDDDDDDDDDDDDDDDDDDDDDDD
DDDDDDDDDDDDDDDDDDDDDDDDD
Case #53: 
CD
AB
Case #54: 
ABBB
CCCC
DDEE
Case #55: 
EEEEEEEEEEEEAAAAAAAAAAAAA
VVVVVVSSSSSSSSSSSSSSSSSKK
FFFFFFFFFFFFFFFFPPPPPPPPP
WWWWWWWWWWWWWWWWWWWWWWWWW
DDDDDDDDDDDDDDDDDDDDDDDDD
DDDDDDDDDDDDDDDDDDDDDDDDD
XXXXXXXXXXXXXXXXXXXXXXXXX
UUUUUUUUUUUUUUUUUUUUUUUUU
UUUUUUUUUUUUUUUUUUUUUUUUU
MMMMMMMMMMMMMMMMMMMMMMMMM
ZZZZZZZZZZZJJJJJJJJJJJJJJ
GGGGGNNNNNNNOOOOOOOOOOOOO
RRRRRRRRRRRRRRRRRRRRRRRRR
RRRRRRRRRRRRRRRRRRRRRRRRR
YYYTTTTHHHHHHHHHHHHHHHHHH
CCCCCCCCCCCCCCCCCCCCCCCCC
CCCCCCCCCCCCCCCCCCCCCCCCC
CCCCCCCCCCCCCCCCCCCCCCCCC
BBBBBBBBBBBBBBBBBBBBBBBBB
BBBBBBBBBBBBBBBBBBBBBBBBB
BBBBBBBBBBBBBBBBBBBBBBBBB
IIIIIIIIIIIIIIIIIIIIIIIII
IIIIIIIIIIIIIIIIIIIIIIIII
QQQQQQQQQQQQQQQQQQQQQQQQQ
LLLLLLLLLLLLLLLLLLLLLLLLL
Case #56: 
AAAAAAABBBBBBBBBBBBBBBBBB
AAAAAAABBBBBBBBBBBBBBBBBB
AAAAAAABBBBBBBBBBBBBBBBBB
CCCCCCCCCCCCCCCCCCCCCCCCC
DDDDDDDDDDDDDDDDDDDDDDDDD
EEEEEEEEEEEEEEEEEEEEEEEEE
EEEEEEEEEEEEEEEEEEEEEEEEE
EEEEEEEEEEEEEEEEEEEEEEEEE
EEEEEEEEEEEEEEEEEEEEEEEEE
EEEEEEEEEEEEEEEEEEEEEEEEE
EEEEEEEEEEEEEEEEEEEEEEEEE
EEEEEEEEEEEEEEEEEEEEEEEEE
EEEEEEEEEEEEEEEEEEEEEEEEE
EEEEEEEEEEEEEEEEEEEEEEEEE
EEEEEEEEEEEEEEEEEEEEEEEEE
EEEEEEEEEEEEEEEEEEEEEEEEE
EEEEEEEEEEEEEEEEEEEEEEEEE
EEEEEEEEEEEEEEEEEEEEEEEEE
EEEEEEEEEEEEEEEEEEEEEEEEE
FFFFFFFFFFFFFHHHHHHHHHHHH
JJJJJJJJJJJJJJJJJJJJJJJJJ
JJJJJJJJJJJJJJJJJJJJJJJJJ
JJJJJJJJJJJJJJJJJJJJJJJJJ
JJJJJJJJJJJJJJJJJJJJJJJJJ
GGGGGGGGGGGGGIIIIIIIIIIII
Case #57: 
BBBBBBBBBBBBBBBBBBBBBBBBB
BBBBBBBBBBBBBBBBBBBBBBBBB
BBBBBBBBBBBBBBBBBBBBBBBBB
CCCCCCCCCCCCCCCCCCCCCCCCC
CCCCCCCCCCCCCCCCCCCCCCCCC
PPPPPPPPPPPNNNNNNNNNNNNNN
PPPPPPPPPPPNNNNNNNNNNNNNN
GGGGGGGGGGGGGGGGGGGGGGGGG
YYYYYYYURRRRRRRRRRRRRRRRR
YYYYYYYURRRRRRRRRRRRRRRRR
ZZZZZZZZZZZZZWLLLLLLLLLLL
AAAAAAAAAAAAAAAAAAAHHHHHH
OOOOOOOOOOOOOOOOOOOOFFFFF
MMMMMMMMMMMMMMMMMMMMMMMMM
JJJJJJJJJJJJJJJJJJJJJJJJJ
DDTTTTTTTTTTTTTTTTTTTTTTT
EEEEEEEEEEEEEQQQQQQQQQQQQ
XXXXXXXXXXXXXXXXXXXXXXXXX
SSSSSSSSSSSSSSSSSSSSSSSSS
SSSSSSSSSSSSSSSSSSSSSSSSS
SSSSSSSSSSSSSSSSSSSSSSSSS
SSSSSSSSSSSSSSSSSSSSSSSSS
VVVVVVVVVVVVVVVVVVVVVVVVV
KKKKIIIIIIIIIIIIIIIIIIIII
KKKKIIIIIIIIIIIIIIIIIIIII
Case #58: 
GGGG
CCCC
FADD
EEHH
BBBB
BBBB
Case #59: 
AAACCCCCCCCCCCCCCCCCCCCCC
AAACCCCCCCCCCCCCCCCCCCCCC
AAACCCCCCCCCCCCCCCCCCCCCC
AAACCCCCCCCCCCCCCCCCCCCCC
AAACCCCCCCCCCCCCCCCCCCCCC
AAACCCCCCCCCCCCCCCCCCCCCC
AAACCCCCCCCCCCCCCCCCCCCCC
AAACCCCCCCCCCCCCCCCCCCCCC
AAACCCCCCCCCCCCCCCCCCCCCC
AAACCCCCCCCCCCCCCCCCCCCCC
AAACCCCCCCCCCCCCCCCCCCCCC
AAACCCCCCCCCCCCCCCCCCCCCC
EEEEEEEEEEEEEEEEEEEEEEEEE
EEEEEEEEEEEEEEEEEEEEEEEEE
EEEEEEEEEEEEEEEEEEEEEEEEE
EEEEEEEEEEEEEEEEEEEEEEEEE
BBBDDDDDDDDDDDDDDDDDDDDDD
BBBDDDDDDDDDDDDDDDDDDDDDD
BBBDDDDDDDDDDDDDDDDDDDDDD
BBBDDDDDDDDDDDDDDDDDDDDDD
BBBDDDDDDDDDDDDDDDDDDDDDD
BBBDDDDDDDDDDDDDDDDDDDDDD
BBBDDDDDDDDDDDDDDDDDDDDDD
BBBDDDDDDDDDDDDDDDDDDDDDD
BBBDDDDDDDDDDDDDDDDDDDDDD
Case #60: 
AAAAAAAAACCCCCCCCCCCCCCCC
AAAAAAAAACCCCCCCCCCCCCCCC
AAAAAAAAACCCCCCCCCCCCCCCC
AAAAAAAAACCCCCCCCCCCCCCCC
AAAAAAAAACCCCCCCCCCCCCCCC
AAAAAAAAACCCCCCCCCCCCCCCC
EEEEEEEEEEEEEEEEEEEEEEEEE
EEEEEEEEEEEEEEEEEEEEEEEEE
EEEEEEEEEEEEEEEEEEEEEEEEE
EEEEEEEEEEEEEEEEEEEEEEEEE
BBBBBBBBBDDDDDDDDDDDDDDDD
BBBBBBBBBDDDDDDDDDDDDDDDD
BBBBBBBBBDDDDDDDDDDDDDDDD
BBBBBBBBBDDDDDDDDDDDDDDDD
BBBBBBBBBDDDDDDDDDDDDDDDD
BBBBBBBBBDDDDDDDDDDDDDDDD
BBBBBBBBBDDDDDDDDDDDDDDDD
BBBBBBBBBDDDDDDDDDDDDDDDD
BBBBBBBBBDDDDDDDDDDDDDDDD
BBBBBBBBBDDDDDDDDDDDDDDDD
BBBBBBBBBDDDDDDDDDDDDDDDD
BBBBBBBBBDDDDDDDDDDDDDDDD
BBBBBBBBBDDDDDDDDDDDDDDDD
BBBBBBBBBDDDDDDDDDDDDDDDD
BBBBBBBBBDDDDDDDDDDDDDDDD
Case #61: 
AAAAAABBBBBBBBBBBBBBBBBBB
AAAAAABBBBBBBBBBBBBBBBBBB
AAAAAABBBBBBBBBBBBBBBBBBB
AAAAAABBBBBBBBBBBBBBBBBBB
AAAAAABBBBBBBBBBBBBBBBBBB
CCCCCCCCCCCCCCCCCCCCCCCCC
DDDDDDDDDDDDDDDDDDDDDDDDD
EEEEEEEEEEEEEEEEEEEEEEEEE
EEEEEEEEEEEEEEEEEEEEEEEEE
EEEEEEEEEEEEEEEEEEEEEEEEE
EEEEEEEEEEEEEEEEEEEEEEEEE
EEEEEEEEEEEEEEEEEEEEEEEEE
EEEEEEEEEEEEEEEEEEEEEEEEE
EEEEEEEEEEEEEEEEEEEEEEEEE
EEEEEEEEEEEEEEEEEEEEEEEEE
FFFFFFFFFFFFFFFFFFFFFFHHH
JJJJJJJJJJJJJJJJJJJJJJJJJ
JJJJJJJJJJJJJJJJJJJJJJJJJ
JJJJJJJJJJJJJJJJJJJJJJJJJ
JJJJJJJJJJJJJJJJJJJJJJJJJ
GGGGGGGGGGGGGGGGGGGGGGIII
GGGGGGGGGGGGGGGGGGGGGGIII
GGGGGGGGGGGGGGGGGGGGGGIII
GGGGGGGGGGGGGGGGGGGGGGIII
GGGGGGGGGGGGGGGGGGGGGGIII
Case #62: 
TTTTTTTTTTTUUUUUUUUUUUUU
TTTTTTTTTTTUUUUUUUUUUUUU
TTTTTTTTTTTUUUUUUUUUUUUU
TTTTTTTTTTTUUUUUUUUUUUUU
GGGGGGGGGGGGGGGGGGGGGGGG
MMMMMQQQQQQQQQQQQQQQQQQQ
VVVVVSSSSSSSSSSSSSSSSSSS
EEEEEEEEEEEEEEEEEEEEEEEE
EEEEEEEEEEEEEEEEEEEEEEEE
JJJJJJJJYYYYYYYYYYYYYYYY
JJJJJJJJYYYYYYYYYYYYYYYY
JJJJJJJJYYYYYYYYYYYYYYYY
AAAPPPPPPPPPPPPPPPPPPPPP
LLLLLLLLLLLLLLLLLLLLLLLL
CCCCCCCCCCCCCCCCCCCCCCCC
OOOOOOOOOOBBBBBBBBBBBBBB
WWWWWWWWWWWWNNNNNNNNNNNN
WWWWWWWWWWWWNNNNNNNNNNNN
XXXXXXXXXXXXXXXXXXXXXXXX
DHRRRRRRRRRRRRRRRRRRRRRR
IIIIIIIIIIIIIIIIIIKKKKKK
IIIIIIIIIIIIIIIIIIKKKKKK
IIIIIIIIIIIIIIIIIIKKKKKK
IIIIIIIIIIIIIIIIIIKKKKKK
FFFFFFFFFFFFFFFFFFFFFFFF
Case #63: 
ABCDEFGHIJKLMNOPQRSTUVWXY
ABCDEFGHIJKLMNOPQRSTUVWXY
ABCDEFGHIJKLMNOPQRSTUVWXY
ABCDEFGHIJKLMNOPQRSTUVWXY
ABCDEFGHIJKLMNOPQRSTUVWXY
ABCDEFGHIJKLMNOPQRSTUVWXY
ABCDEFGHIJKLMNOPQRSTUVWXY
ABCDEFGHIJKLMNOPQRSTUVWXY
ABCDEFGHIJKLMNOPQRSTUVWXY
ABCDEFGHIJKLMNOPQRSTUVWXY
ABCDEFGHIJKLMNOPQRSTUVWXY
ABCDEFGHIJKLMNOPQRSTUVWXY
ABCDEFGHIJKLMNOPQRSTUVWXY
ABCDEFGHIJKLMNOPQRSTUVWXY
ABCDEFGHIJKLMNOPQRSTUVWXY
ABCDEFGHIJKLMNOPQRSTUVWXY
ABCDEFGHIJKLMNOPQRSTUVWXY
ABCDEFGHIJKLMNOPQRSTUVWXY
ABCDEFGHIJKLMNOPQRSTUVWXY
ABCDEFGHIJKLMNOPQRSTUVWXY
ABCDEFGHIJKLMNOPQRSTUVWXY
ABCDEFGHIJKLMNOPQRSTUVWXY
ABCDEFGHIJKLMNOPQRSTUVWXY
ABCDEFGHIJKLMNOPQRSTUVWXY
ABCDEFGHIJKLMNOPQRSTUVWXY
Case #64: 
TTTTTTTTTTTTTTTTTTTTTTTTT
TTTTTTTTTTTTTTTTTTTTTTTTT
BBBBBBBBBBBBBBBBBBBBBBBBB
BBBBBBBBBBBBBBBBBBBBBBBBB
KKKKKKKKKKKXJJJJJJJJJJJJJ
NNNNNNNNNNNNNNNNNNNNNNNNN
AAAAAAAAAMZZZZZZZZZZZZZZZ
RRRRRRRRRRSSSSSSSSSSSSSSS
FFFFYYYYYDPPWWWWWWWWWWWWW
UUUUUUUUUUUQQVVVVVVVVVVVV
HHHHHHHECCCCCCCCCCCCCCCCC
LLLLLLLLIIIIIIIIIIIIIIIII
GGGGGGGGGGGGGGGGGGGGGGGGG
OOOOOOOOOOOOOOOOOOOOOOOOO
OOOOOOOOOOOOOOOOOOOOOOOOO
OOOOOOOOOOOOOOOOOOOOOOOOO
OOOOOOOOOOOOOOOOOOOOOOOOO
OOOOOOOOOOOOOOOOOOOOOOOOO
OOOOOOOOOOOOOOOOOOOOOOOOO
OOOOOOOOOOOOOOOOOOOOOOOOO
OOOOOOOOOOOOOOOOOOOOOOOOO
OOOOOOOOOOOOOOOOOOOOOOOOO
OOOOOOOOOOOOOOOOOOOOOOOOO
OOOOOOOOOOOOOOOOOOOOOOOOO
OOOOOOOOOOOOOOOOOOOOOOOOO
Case #65: 
GGGGGGGGGGGGGGGGGGGGGGGGG
GGGGGGGGGGGGGGGGGGGGGGGGG
GGGGGGGGGGGGGGGGGGGGGGGGG
GGGGGGGGGGGGGGGGGGGGGGGGG
GGGGGGGGGGGGGGGGGGGGGGGGG
GGGGGGGGGGGGGGGGGGGGGGGGG
GGGGGGGGGGGGGGGGGGGGGGGGG
GGGGGGGGGGGGGGGGGGGGGGGGG
GGGGGGGGGGGGGGGGGGGGGGGGG
GGGGGGGGGGGGGGGGGGGGGGGGG
GGGGGGGGGGGGGGGGGGGGGGGGG
GGGGGGGGGGGGGGGGGGGGGGGGG
GGGGGGGGGGGGGGGGGGGGGGGGG
GGGGGGGGGGGGGGGGGGGGGGGGG
OOOOOOOOOOOOOOOOOOOVVVVVV
HHHHHHHHHHHHHHHBBBBBBBBBB
TTTTTTTTTTTTTTTTTTTTTTTTT
PPPPPPPPPPPPPPAAAAAAAAAAA
RRRRRRRRRRRRXKKKKNNSSSMMM
ZZZZZZZZZZZZZZZZZZZZZZZZZ
LLLLLLLLLLLLLLLLFFFFFDDDD
CCCCCCCCCCCCCCEEEEIIIIIII
WWWWWWWWWWWWWYYJJJJJJJJJJ
UUUUUUUUUUUUUUUUUUUUUUUUU
QQQQQQQQQQQQQQQQQQQQQQQQQ
Case #66: 
AAA
AAA
AAA
DDB
EEC
Case #67: 
ABCDEFGHIJKLMNOPQRSTUVWXY
ABCDEFGHIJKLMNOPQRSTUVWXY
ABCDEFGHIJKLMNOPQRSTUVWXY
ABCDEFGHIJKLMNOPQRSTUVWXY
ABCDEFGHIJKLMNOPQRSTUVWXY
ABCDEFGHIJKLMNOPQRSTUVWXY
ABCDEFGHIJKLMNOPQRSTUVWXY
ABCDEFGHIJKLMNOPQRSTUVWXY
ABCDEFGHIJKLMNOPQRSTUVWXY
ABCDEFGHIJKLMNOPQRSTUVWXY
ABCDEFGHIJKLMNOPQRSTUVWXY
ABCDEFGHIJKLMNOPQRSTUVWXY
ABCDEFGHIJKLMNOPQRSTUVWXY
ABCDEFGHIJKLMNOPQRSTUVWXY
ABCDEFGHIJKLMNOPQRSTUVWXY
ABCDEFGHIJKLMNOPQRSTUVWXY
ABCDEFGHIJKLMNOPQRSTUVWXY
ABCDEFGHIJKLMNOPQRSTUVWXY
ABCDEFGHIJKLMNOPQRSTUVWXY
ABCDEFGHIJKLMNOPQRSTUVWXY
ABCDEFGHIJKLMNOPQRSTUVWXY
ABCDEFGHIJKLMNOPQRSTUVWXY
ABCDEFGHIJKLMNOPQRSTUVWXY
ABCDEFGHIJKLMNOPQRSTUVWXY
ABCDEFGHIJKLMNOPQRSTUVWXY
Case #68: 
AAAAABBBBBBBBBBBBBBBBBBBB
AAAAABBBBBBBBBBBBBBBBBBBB
AAAAABBBBBBBBBBBBBBBBBBBB
AAAAABBBBBBBBBBBBBBBBBBBB
AAAAABBBBBBBBBBBBBBBBBBBB
AAAAABBBBBBBBBBBBBBBBBBBB
AAAAABBBBBBBBBBBBBBBBBBBB
AAAAABBBBBBBBBBBBBBBBBBBB
CCCCCCCCCCCCCCCCCCCCCCCCC
DDDDDDDDDDDDDDDDDDDDDDDDD
EEEEEEEEEEEEEEEEEEEEEEEEE
EEEEEEEEEEEEEEEEEEEEEEEEE
EEEEEEEEEEEEEEEEEEEEEEEEE
EEEEEEEEEEEEEEEEEEEEEEEEE
EEEEEEEEEEEEEEEEEEEEEEEEE
EEEEEEEEEEEEEEEEEEEEEEEEE
FFFFFFFFFFFFFFHHHHHHHHHHH
JJJJJJJJJJJJJJJJJJJJJJJJJ
JJJJJJJJJJJJJJJJJJJJJJJJJ
JJJJJJJJJJJJJJJJJJJJJJJJJ
JJJJJJJJJJJJJJJJJJJJJJJJJ
GGGGGGGGGGGGGGIIIIIIIIIII
GGGGGGGGGGGGGGIIIIIIIIIII
GGGGGGGGGGGGGGIIIIIIIIIII
GGGGGGGGGGGGGGIIIIIIIIIII
Case #69: 
VU
RW
OO
YZ
YZ
TT
TT
HH
JJ
MM
MM
QQ
KA
KA
CC
XX
BB
BB
BB
SE
SE
FP
IL
DD
NG
Case #70: 
ABCDEFGHIJKLMNOPQRSTUVWXY
ABCDEFGHIJKLMNOPQRSTUVWXY
ABCDEFGHIJKLMNOPQRSTUVWXY
ABCDEFGHIJKLMNOPQRSTUVWXY
ABCDEFGHIJKLMNOPQRSTUVWXY
ABCDEFGHIJKLMNOPQRSTUVWXY
ABCDEFGHIJKLMNOPQRSTUVWXY
ABCDEFGHIJKLMNOPQRSTUVWXY
ABCDEFGHIJKLMNOPQRSTUVWXY
ABCDEFGHIJKLMNOPQRSTUVWXY
ABCDEFGHIJKLMNOPQRSTUVWXY
ABCDEFGHIJKLMNOPQRSTUVWXY
ABCDEFGHIJKLMNOPQRSTUVWXY
ABCDEFGHIJKLMNOPQRSTUVWXY
ABCDEFGHIJKLMNOPQRSTUVWXY
ABCDEFGHIJKLMNOPQRSTUVWXY
ABCDEFGHIJKLMNOPQRSTUVWXY
ABCDEFGHIJKLMNOPQRSTUVWXY
ABCDEFGHIJKLMNOPQRSTUVWXY
ABCDEFGHIJKLMNOPQRSTUVWXY
ABCDEFGHIJKLMNOPQRSTUVWXY
ABCDEFGHIJKLMNOPQRSTUVWXY
ABCDEFGHIJKLMNOPQRSTUVWXY
ABCDEFGHIJKLMNOPQRSTUVWXY
ABCDEFGHIJKLMNOPQRSTUVWXY
Case #71: 
NNNNNNNNNNNNNNNARRRRRRRRR
NNNNNNNNNNNNNNNARRRRRRRRR
NNNNNNNNNNNNNNNARRRRRRRRR
NNNNNNNNNNNNNNNARRRRRRRRR
NNNNNNNNNNNNNNNARRRRRRRRR
NNNNNNNNNNNNNNNARRRRRRRRR
NNNNNNNNNNNNNNNARRRRRRRRR
NNNNNNNNNNNNNNNARRRRRRRRR
NNNNNNNNNNNNNNNARRRRRRRRR
NNNNNNNNNNNNNNNARRRRRRRRR
NNNNNNNNNNNNNNNARRRRRRRRR
NNNNNNNNNNNNNNNARRRRRRRRR
NNNNNNNNNNNNNNNARRRRRRRRR
BBBBBBBBBBBBBBBBBBBBBBBBB
SSSSSSSSSSSSSSJJPPFFFFFFF
KKKKKKKKKKKKKWMMMMVVVVVVV
LLLLLLLLLLLLQQQQZDDDDDDDD
HHHHHHHHHHHHHHEEEEEEEEEEE
YYYYYYYYYYYYYYYYTTTTTTTTT
OOOOOOOOOOOOOOXXIGGGGGGGG
CCCCCCCCCCCCCCCCUUUUUUUUU
CCCCCCCCCCCCCCCCUUUUUUUUU
CCCCCCCCCCCCCCCCUUUUUUUUU
CCCCCCCCCCCCCCCCUUUUUUUUU
CCCCCCCCCCCCCCCCUUUUUUUUU
Case #72: 
CEHJK
MLADD
FBNIG
Case #73: 
HHHHHHHHHHHHHHHHHHHHHHHHH
HHHHHHHHHHHHHHHHHHHHHHHHH
FFFFFFFFFFFFFFFFFFFFFFFFF
CCDDDDDDDSSSSSSSSSSSSSSSS
KKKKKKKKKKKKKKKKKKKKKKKKK
KKKKKKKKKKKKKKKKKKKKKKKKK
TTTTTTTTTTTTTTTTTTTTTTTTT
TTTTTTTTTTTTTTTTTTTTTTTTT
GGGGGGGGGGGGVVVVVVVVVVVVV
JJJJJJJJJJJJJJJJJJJJJJJJJ
UUUUUUUMMMMMMMMMMMMMMMMMM
PPPPPPPPPPPPPPPPPPPPPPPPP
AAAAAAAAAAAAAAAAAAAAAAAAA
AAAAAAAAAAAAAAAAAAAAAAAAA
BBBBBBBBBBBBBBBBBBBBBBBBB
YYYYYYYYYYYYYYYYYYYYYYYYY
QQQQQQQQQQQQQQQQQQQQQQQQQ
NNNNNNNNNNNNNNNNNNNNNNNNN
XXXXXXXWWWWWWWWWWWWWWWWWW
XXXXXXXWWWWWWWWWWWWWWWWWW
LLLLLLLLLLLLLLLLLLLLLLLLL
RRREEEEEEEEEEEEEEEEEEEEEE
OOOOOOOIIIIIIIIIIIIIIIIII
OOOOOOOIIIIIIIIIIIIIIIIII
Case #74: 
AAAAAAAAAAAAAAAAAAAAAAAUU
AAAAAAAAAAAAAAAAAAAAAAAUU
AAAAAAAAAAAAAAAAAAAAAAAUU
AAAAAAAAAAAAAAAAAAAAAAAUU
AAAAAAAAAAAAAAAAAAAAAAAUU
AAAAAAAAAAAAAAAAAAAAAAAUU
AAAAAAAAAAAAAAAAAAAAAAAUU
AAAAAAAAAAAAAAAAAAAAAAAUU
AAAAAAAAAAAAAAAAAAAAAAAUU
AAAAAAAAAAAAAAAAAAAAAAAUU
AAAAAAAAAAAAAAAAAAAAAAAUU
AAAAAAAAAAAAAAAAAAAAAAAUU
AAAAAAAAAAAAAAAAAAAAAAAUU
AAAAAAAAAAAAAAAAAAAAAAAUU
AAAAAAAAAAAAAAAAAAAAAAAUU
AAAAAAAAAAAAAAAAAAAAAAAUU
AAAAAAAAAAAAAAAAAAAAAAAUU
AAAAAAAAAAAAAAAAAAAAAAAUU
AAAAAAAAAAAAAAAAAAAAAAAUU
HHHHHHHHHHHHHHHHHHHHHHHPE
DDDDDDDDDDDDDDDDDDDDDDTTB
SSSSSSSSSSSSSSSSSSSSLFIZV
OOOOOOOOOOOOOOOOOJKNNCCCM
XXXXXXXXXXXXXXXXXXXYYRRRR
QQQQQQQQQQQQQQQQQQGWWWWWW
Case #75: 
AAAAAAAAAAAAAAAAAAAAAAAAA
BBBBBBBBBBBBBBBBBBBBBBBBB
CCCCCCCCCCCCCCCCCCCCCCCCC
DDDDDDDDDDDDDDDDDDDDDDDDD
EEEEEEEEEEEEEEEEEEEEEEEEE
FFFFFFFFFFFFFFFFFFFFFFFFF
GGGGGGGGGGGGGGGGGGGGGGGGG
HHHHHHHHHHHHHHHHHHHHHHHHH
IIIIIIIIIIIIIIIIIIIIIIIII
JJJJJJJJJJJJJJJJJJJJJJJJJ
KKKKKKKKKKKKKKKKKKKKKKKKK
LLLLLLLLLLLLLLLLLLLLLLLLL
MMMMMMMMMMMMMMMMMMMMMMMMM
NNNNNNNNNNNNNNNNNNNNNNNNN
OOOOOOOOOOOOOOOOOOOOOOOOO
PPPPPPPPPPPPPPPPPPPPPPPPP
QQQQQQQQQQQQQQQQQQQQQQQQQ
RRRRRRRRRRRRRRRRRRRRRRRRR
SSSSSSSSSSSSSSSSSSSSSSSSS
TTTTTTTTTTTTTTTTTTTTTTTTT
UUUUUUUUUUUUUUUUUUUUUUUUU
VVVVVVVVVVVVVVVVVVVVVVVVV
WWWWWWWWWWWWWWWWWWWWWWWWW
XXXXXXXXXXXXXXXXXXXXXXXXX
YYYYYYYYYYYYYYYYYYYYYYYYY
Case #76: 
A
Case #77: 
A
A
Case #78: 
CCCCCC
CCCCCC
CCCCCC
CCCCCC
BBBBEA
DDDDDD
Case #79: 
DDDDDDDDDDDDDDDIIIIIIIIII
DDDDDDDDDDDDDDDIIIIIIIIII
DDDDDDDDDDDDDDDIIIIIIIIII
DDDDDDDDDDDDDDDIIIIIIIIII
JJJJJJJJJJJJJJJOOOOOOOOOO
NNNNNNNNNNNNNNNNNNNNNNNNN
GGGGGGGGGGGGGGGGGGGGGGGGG
QQQQQQQQQQQQQQQQQQQQQQQQQ
RRRRRRRRRRRRRRRRRRRRRRRRR
EEEEEEEEEEEEEEEEEEEEEEEEE
VVVVVVVVVVVVVVVVVVVVVVVVV
VVVVVVVVVVVVVVVVVVVVVVVVV
CCCCCCCCCCCCCCSSSSSSSSSSS
CCCCCCCCCCCCCCSSSSSSSSSSS
AAAAAAAAAAAAAAAAAAAAAAAAA
KBBBBBBBBBHHHHHHHHHHHHHHH
TTTTTTTTTTTTTTTTTTTTTTTTT
LLLLLLLLLLLLLLLLLLLLLLLLL
LLLLLLLLLLLLLLLLLLLLLLLLL
YYYYYYYYYYYYYYYYYYYYYYYYY
YYYYYYYYYYYYYYYYYYYYYYYYY
MMMMMMMMFFFFFFFFFFFFFFFFF
XXXXXXXXXXXXXXXXXXXXXXXXX
PPPPPPPPPPPPPPZZZZZZZZZZZ
WWWWWWWWWUUUUUUUUUUUUUUUU
Case #80: 
FFFFFFFFFFFFFFFFFFFFFFFFF
FFFFFFFFFFFFFFFFFFFFFFFFF
FFFFFFFFFFFFFFFFFFFFFFFFF
FFFFFFFFFFFFFFFFFFFFFFFFF
FFFFFFFFFFFFFFFFFFFFFFFFF
FFFFFFFFFFFFFFFFFFFFFFFFF
FFFFFFFFFFFFFFFFFFFFFFFFF
FFFFFFFFFFFFFFFFFFFFFFFFF
FFFFFFFFFFFFFFFFFFFFFFFFF
FFFFFFFFFFFFFFFFFFFFFFFFF
FFFFFFFFFFFFFFFFFFFFFFFFF
FFFFFFFFFFFFFFFFFFFFFFFFF
FFFFFFFFFFFFFFFFFFFFFFFFF
SSSSSSSSSSSSSSSSSSSSCCCCC
LLLLLLLLLLLLLLLLLLLLLLLLL
LLLLLLLLLLLLLLLLLLLLLLLLL
DDDDDDDDDDDDDDDDDDDDDDDJJ
IIIIIIIIIIIIIIIAAAAAAAAAA
NNNNNNNNNNNNNNNBBXXMMMMMM
EEEEEEEEEEEEEEEEWHHZZZQQQ
PPPPPPPPPPPPPPPPPPPPPPPPP
VVVVVVVVVVVVVVVOOOOOOOOOO
GGGGGGGGGGGGGGGGGGGGKKKTT
UUUUUUUUUUUUUUUUUYYRRRRRR
UUUUUUUUUUUUUUUUUYYRRRRRR
Case #81: 
A
B
Case #82: 
KKKKKKKKKKKKKKKKKKKKKKKKK
KKKKKKKKKKKKKKKKKKKKKKKKK
MMMMMMMMMMMMMMMMMMMMMMMMM
MMMMMMMMMMMMMMMMMMMMMMMMM
BBBBBBBBBBBBBBBBBBBBBBBBB
NNNNNNNNNNNNNNNNNNNNDDLLL
NNNNNNNNNNNNNNNNNNNNDDLLL
NNNNNNNNNNNNNNNNNNNNDDLLL
NNNNNNNNNNNNNNNNNNNNDDLLL
JJJJJJJJJJJJJJJJJJJJJJJJJ
ZZZZZZZZZZZZZZZTXXXXEEEEE
CCCCCCCCCCCCCCCCCCCCCCCSY
FFFFFFFFFFFFFFFFFFFFFFFFF
GGGGGGGGGGGGGGGGRRRWAAAAA
GGGGGGGGGGGGGGGGRRRWAAAAA
GGGGGGGGGGGGGGGGRRRWAAAAA
IIIIIIIIIIIIIIIIIIIIIIIII
OOOOOOOOOOOOOOOOOOOOOOPPP
VVVVVVVVVVVVVVVVVVVVVVVVV
HHHHHHHHHHHHHHHHHHHHHHHHH
UUUUUUUUUUUUUUUUUUUUUUUUU
QQQQQQQQQQQQQQQQQQQQQQQQQ
QQQQQQQQQQQQQQQQQQQQQQQQQ
QQQQQQQQQQQQQQQQQQQQQQQQQ
QQQQQQQQQQQQQQQQQQQQQQQQQ
Case #83: 
BBBBBEEEEEEEEEEEEEEEEEEEE
BBBBBEEEEEEEEEEEEEEEEEEEE
BBBBBEEEEEEEEEEEEEEEEEEEE
BBBBBEEEEEEEEEEEEEEEEEEEE
BBBBBEEEEEEEEEEEEEEEEEEEE
BBBBBEEEEEEEEEEEEEEEEEEEE
BBBBBEEEEEEEEEEEEEEEEEEEE
BBBBBEEEEEEEEEEEEEEEEEEEE
BBBBBEEEEEEEEEEEEEEEEEEEE
BBBBBEEEEEEEEEEEEEEEEEEEE
BBBBBEEEEEEEEEEEEEEEEEEEE
BBBBBEEEEEEEEEEEEEEEEEEEE
BBBBBEEEEEEEEEEEEEEEEEEEE
BBBBBEEEEEEEEEEEEEEEEEEEE
BBBBBEEEEEEEEEEEEEEEEEEEE
BBBBBEEEEEEEEEEEEEEEEEEEE
BBBBBEEEEEEEEEEEEEEEEEEEE
BBBBBEEEEEEEEEEEEEEEEEEEE
BBBBBEEEEEEEEEEEEEEEEEEEE
BBBBBEEEEEEEEEEEEEEEEEEEE
UUUUYYKMMMMMMMMMMMMMMMMMM
QQQQNNNNNNNNNNNNNNNNNNNNN
PPPFFFTAAAAAAAAAAAAAAAAAA
LCCCCCOSSSDDDDDDDDDDDDDDD
VHHHIGGJWRZXXXXXXXXXXXXXX
Case #84: 
AAAAAAAAAAAAAAAAAAAAAAAAA
BBBBBBBBBBBBBBBBBBBBBBBBB
CCCCCCCCCCCCCCCCCCCCCCCCC
DDDDDDDDDDDDDDDDDDDDDDDDD
EEEEEEEEEEEEEEEEEEEEEEEEE
FFFFFFFFFFFFFFFFFFFFFFFFF
GGGGGGGGGGGGGGGGGGGGGGGGG
HHHHHHHHHHHHHHHHHHHHHHHHH
IIIIIIIIIIIIIIIIIIIIIIIII
JJJJJJJJJJJJJJJJJJJJJJJJJ
KKKKKKKKKKKKKKKKKKKKKKKKK
LLLLLLLLLLLLLLLLLLLLLLLLL
MMMMMMMMMMMMMMMMMMMMMMMMM
NNNNNNNNNNNNNNNNNNNNNNNNN
OOOOOOOOOOOOOOOOOOOOOOOOO
PPPPPPPPPPPPPPPPPPPPPPPPP
QQQQQQQQQQQQQQQQQQQQQQQQQ
RRRRRRRRRRRRRRRRRRRRRRRRR
SSSSSSSSSSSSSSSSSSSSSSSSS
TTTTTTTTTTTTTTTTTTTTTTTTT
UUUUUUUUUUUUUUUUUUUUUUUUU
VVVVVVVVVVVVVVVVVVVVVVVVV
WWWWWWWWWWWWWWWWWWWWWWWWW
XXXXXXXXXXXXXXXXXXXXXXXXX
YYYYYYYYYYYYYYYYYYYYYYYYY
Case #85: 
AAAAABBBBBBBBBBBBBBBBBBBB
AAAAABBBBBBBBBBBBBBBBBBBB
AAAAABBBBBBBBBBBBBBBBBBBB
AAAAABBBBBBBBBBBBBBBBBBBB
AAAAABBBBBBBBBBBBBBBBBBBB
AAAAABBBBBBBBBBBBBBBBBBBB
AAAAABBBBBBBBBBBBBBBBBBBB
AAAAABBBBBBBBBBBBBBBBBBBB
CCCCCCCCCCCCCCCCCCCCCCCCC
DDDDDDDDDDDDDDDDDDDDDDDDD
EEEEEEEEEEEEEEEEEEEEEEEEE
EEEEEEEEEEEEEEEEEEEEEEEEE
EEEEEEEEEEEEEEEEEEEEEEEEE
EEEEEEEEEEEEEEEEEEEEEEEEE
EEEEEEEEEEEEEEEEEEEEEEEEE
EEEEEEEEEEEEEEEEEEEEEEEEE
FFFFFFFFFFFFFFFFFFFFFFHHH
JJJJJJJJJJJJJJJJJJJJJJJJJ
JJJJJJJJJJJJJJJJJJJJJJJJJ
JJJJJJJJJJJJJJJJJJJJJJJJJ
JJJJJJJJJJJJJJJJJJJJJJJJJ
GGGGGGGGGGGGGGGGGGGGGGIII
GGGGGGGGGGGGGGGGGGGGGGIII
GGGGGGGGGGGGGGGGGGGGGGIII
GGGGGGGGGGGGGGGGGGGGGGIII
Case #86: 
AA
BC
Case #87: 
WGGGKKYYYYYYYYYYYYYYYYYYY
ZCCCPMBEEEEEEEEEEEEEEEEEE
HHHHAANNNNNNNNNNNNNNNNNNN
IIIIIRRRRRRRRRRRRRRRRRRRR
VVTSOOOOOOOOOOOOOOOOOOOOO
DDFQQQQQQQQQQQQQQQQQQQQQQ
JJJJJJJJJJJJJJJJJJJJJJJJJ
XXLLLLLLLLLLLLLLLLLLLLLLL
UUUUUUUUUUUUUUUUUUUUUUUUU
UUUUUUUUUUUUUUUUUUUUUUUUU
UUUUUUUUUUUUUUUUUUUUUUUUU
UUUUUUUUUUUUUUUUUUUUUUUUU
UUUUUUUUUUUUUUUUUUUUUUUUU
UUUUUUUUUUUUUUUUUUUUUUUUU
UUUUUUUUUUUUUUUUUUUUUUUUU
UUUUUUUUUUUUUUUUUUUUUUUUU
UUUUUUUUUUUUUUUUUUUUUUUUU
UUUUUUUUUUUUUUUUUUUUUUUUU
UUUUUUUUUUUUUUUUUUUUUUUUU
UUUUUUUUUUUUUUUUUUUUUUUUU
UUUUUUUUUUUUUUUUUUUUUUUUU
UUUUUUUUUUUUUUUUUUUUUUUUU
UUUUUUUUUUUUUUUUUUUUUUUUU
UUUUUUUUUUUUUUUUUUUUUUUUU
UUUUUUUUUUUUUUUUUUUUUUUUU
Case #88: 
QQQQQQQQQQQQQQQQQQQQQQQQQ
QQQQQQQQQQQQQQQQQQQQQQQQQ
QQQQQQQQQQQQQQQQQQQQQQQQQ
QQQQQQQQQQQQQQQQQQQQQQQQQ
QQQQQQQQQQQQQQQQQQQQQQQQQ
QQQQQQQQQQQQQQQQQQQQQQQQQ
QQQQQQQQQQQQQQQQQQQQQQQQQ
QQQQQQQQQQQQQQQQQQQQQQQQQ
QQQQQQQQQQQQQQQQQQQQQQQQQ
TTTTTTTTTTTTTTTTTTTTTTTTT
RRRXCCCCCCCCCCCCCCCCCCCCC
SSSSBBBBBBBBBBBBBBBBBBBBB
SSSSBBBBBBBBBBBBBBBBBBBBB
AKKKKKKKKDDDDDDDDDDDDDDDD
WWWWWWWWWWWWWWWWWWWWWWWWW
NNNNNNNNNNNNNNNNNNNNNNNNN
JIVVVVUUUUGGGGGGGGGGGGGGG
YFFFFFFFFFFFFFFFFFFFFFFFF
EEEEEPPPPPPPPPPPPPPPPPPPP
ZZZZZZZLLLLLLLLLLLLLLLLLL
OOOOOOOOOOOOOOOOOOOOOOOOO
MMMMMMMMMMMMMMMMMMMMMMMMM
HHHHHHHHHHHHHHHHHHHHHHHHH
HHHHHHHHHHHHHHHHHHHHHHHHH
HHHHHHHHHHHHHHHHHHHHHHHHH
Case #89: 
AAAAAAAAAACCCCCCCCCCCCCCC
AAAAAAAAAACCCCCCCCCCCCCCC
AAAAAAAAAACCCCCCCCCCCCCCC
AAAAAAAAAACCCCCCCCCCCCCCC
AAAAAAAAAACCCCCCCCCCCCCCC
AAAAAAAAAACCCCCCCCCCCCCCC
AAAAAAAAAACCCCCCCCCCCCCCC
EEEEEEEEEEEEEEEEEEEEEEEEE
EEEEEEEEEEEEEEEEEEEEEEEEE
EEEEEEEEEEEEEEEEEEEEEEEEE
EEEEEEEEEEEEEEEEEEEEEEEEE
BBBBBBBBBBDDDDDDDDDDDDDDD
BBBBBBBBBBDDDDDDDDDDDDDDD
BBBBBBBBBBDDDDDDDDDDDDDDD
BBBBBBBBBBDDDDDDDDDDDDDDD
BBBBBBBBBBDDDDDDDDDDDDDDD
BBBBBBBBBBDDDDDDDDDDDDDDD
BBBBBBBBBBDDDDDDDDDDDDDDD
BBBBBBBBBBDDDDDDDDDDDDDDD
BBBBBBBBBBDDDDDDDDDDDDDDD
BBBBBBBBBBDDDDDDDDDDDDDDD
BBBBBBBBBBDDDDDDDDDDDDDDD
BBBBBBBBBBDDDDDDDDDDDDDDD
BBBBBBBBBBDDDDDDDDDDDDDDD
BBBBBBBBBBDDDDDDDDDDDDDDD
Case #90: 
AB
Case #91: 
AAAAAAAAAAAABBBBBBBBBBBBB
AAAAAAAAAAAABBBBBBBBBBBBB
AAAAAAAAAAAABBBBBBBBBBBBB
AAAAAAAAAAAABBBBBBBBBBBBB
AAAAAAAAAAAABBBBBBBBBBBBB
AAAAAAAAAAAABBBBBBBBBBBBB
AAAAAAAAAAAABBBBBBBBBBBBB
AAAAAAAAAAAABBBBBBBBBBBBB
AAAAAAAAAAAABBBBBBBBBBBBB
AAAAAAAAAAAABBBBBBBBBBBBB
AAAAAAAAAAAABBBBBBBBBBBBB
CCCCCCCCCCCCCCCCCCCCCCCCC
DDDDDDDDDDDDDDDDDDDDDDDDD
EEEEEEEEEEEEEEEEEEEEEEEEE
EEEEEEEEEEEEEEEEEEEEEEEEE
EEEEEEEEEEEEEEEEEEEEEEEEE
EEEEEEEEEEEEEEEEEEEEEEEEE
EEEEEEEEEEEEEEEEEEEEEEEEE
EEEEEEEEEEEEEEEEEEEEEEEEE
EEEEEEEEEEEEEEEEEEEEEEEEE
EEEEEEEEEEEEEEEEEEEEEEEEE
EEEEEEEEEEEEEEEEEEEEEEEEE
EEEEEEEEEEEEEEEEEEEEEEEEE
EEEEEEEEEEEEEEEEEEEEEEEEE
EEEEEEEEEEEEEEEEEEEEEEEEE
Case #92: 
XXXXXXXXXXXXXXXXXXXXXXXXX
VVVVVLLLLLLLLLLLLLLLLLLLL
WWWWWWWWWWWWWWWWWWWWWWWWW
MMMMMMMMMMMMMMMMMMMMMMMMM
MMMMMMMMMMMMMMMMMMMMMMMMM
KKKKKKKKKKKKKKKKKKKKKKKKK
KKKKKKKKKKKKKKKKKKKKKKKKK
KKKKKKKKKKKKKKKKKKKKKKKKK
CCCCEEEEEEEEEEEEEEEEEEEEE
BBBBBBBBBTTTTTTTTTTTTTTTT
YYYYYYYYYYYYYYYYYYYYYYYYY
IIIIIIIIIIIIIIIIIIIIIIIII
IIIIIIIIIIIIIIIIIIIIIIIII
IIIIIIIIIIIIIIIIIIIIIIIII
DDDDJJJJJJJJJJJJJJJJJJJJJ
HPUUUUUUUUUUUUUUUUUUUUUUU
HPUUUUUUUUUUUUUUUUUUUUUUU
QQQQQQQQQQQQQQSSSSSOOOOOO
FFFFFFFFFFFFFFFFFFFFFFFFF
FFFFFFFFFFFFFFFFFFFFFFFFF
ZZZZZAAAAAAAAAAAAAAAAAAAA
ZZZZZAAAAAAAAAAAAAAAAAAAA
ZZZZZAAAAAAAAAAAAAAAAAAAA
RRRRRRRRRNNNNNNNNNNNNNNNN
GGGGGGGGGGGGGGGGGGGGGGGGG
Case #93: 
ZZZZZZZZZZZYYYYYYYYYYYYYY
ZZZZZZZZZZZYYYYYYYYYYYYYY
WWWWWWWWWWWWWWWWWWWWWWWWW
RRRRRRRRRRRRRRRRRRRRRRRRR
PPPPPPPPPPPPPPPPPPPPPPPPP
VVVVVVVVVVVVVGGGGGGGGGGGG
NNNNNNNNNNNNNNNNNNNNNNNNN
IIIIIIIIIIIIIIIIIIIIIIIII
AAAAAASSSSSSSSSOOOOOOOOOO
AAAAAASSSSSSSSSOOOOOOOOOO
AAAAAASSSSSSSSSOOOOOOOOOO
MMMMMMMMMMMMMMMMMMMMMMMMM
MMMMMMMMMMMMMMMMMMMMMMMMM
MMMMMMMMMMMMMMMMMMMMMMMMM
XXXXXXXXXXXXXXXXXXXXXXXXX
XXXXXXXXXXXXXXXXXXXXXXXXX
TBBBBBBBBBBBBBBBBBBBBBBBB
LLLLLLLLLLEEEEEEEEEEEEEEE
DDDDDDDDDDDDDDDDDDDDDDDDD
CCCCCFFFFFFFFFFFFFFFFFFFF
HHHHHHHHHHHHHHHHHKKKKKKKK
HHHHHHHHHHHHHHHHHKKKKKKKK
HHHHHHHHHHHHHHHHHKKKKKKKK
QJJJJJJJJJJJJJJJJJJJJJJJJ
UUUUUUUUUUUUUUUUUUUUUUUUU
Case #94: 
CCCCCCCCCCCCCCCCCCCCCCCCC
CCCCCCCCCCCCCCCCCCCCCCCCC
CCCCCCCCCCCCCCCCCCCCCCCCC
CCCCCCCCCCCCCCCCCCCCCCCCC
CCCCCCCCCCCCCCCCCCCCCCCCC
CCCCCCCCCCCCCCCCCCCCCCCCC
CCCCCCCCCCCCCCCCCCCCCCCCC
CCCCCCCCCCCCCCCCCCCCCCCCC
CCCCCCCCCCCCCCCCCCCCCCCCC
CCCCCCCCCCCCCCCCCCCCCCCCC
CCCCCCCCCCCCCCCCCCCCCCCCC
VVVVVVVVVVVVVVVVVVLLLLLLL
VVVVVVVVVVVVVVVVVVLLLLLLL
QQQQQQQQQQQQQQQQOOOOOOOOO
PPPPPPPPPPPPPPPPJJJJJJJJJ
YYYYYYYYYYYYYYYYYYYYYYYYY
FFFFFFFFFFFFFFFUUUUUUUUUU
MMMMMMMMMMMMMMXXXGDDDDZZZ
AAAAAAAAAAAAAAAWWWWHHHHHH
EEEEEEEEEEEEEEEEERKKKKKKK
BBBBBBBBBBBBBBBBBBNNNTTII
SSSSSSSSSSSSSSSSSSSSSSSSS
SSSSSSSSSSSSSSSSSSSSSSSSS
SSSSSSSSSSSSSSSSSSSSSSSSS
SSSSSSSSSSSSSSSSSSSSSSSSS
Case #95: 
AA
Case #96: 
AAAAAAAAAAAAAAAAAAABBBBBB
AAAAAAAAAAAAAAAAAAABBBBBB
AAAAAAAAAAAAAAAAAAABBBBBB
AAAAAAAAAAAAAAAAAAABBBBBB
AAAAAAAAAAAAAAAAAAABBBBBB
AAAAAAAAAAAAAAAAAAABBBBBB
AAAAAAAAAAAAAAAAAAABBBBBB
AAAAAAAAAAAAAAAAAAABBBBBB
AAAAAAAAAAAAAAAAAAABBBBBB
AAAAAAAAAAAAAAAAAAABBBBBB
AAAAAAAAAAAAAAAAAAABBBBBB
AAAAAAAAAAAAAAAAAAABBBBBB
AAAAAAAAAAAAAAAAAAABBBBBB
CCCCCCCCCCCCCCCCCCCCCCCCC
DDDDDDDDDDDDDDDDDDDDDDDDD
EEEEEEEEEEEEEEEEEEEEEEEEE
EEEEEEEEEEEEEEEEEEEEEEEEE
EEEEEEEEEEEEEEEEEEEEEEEEE
EEEEEEEEEEEEEEEEEEEEEEEEE
EEEEEEEEEEEEEEEEEEEEEEEEE
EEEEEEEEEEEEEEEEEEEEEEEEE
EEEEEEEEEEEEEEEEEEEEEEEEE
EEEEEEEEEEEEEEEEEEEEEEEEE
EEEEEEEEEEEEEEEEEEEEEEEEE
EEEEEEEEEEEEEEEEEEEEEEEEE
Case #97: 
HOOOOOOOOOOOOOOOOOOOOOOOO
HOOOOOOOOOOOOOOOOOOOOOOOO
AAAAAAAAAAAAAAAAAAAAAAAAA
XXXXXXRRRRRRRRRRRRRRRRRRR
YYYYYYYYYYYYYYYYYYYQQQQQQ
SSSSSSSSSSSSSSSSSSSSSSSSS
SSSSSSSSSSSSSSSSSSSSSSSSS
SSSSSSSSSSSSSSSSSSSSSSSSS
DDDDDDDDDCCCCCCCCCCCCCCCC
LLLLLLLLLLLLLLLPPPPPPPPPP
BBBBBBBBBBBBBBBBBBBBBBBBB
BBBBBBBBBBBBBBBBBBBBBBBBB
FFFFFFFFFFFFFFFFFFFFFFFFF
WWWWWWWWWWWWWWWWWWWWWWWWW
WWWWWWWWWWWWWWWWWWWWWWWWW
WWWWWWWWWWWWWWWWWWWWWWWWW
TTTTTTTTTTTJJJJJJJJJJJJJJ
EEEEEEEEEEEEEEEEEEEEEEEEE
EEEEEEEEEEEEEEEEEEEEEEEEE
VVVZZZZZZZZZZZZZZZZZZZZZZ
NNNNNNNNNNNNNNNNNNNNNNNNN
IIIIIIIIIIIIIIIIIIIIIIIII
MMMMMMMKKKKKKKKKKKGGGGGGG
UUUUUUUUUUUUUUUUUUUUUUUUU
UUUUUUUUUUUUUUUUUUUUUUUUU
Case #98: 
CBB
CBB
DDA
Case #99: 
AAAAACCCCCCCCCCCCCCCCCCCC
AAAAACCCCCCCCCCCCCCCCCCCC
AAAAACCCCCCCCCCCCCCCCCCCC
AAAAACCCCCCCCCCCCCCCCCCCC
EEEEEEEEEEEEEEEEEEEEEEEEE
EEEEEEEEEEEEEEEEEEEEEEEEE
EEEEEEEEEEEEEEEEEEEEEEEEE
EEEEEEEEEEEEEEEEEEEEEEEEE
BBBBBDDDDDDDDDDDDDDDDDDDD
BBBBBDDDDDDDDDDDDDDDDDDDD
BBBBBDDDDDDDDDDDDDDDDDDDD
BBBBBDDDDDDDDDDDDDDDDDDDD
BBBBBDDDDDDDDDDDDDDDDDDDD
BBBBBDDDDDDDDDDDDDDDDDDDD
BBBBBDDDDDDDDDDDDDDDDDDDD
BBBBBDDDDDDDDDDDDDDDDDDDD
BBBBBDDDDDDDDDDDDDDDDDDDD
BBBBBDDDDDDDDDDDDDDDDDDDD
BBBBBDDDDDDDDDDDDDDDDDDDD
BBBBBDDDDDDDDDDDDDDDDDDDD
BBBBBDDDDDDDDDDDDDDDDDDDD
BBBBBDDDDDDDDDDDDDDDDDDDD
BBBBBDDDDDDDDDDDDDDDDDDDD
BBBBBDDDDDDDDDDDDDDDDDDDD
BBBBBDDDDDDDDDDDDDDDDDDDD
Case #100: 
BBBBBBBBBBBBBBBBBBBBBBBBB
RRRRRRRRRRRRRRRRRRRRRRRRR
RRRRRRRRRRRRRRRRRRRRRRRRR
SSSUUEEEEEEEEEEEEEEEEEEEE
QQQQQQQQQQQQQQQQQQQQQQQQQ
PPPPPPPCCCCCCCCCCCGGGGGGG
HHHHHHHHHHHHHHHHHHHHHHHHH
HHHHHHHHHHHHHHHHHHHHHHHHH
NIIIIIAAAAAAAAAAAAAAAAAAA
NIIIIIAAAAAAAAAAAAAAAAAAA
VVVVVVVVVVVVVVVOOOOOOOOOO
DDDDDDDDDDDDDDDDDDDDDDDDD
DDDDDDDDDDDDDDDDDDDDDDDDD
XXXXXXXXXXXXXXXXXXXXXXXXJ
KKKKKKKKKKKKKKKKKKKKKKKKK
KKKKKKKKKKKKKKKKKKKKKKKKK
KKKKKKKKKKKKKKKKKKKKKKKKK
KKKKKKKKKKKKKKKKKKKKKKKKK
FLLYYYYYYYYYYYYYYYYYYYYYY
MMMMMMMMMMMMMMMMMMMMMMMMM
MMMMMMMMMMMMMMMMMMMMMMMMM
ZZZZZZZZZZZZZZZZZZZZZZZZZ
WWWWWWWWWWWWWWWWWWWWWWWWW
WWWWWWWWWWWWWWWWWWWWWWWWW
TTTTTTTTTTTTTTTTTTTTTTTTT
