Case #1: 1 0
Case #2: 1 0
Case #3: 1 1
Case #4: 0 0
Case #5: 500 499
Case #6: 0 0
Case #7: 1 0
Case #8: 0 0
Case #9: 0 0
Case #10: 0 0
Case #11: 0 0
Case #12: 500000 499999
Case #13: 1 0
Case #14: 1 1
Case #15: 0 0
Case #16: 0 0
Case #17: 0 0
Case #18: 3905 3905
Case #19: 1 1
Case #20: 0 0
Case #21: 0 0
Case #22: 0 0
Case #23: 3 2
Case #24: 1 0
Case #25: 0 0
Case #26: 0 0
Case #27: 1 0
Case #28: 7812 7811
Case #29: 1 0
Case #30: 0 0
Case #31: 0 0
Case #32: 3906 3905
Case #33: 0 0
Case #34: 0 0
Case #35: 0 0
Case #36: 1 1
Case #37: 0 0
Case #38: 0 0
Case #39: 1 0
Case #40: 0 0
Case #41: 249999 249999
Case #42: 0 0
Case #43: 0 0
Case #44: 1 0
Case #45: 3906 3905
Case #46: 1 1
Case #47: 1 0
Case #48: 0 0
Case #49: 1953 1952
Case #50: 7812 7811
Case #51: 1 0
Case #52: 1 0
Case #53: 1 0
Case #54: 1 0
Case #55: 250000 249999
Case #56: 1 1
Case #57: 0 0
Case #58: 0 0
Case #59: 3 2
Case #60: 2 2
Case #61: 1 1
Case #62: 1 1
Case #63: 125000 124999
Case #64: 0 0
Case #65: 0 0
Case #66: 1 1
Case #67: 1 0
Case #68: 0 0
Case #69: 0 0
Case #70: 1 0
Case #71: 0 0
Case #72: 0 0
Case #73: 0 0
Case #74: 2 1
Case #75: 0 0
Case #76: 1 0
Case #77: 0 0
Case #78: 1 0
Case #79: 0 0
Case #80: 0 0
Case #81: 1 1
Case #82: 0 0
Case #83: 3 2
Case #84: 0 0
Case #85: 0 0
Case #86: 0 0
Case #87: 0 0
Case #88: 0 0
Case #89: 0 0
Case #90: 250000 249999
Case #91: 1 0
Case #92: 0 0
Case #93: 1 0
Case #94: 1 0
Case #95: 499999 499999
Case #96: 0 0
Case #97: 0 0
Case #98: 0 0
Case #99: 0 0
Case #100: 1 1
