Case #1: 1 0
Case #2: 1 0
Case #3: 1 1
Case #4: 0 0
Case #5: 500 499
Case #6: 0 0
Case #7: 250 249
Case #8: 0 0
Case #9: 0 0
Case #10: 0 0
Case #11: 1 1
Case #12: 0 0
Case #13: 1 0
Case #14: 1 0
Case #15: 1 0
Case #16: 1 0
Case #17: 3 2
Case #18: 0 0
Case #19: 1 1
Case #20: 0 0
Case #21: 0 0
Case #22: 0 0
Case #23: 1 0
Case #24: 1 0
Case #25: 3 2
Case #26: 250 249
Case #27: 0 0
Case #28: 0 0
Case #29: 0 0
Case #30: 0 0
Case #31: 0 0
Case #32: 125 124
Case #33: 1 1
Case #34: 0 0
Case #35: 0 0
Case #36: 0 0
Case #37: 1 1
Case #38: 3 2
Case #39: 0 0
Case #40: 1 0
Case #41: 0 0
Case #42: 0 0
Case #43: 1 1
Case #44: 1 1
Case #45: 0 0
Case #46: 0 0
Case #47: 1 1
Case #48: 249 249
Case #49: 0 0
Case #50: 0 0
Case #51: 1 0
Case #52: 0 0
Case #53: 0 0
Case #54: 1 0
Case #55: 0 0
Case #56: 0 0
Case #57: 1 0
Case #58: 0 0
Case #59: 0 0
Case #60: 0 0
Case #61: 0 0
Case #62: 1 1
Case #63: 1 1
Case #64: 0 0
Case #65: 3 3
Case #66: 0 0
Case #67: 3 3
Case #68: 0 0
Case #69: 0 0
Case #70: 7 6
Case #71: 1 0
Case #72: 1 1
Case #73: 1 0
Case #74: 3 3
Case #75: 0 0
Case #76: 0 0
Case #77: 0 0
Case #78: 0 0
Case #79: 0 0
Case #80: 1 0
Case #81: 1 0
Case #82: 1 0
Case #83: 0 0
Case #84: 0 0
Case #85: 0 0
Case #86: 0 0
Case #87: 1 0
Case #88: 3 2
Case #89: 1 0
Case #90: 1 0
Case #91: 2 2
Case #92: 7 6
Case #93: 0 0
Case #94: 0 0
Case #95: 2 1
Case #96: 1 0
Case #97: 3 3
Case #98: 0 0
Case #99: 0 0
Case #100: 499 499
