Case #1: 4 3
x 1 1
o 2 2
+ 2 1
Case #2: 2 0
Case #3: 6 2
x 1 2
o 2 3
Case #4: 290 253
o 1 1
x 2 2
x 3 3
o 5 4
x 6 5
x 7 6
x 8 7
x 9 8
x 10 9
x 12 13
x 13 14
x 14 15
x 15 16
x 17 17
x 18 18
x 19 19
x 20 20
x 21 22
x 22 23
x 23 24
x 24 25
x 26 26
x 27 27
x 28 28
x 29 29
x 30 30
x 31 31
x 32 32
x 33 33
x 34 34
x 35 35
x 36 36
x 37 37
x 38 38
x 39 39
x 40 40
x 41 41
x 42 42
x 44 43
x 45 44
x 46 45
x 47 46
x 48 47
x 49 48
x 50 49
x 51 50
x 52 51
x 53 53
x 54 54
x 55 55
x 57 56
x 59 57
x 60 58
x 61 60
x 62 62
x 63 63
x 64 64
x 65 65
x 67 66
x 70 67
x 71 68
x 72 69
x 74 70
x 75 71
x 77 72
x 78 73
x 79 74
x 80 78
x 81 79
x 82 81
x 84 82
x 85 83
x 86 84
x 87 85
x 88 86
x 89 87
x 90 88
x 91 89
x 92 90
x 93 91
x 94 93
x 95 94
x 96 95
x 97 96
x 98 98
x 99 99
x 100 100
+ 100 1
+ 100 2
+ 1 99
+ 100 3
+ 1 98
+ 100 4
+ 100 5
+ 1 96
+ 100 6
+ 1 95
+ 100 7
+ 1 94
+ 100 8
+ 1 93
+ 100 9
+ 1 92
+ 100 10
+ 1 91
+ 100 11
+ 1 90
+ 100 12
+ 1 89
+ 100 13
+ 1 88
+ 100 14
+ 1 87
+ 100 15
+ 1 86
+ 100 16
+ 1 85
+ 100 17
+ 1 84
+ 100 18
+ 1 83
+ 100 19
+ 1 82
+ 100 20
+ 1 81
+ 100 21
+ 1 80
+ 100 22
+ 100 23
+ 100 24
+ 1 77
+ 100 25
+ 1 76
+ 100 26
+ 1 75
+ 100 27
+ 100 28
+ 1 73
+ 100 29
+ 1 72
+ 100 30
+ 1 71
+ 100 31
+ 1 70
+ 100 32
+ 1 69
+ 100 33
+ 1 68
+ 100 34
+ 1 67
+ 100 35
+ 1 66
+ 100 36
+ 100 37
+ 1 64
+ 100 38
+ 100 39
+ 1 62
+ 100 40
+ 1 61
+ 100 41
+ 1 60
+ 100 42
+ 3 61
+ 100 43
+ 1 58
+ 100 44
+ 100 45
+ 1 56
+ 100 46
+ 100 47
+ 100 48
+ 1 53
+ 100 49
+ 1 52
+ 100 50
+ 1 51
+ 100 51
+ 1 50
+ 100 52
+ 1 49
+ 100 53
+ 1 48
+ 100 54
+ 5 51
+ 100 55
+ 100 56
+ 1 45
+ 100 57
+ 2 45
+ 100 58
+ 1 43
+ 100 59
+ 100 60
+ 1 41
+ 100 61
+ 1 40
+ 100 62
+ 1 39
+ 100 63
+ 100 64
+ 1 37
+ 100 65
+ 1 36
+ 100 66
+ 1 35
+ 100 67
+ 68 100
+ 100 69
+ 70 100
+ 100 71
+ 2 31
+ 72 100
+ 100 73
+ 1 28
+ 100 74
+ 3 29
+ 100 75
+ 1 26
+ 100 76
+ 1 25
+ 77 100
+ 100 78
+ 1 23
+ 100 79
+ 1 22
+ 100 80
+ 100 81
+ 1 20
+ 100 82
+ 2 20
+ 100 83
+ 1 18
+ 100 84
+ 100 85
+ 1 16
+ 100 86
+ 1 15
+ 100 87
+ 100 88
+ 1 13
+ 100 89
+ 100 90
+ 1 11
+ 100 91
+ 92 100
+ 100 93
+ 2 9
+ 94 100
+ 100 95
+ 100 96
+ 1 5
+ 98 100
Case #5: 245 0
Case #6: 266 169
o 1 1
x 2 2
x 3 3
x 4 4
x 5 5
x 6 6
x 7 7
x 8 8
x 9 9
x 10 10
x 11 11
x 12 12
x 13 13
x 14 14
x 15 15
x 16 16
x 17 17
x 18 18
x 19 19
x 20 20
x 21 21
x 22 22
x 23 23
x 24 24
x 25 25
x 26 26
x 27 27
x 28 28
x 29 29
x 30 30
x 31 31
x 32 32
x 33 33
x 34 34
x 35 35
x 36 36
x 37 37
x 38 38
x 39 39
x 40 40
x 41 41
x 42 42
x 43 43
x 44 44
x 45 45
x 46 46
x 47 47
x 48 48
x 49 49
x 50 50
x 51 51
x 52 52
x 53 53
x 54 54
x 55 55
x 56 56
x 57 57
x 58 58
x 59 59
x 60 60
x 61 61
x 62 62
x 63 63
x 64 64
x 65 65
x 66 66
x 67 67
x 68 68
x 69 69
x 70 70
x 71 71
x 72 72
x 73 73
x 74 74
x 75 75
x 76 76
x 77 77
x 78 78
x 79 79
x 80 80
x 81 81
x 82 82
x 83 83
x 84 84
x 85 85
x 86 86
x 87 87
x 88 88
x 89 89
x 90 90
x 91 91
x 92 92
x 93 93
x 94 94
x 95 95
x 96 96
x 97 97
x 98 98
x 99 99
x 100 100
+ 100 2
+ 100 3
+ 100 4
+ 100 5
+ 100 6
+ 100 7
+ 100 8
+ 100 9
+ 10 100
+ 100 11
+ 100 12
+ 100 14
+ 100 15
+ 14 99
+ 100 16
+ 100 17
+ 100 18
+ 100 19
+ 100 20
+ 100 21
+ 100 22
+ 100 23
+ 100 24
+ 100 25
+ 26 100
+ 27 100
+ 100 28
+ 100 29
+ 100 30
+ 100 31
+ 100 32
+ 33 100
+ 100 34
+ 35 100
+ 100 36
+ 100 37
+ 100 39
+ 100 40
+ 39 99
+ 100 41
+ 100 42
+ 100 43
+ 100 44
+ 100 45
+ 100 46
+ 100 47
+ 100 48
+ 100 49
+ 100 50
+ 51 100
+ 100 52
+ 100 53
+ 100 54
+ 100 55
+ 100 57
+ 58 100
+ 100 60
+ 100 61
+ 60 99
+ 62 100
+ 63 100
+ 67 100
+ 68 100
+ 100 69
+ 100 70
+ 72 100
+ 73 100
+ 100 75
+ 77 100
Case #7: 291 190
o 1 11
x 20 16
x 27 17
x 44 18
x 52 25
x 53 38
x 56 46
x 61 55
x 64 75
x 75 83
x 76 87
x 85 91
x 90 92
x 92 99
+ 100 1
+ 100 2
+ 1 99
+ 100 3
+ 1 98
+ 100 4
+ 1 97
+ 100 5
+ 1 96
+ 100 6
+ 1 95
+ 100 7
+ 1 94
+ 100 8
+ 1 93
+ 100 9
+ 1 92
+ 100 10
+ 1 91
+ 100 11
+ 1 90
+ 100 12
+ 1 89
+ 100 13
+ 1 88
+ 100 14
+ 1 87
+ 100 15
+ 1 86
+ 100 16
+ 1 85
+ 100 17
+ 1 84
+ 100 18
+ 100 19
+ 100 20
+ 1 81
+ 100 21
+ 1 80
+ 100 22
+ 1 79
+ 100 23
+ 1 78
+ 100 24
+ 1 77
+ 100 25
+ 1 76
+ 100 26
+ 1 75
+ 100 27
+ 1 74
+ 100 28
+ 1 73
+ 100 29
+ 100 30
+ 1 71
+ 100 31
+ 1 70
+ 100 32
+ 100 33
+ 1 68
+ 100 34
+ 1 67
+ 100 35
+ 1 66
+ 100 36
+ 100 37
+ 1 64
+ 100 38
+ 1 63
+ 100 39
+ 100 40
+ 1 61
+ 100 41
+ 100 42
+ 1 59
+ 100 43
+ 1 58
+ 44 100
+ 45 100
+ 100 46
+ 1 55
+ 100 47
+ 1 54
+ 100 48
+ 1 53
+ 100 49
+ 1 52
+ 100 50
+ 1 51
+ 100 51
+ 1 50
+ 100 52
+ 1 49
+ 100 53
+ 7 54
+ 100 54
+ 1 47
+ 100 55
+ 100 56
+ 1 45
+ 100 57
+ 1 44
+ 100 58
+ 1 43
+ 100 59
+ 1 42
+ 100 60
+ 1 41
+ 100 61
+ 1 40
+ 100 62
+ 1 39
+ 100 63
+ 100 64
+ 1 37
+ 100 65
+ 100 66
+ 1 35
+ 67 100
+ 100 68
+ 1 33
+ 100 69
+ 1 32
+ 100 70
+ 1 31
+ 71 100
+ 72 100
+ 100 73
+ 1 28
+ 100 74
+ 1 27
+ 100 75
+ 1 26
o 100 76
+ 1 25
+ 77 100
+ 100 78
+ 1 23
+ 100 79
+ 1 22
+ 100 80
+ 1 21
+ 100 81
+ 1 20
+ 100 82
+ 1 19
+ 100 83
+ 1 18
+ 100 84
+ 1 17
+ 100 85
+ 1 16
+ 100 86
+ 1 15
+ 100 87
+ 100 88
+ 1 13
+ 100 89
+ 1 12
+ 100 90
+ 100 91
+ 3 12
+ 100 92
+ 1 9
+ 100 94
+ 100 95
+ 1 6
+ 100 96
+ 1 5
+ 100 97
+ 1 4
+ 100 98
+ 1 3
+ 100 99
+ 1 2
Case #8: 271 208
o 1 1
x 2 2
x 3 3
x 4 4
x 5 5
x 6 6
x 7 7
x 8 8
x 9 9
x 10 10
x 11 11
x 12 12
x 13 13
x 14 14
x 15 15
x 16 16
x 17 17
x 18 18
x 19 19
x 20 20
x 21 21
x 22 22
x 23 23
x 24 24
x 25 25
x 26 26
x 27 27
x 28 28
x 29 29
x 30 30
x 31 31
x 32 32
x 33 33
x 34 34
x 35 35
x 36 36
x 37 37
x 38 38
x 39 39
x 40 40
x 41 41
x 42 42
x 43 43
x 44 44
x 45 45
x 46 46
x 47 47
x 48 48
x 49 49
x 50 50
x 51 51
x 52 52
x 53 53
x 54 54
x 55 55
x 56 56
x 57 57
x 58 58
x 59 59
x 60 60
x 61 61
x 62 62
x 63 63
x 64 64
x 65 65
x 66 66
x 67 67
x 68 68
x 69 69
x 70 70
x 71 71
x 72 72
x 73 73
x 74 74
x 75 75
x 76 76
x 77 77
x 78 78
x 79 79
x 80 80
x 81 81
x 82 82
x 83 83
x 84 84
x 85 85
x 86 86
x 87 87
x 88 88
x 89 89
x 90 90
x 91 91
x 92 92
x 93 93
x 94 94
x 95 95
x 96 96
x 97 97
x 98 98
x 99 99
x 100 100
+ 100 2
+ 1 99
+ 100 3
+ 1 98
+ 100 4
+ 100 5
+ 100 6
+ 100 7
+ 100 8
+ 1 93
+ 100 9
+ 1 92
+ 100 10
+ 100 11
+ 1 90
+ 100 12
+ 1 89
+ 100 13
+ 100 14
+ 1 87
+ 15 100
+ 100 16
+ 100 17
+ 100 18
+ 1 83
+ 100 19
+ 100 20
+ 100 21
+ 1 80
+ 22 100
+ 100 23
+ 100 24
+ 100 25
+ 100 26
+ 100 27
+ 100 28
+ 100 29
+ 100 30
+ 1 71
+ 100 31
+ 1 70
+ 100 32
+ 100 33
+ 1 68
+ 100 34
+ 100 35
+ 1 66
+ 36 100
+ 100 37
+ 100 38
+ 100 39
+ 100 40
+ 100 41
+ 42 100
+ 100 43
+ 44 100
+ 100 45
+ 100 46
+ 1 55
+ 100 47
+ 1 54
+ 100 48
+ 3 55
+ 100 49
+ 100 50
+ 8 58
+ 100 52
+ 100 53
+ 52 99
+ 54 100
+ 100 55
+ 3 48
+ 100 56
+ 100 57
+ 58 100
+ 100 59
+ 100 60
+ 61 100
+ 62 100
+ 100 63
+ 100 64
+ 100 65
+ 1 36
+ 100 66
+ 2 36
+ 100 67
+ 68 100
+ 100 69
+ 1 32
+ 70 100
+ 100 71
+ 100 72
+ 100 73
+ 76 100
+ 100 78
+ 100 83
+ 1 18
+ 84 100
+ 86 100
+ 100 89
+ 100 91
+ 100 92
+ 91 99
+ 94 100
+ 100 95
+ 100 96
+ 100 97
+ 100 98
Case #9: 184 0
Case #10: 174 89
o 1 6
x 2 9
x 4 10
x 5 11
x 6 12
x 10 14
x 11 20
x 13 27
x 14 30
x 16 33
x 21 34
x 22 35
x 24 39
x 28 41
x 29 43
x 31 46
x 36 47
x 37 48
x 41 49
x 42 51
x 45 53
x 48 54
x 51 56
x 52 58
x 53 60
x 55 61
x 57 62
x 59 63
x 63 64
o 65 66
+ 66 2
+ 1 65
+ 64 1
+ 66 4
+ 1 63
+ 62 1
+ 66 7
+ 1 60
+ 59 1
+ 66 9
+ 1 58
+ 12 66
+ 66 13
+ 66 14
+ 66 16
+ 1 51
+ 66 18
+ 1 49
+ 47 1
+ 4 50
+ 23 66
+ 25 66
+ 66 26
+ 40 1
+ 1 39
+ 1 38
+ 66 30
+ 1 37
+ 31 66
+ 66 32
+ 4 38
+ 1 34
+ 1 32
+ 66 36
+ 66 37
+ 66 38
+ 66 40
+ 41 66
+ 1 25
+ 66 43
+ 66 44
+ 66 45
+ 1 22
+ 2 22
+ 1 20
+ 66 51
+ 66 54
+ 66 56
+ 66 58
+ 1 9
+ 66 59
+ 1 8
+ 66 61
+ 66 62
+ 1 5
+ 66 63
+ 66 64
+ 1 3
+ 66 66
Case #11: 274 216
o 1 1
x 2 2
x 3 3
x 4 4
x 5 5
x 6 6
x 7 7
x 8 8
x 9 9
x 10 10
x 11 11
x 12 12
x 13 13
x 14 14
x 15 15
x 16 16
x 17 17
x 18 18
x 19 19
x 20 20
x 21 21
x 22 22
x 23 23
x 24 24
x 25 25
x 26 26
x 27 27
x 28 28
x 29 29
x 30 30
x 31 31
x 32 32
x 33 33
x 34 34
x 35 35
x 36 36
x 37 37
x 38 38
x 39 39
x 40 40
x 41 41
x 42 42
x 43 43
x 44 44
x 45 45
x 46 46
x 47 47
x 48 48
x 49 49
x 50 50
x 51 51
x 52 52
x 53 53
x 54 54
x 55 55
x 56 56
x 57 57
x 58 58
x 59 59
x 60 60
x 61 61
x 62 62
x 63 63
x 64 64
x 65 65
x 66 66
x 67 67
x 68 68
x 69 69
x 70 70
x 71 71
x 72 72
x 73 73
x 74 74
x 75 75
x 76 76
x 77 77
x 78 78
x 79 79
x 80 80
x 81 81
x 82 82
x 83 83
x 84 84
x 85 85
x 86 86
x 87 87
x 88 88
x 89 89
x 90 90
x 91 91
x 92 92
x 93 93
x 94 94
x 95 95
x 96 96
x 97 97
x 98 98
x 99 99
x 100 100
+ 100 2
+ 100 3
+ 1 98
+ 100 4
+ 1 97
+ 100 5
+ 1 96
+ 6 100
+ 100 7
+ 100 8
+ 1 93
+ 100 9
+ 1 92
+ 100 10
+ 100 11
+ 100 12
+ 1 89
+ 100 13
+ 1 88
+ 100 14
+ 1 87
+ 100 15
+ 100 16
+ 100 17
+ 100 18
+ 100 19
+ 1 82
+ 100 20
+ 1 81
+ 100 21
+ 1 80
+ 100 22
+ 100 23
+ 1 78
+ 100 24
+ 100 25
+ 100 26
+ 100 27
+ 2 75
+ 100 28
+ 2 74
+ 100 29
+ 1 72
+ 100 30
+ 1 71
+ 100 31
+ 100 32
+ 100 33
+ 100 34
+ 100 35
+ 100 36
+ 1 65
+ 37 100
+ 100 38
+ 100 39
+ 40 100
+ 100 41
+ 100 42
+ 3 61
+ 100 43
+ 2 59
+ 100 44
+ 100 45
+ 100 46
+ 100 47
+ 100 48
+ 100 49
+ 1 52
+ 100 50
+ 100 51
+ 100 52
+ 100 53
+ 100 54
+ 100 55
+ 1 46
+ 100 56
+ 100 58
+ 3 45
+ 100 60
+ 6 46
+ 100 61
+ 1 40
+ 62 100
+ 100 63
+ 61 98
+ 100 64
+ 1 37
+ 65 100
+ 100 66
+ 1 35
+ 67 100
+ 100 68
+ 100 69
+ 63 94
+ 100 70
+ 71 100
+ 100 72
+ 1 29
+ 73 100
+ 100 74
+ 100 75
+ 100 76
+ 77 100
+ 78 100
+ 100 79
+ 80 100
+ 100 82
+ 2 20
+ 100 85
+ 84 99
+ 100 86
+ 1 15
+ 100 88
+ 100 89
+ 91 100
+ 100 92
Case #12: 298 297
x 1 1
x 2 2
x 3 3
x 4 4
x 5 5
x 6 6
x 7 7
x 8 8
x 9 9
x 10 10
x 11 11
x 12 12
x 13 13
x 14 14
x 15 15
x 16 16
x 17 17
x 18 18
x 19 19
x 20 20
x 21 21
x 22 22
x 23 23
x 24 24
x 25 25
x 26 26
x 27 27
x 28 28
x 29 29
x 30 30
x 31 31
x 32 32
x 33 33
x 34 34
x 35 35
x 36 36
x 37 37
x 38 38
x 39 39
x 40 40
x 41 41
x 42 42
x 43 43
x 44 44
x 45 45
x 46 46
x 47 47
x 48 48
x 49 49
x 50 50
x 51 51
x 52 52
x 53 53
x 54 54
x 55 55
x 56 56
x 57 57
x 58 58
x 59 59
x 60 60
x 61 61
x 62 62
x 63 63
x 64 64
x 65 65
x 66 66
x 67 67
x 68 68
x 69 69
x 70 70
x 71 71
x 72 72
x 73 73
x 74 74
x 75 75
x 76 76
x 77 77
x 78 78
x 79 79
x 80 80
x 81 81
x 82 82
x 83 83
x 84 84
x 85 85
x 86 86
x 87 87
x 88 88
x 89 89
x 90 90
x 91 91
x 92 92
x 93 93
x 94 94
x 95 95
x 96 96
x 97 97
x 98 98
x 99 99
o 100 100
+ 100 1
+ 100 2
+ 1 99
+ 100 3
+ 1 98
+ 100 4
+ 1 97
+ 100 5
+ 1 96
+ 100 6
+ 1 95
+ 100 7
+ 1 94
+ 100 8
+ 1 93
+ 100 9
+ 1 92
+ 100 10
+ 1 91
+ 100 11
+ 1 90
+ 100 12
+ 1 89
+ 100 13
+ 1 88
+ 100 14
+ 1 87
+ 100 15
+ 1 86
+ 100 16
+ 1 85
+ 100 17
+ 1 84
+ 100 18
+ 1 83
+ 100 19
+ 1 82
+ 100 20
+ 1 81
+ 100 21
+ 1 80
+ 100 22
+ 1 79
+ 100 23
+ 1 78
+ 100 24
+ 1 77
+ 100 25
+ 1 76
+ 100 26
+ 1 75
+ 100 27
+ 1 74
+ 100 28
+ 1 73
+ 100 29
+ 1 72
+ 100 30
+ 1 71
+ 100 31
+ 1 70
+ 100 32
+ 1 69
+ 100 33
+ 1 68
+ 100 34
+ 1 67
+ 100 35
+ 1 66
+ 100 36
+ 1 65
+ 100 37
+ 1 64
+ 100 38
+ 1 63
+ 100 39
+ 1 62
+ 100 40
+ 1 61
+ 100 41
+ 1 60
+ 100 42
+ 1 59
+ 100 43
+ 1 58
+ 100 44
+ 1 57
+ 100 45
+ 1 56
+ 100 46
+ 1 55
+ 100 47
+ 1 54
+ 100 48
+ 1 53
+ 100 49
+ 1 52
+ 100 50
+ 1 51
+ 100 51
+ 1 50
+ 100 52
+ 1 49
+ 100 53
+ 1 48
+ 100 54
+ 1 47
+ 100 55
+ 1 46
+ 100 56
+ 1 45
+ 100 57
+ 1 44
+ 100 58
+ 1 43
+ 100 59
+ 1 42
+ 100 60
+ 1 41
+ 100 61
+ 1 40
+ 100 62
+ 1 39
+ 100 63
+ 1 38
+ 100 64
+ 1 37
+ 100 65
+ 1 36
+ 100 66
+ 1 35
+ 100 67
+ 1 34
+ 100 68
+ 1 33
+ 100 69
+ 1 32
+ 100 70
+ 1 31
+ 100 71
+ 1 30
+ 100 72
+ 1 29
+ 100 73
+ 1 28
+ 100 74
+ 1 27
+ 100 75
+ 1 26
+ 100 76
+ 1 25
+ 100 77
+ 1 24
+ 100 78
+ 1 23
+ 100 79
+ 1 22
+ 100 80
+ 1 21
+ 100 81
+ 1 20
+ 100 82
+ 1 19
+ 100 83
+ 1 18
+ 100 84
+ 1 17
+ 100 85
+ 1 16
+ 100 86
+ 1 15
+ 100 87
+ 1 14
+ 100 88
+ 1 13
+ 100 89
+ 1 12
+ 100 90
+ 1 11
+ 100 91
+ 1 10
+ 100 92
+ 1 9
+ 100 93
+ 1 8
+ 100 94
+ 1 7
+ 100 95
+ 1 6
+ 100 96
+ 1 5
+ 100 97
+ 1 4
+ 100 98
+ 1 3
+ 100 99
+ 1 2
Case #13: 298 272
o 1 1
x 2 4
x 3 5
x 4 6
x 5 7
x 7 8
x 8 9
x 9 10
x 11 14
x 12 15
x 13 16
x 16 19
x 17 20
x 18 21
x 19 23
x 20 24
x 21 26
x 22 27
x 26 28
x 27 30
x 28 31
x 29 32
x 30 33
x 31 34
x 33 37
x 34 38
x 35 39
x 36 41
x 38 42
x 39 43
x 40 44
x 42 45
x 43 47
x 44 48
x 45 50
x 46 51
x 48 52
x 51 53
x 52 54
x 53 55
x 54 56
x 55 58
x 56 59
x 57 60
x 58 61
x 59 62
x 60 63
x 61 64
x 62 65
x 63 66
x 65 67
x 66 69
x 68 70
x 69 71
x 71 72
x 72 74
x 73 75
x 74 77
x 76 78
x 77 79
x 78 80
x 80 81
x 81 82
x 83 83
x 84 84
x 85 85
x 86 86
x 88 87
x 89 88
x 90 90
x 94 91
x 96 93
x 97 94
x 98 95
x 99 98
o 100 99
+ 100 1
+ 100 2
+ 1 99
+ 100 3
+ 1 98
+ 100 4
+ 1 97
+ 100 5
+ 1 96
+ 100 6
+ 1 95
+ 100 7
+ 1 94
+ 100 8
+ 1 93
+ 100 9
+ 1 92
+ 100 10
+ 1 91
+ 100 11
+ 1 90
+ 100 12
+ 1 89
+ 100 13
+ 1 88
+ 100 14
+ 1 87
+ 100 15
+ 1 86
+ 100 16
+ 1 85
+ 100 17
+ 1 84
+ 100 18
+ 1 83
+ 100 19
+ 1 82
+ 100 20
+ 1 81
+ 100 21
+ 1 80
+ 100 22
+ 1 79
+ 100 23
+ 1 78
+ 100 24
+ 1 77
+ 100 25
+ 1 76
+ 100 26
+ 1 75
+ 100 27
+ 1 74
+ 100 28
+ 1 73
+ 100 29
+ 1 72
+ 100 30
+ 1 71
+ 100 31
+ 1 70
+ 100 32
+ 1 69
+ 100 33
+ 1 68
+ 100 34
+ 1 67
+ 100 35
+ 1 66
+ 100 36
+ 1 65
+ 100 37
+ 1 64
+ 100 38
+ 1 63
+ 100 39
+ 1 62
+ 100 40
+ 1 61
+ 100 41
+ 1 60
+ 100 42
+ 1 59
+ 100 43
+ 1 58
+ 100 44
+ 1 57
+ 100 45
+ 1 56
+ 100 46
+ 1 55
+ 100 47
+ 1 54
+ 100 48
+ 1 53
+ 100 49
+ 1 52
+ 100 50
+ 1 51
+ 100 51
+ 1 50
+ 100 52
+ 1 49
+ 100 53
+ 1 48
+ 100 54
+ 1 47
+ 100 55
+ 1 46
+ 100 56
+ 1 45
+ 100 57
+ 1 44
+ 100 58
+ 1 43
+ 100 59
+ 1 42
+ 100 60
+ 1 41
+ 100 61
+ 1 40
+ 100 62
+ 1 39
+ 100 63
+ 1 38
+ 100 64
+ 1 37
+ 100 65
+ 1 36
+ 100 66
+ 1 35
+ 100 67
+ 1 34
+ 100 68
+ 1 33
+ 100 69
+ 1 32
+ 100 70
+ 1 31
+ 100 71
+ 1 30
+ 100 72
+ 1 29
+ 100 73
+ 1 28
+ 100 74
+ 1 27
+ 100 75
+ 1 26
+ 100 76
+ 1 25
+ 100 77
+ 1 24
+ 100 78
+ 1 23
+ 100 79
+ 1 22
+ 100 80
+ 1 21
+ 100 81
+ 1 20
+ 100 82
+ 1 19
+ 100 83
+ 1 18
+ 100 84
+ 1 17
+ 100 85
+ 1 16
+ 100 86
+ 1 15
+ 100 87
+ 1 14
+ 100 88
+ 1 13
+ 100 89
+ 1 12
+ 100 90
+ 1 11
+ 100 91
+ 1 10
+ 100 92
+ 1 9
+ 100 93
+ 1 8
+ 100 94
+ 1 7
+ 100 95
+ 1 6
+ 100 96
+ 1 5
+ 100 97
+ 1 4
+ 100 98
+ 1 3
+ 1 2
Case #14: 263 168
o 1 1
x 2 2
x 3 3
x 4 4
x 5 5
x 6 6
x 7 7
x 8 8
x 9 9
x 10 10
x 11 11
x 12 12
x 13 13
x 14 14
x 15 15
x 16 16
x 17 17
x 18 18
x 19 19
x 20 20
x 21 21
x 22 22
x 23 23
x 24 24
x 25 25
x 26 26
x 27 27
x 28 28
x 29 29
x 30 30
x 31 31
x 32 32
x 33 33
x 34 34
x 35 35
x 36 36
x 37 37
x 38 38
x 39 39
x 40 40
x 41 41
x 42 42
x 43 43
x 44 44
x 45 45
x 46 46
x 47 47
x 48 48
x 49 49
x 50 50
x 51 51
x 52 52
x 53 53
x 54 54
x 55 55
x 56 56
x 57 57
x 58 58
x 59 59
x 60 60
x 61 61
x 62 62
x 63 63
x 64 64
x 65 65
x 66 66
x 67 67
x 68 68
x 69 69
x 70 70
x 71 71
x 72 72
x 73 73
x 74 74
x 75 75
x 76 76
x 77 77
x 78 78
x 79 79
x 80 80
x 81 81
x 82 82
x 83 83
x 84 84
x 85 85
x 86 86
x 87 87
x 88 88
x 89 89
x 90 90
x 91 91
x 92 92
x 93 93
x 94 94
x 95 95
x 96 96
x 97 97
x 98 98
x 99 99
x 100 100
+ 100 2
+ 100 3
+ 100 4
+ 100 5
+ 100 6
+ 100 7
+ 100 8
+ 100 9
+ 100 10
+ 100 11
+ 100 12
+ 13 100
+ 100 14
+ 100 15
+ 100 16
+ 100 17
+ 100 18
+ 19 100
+ 100 20
+ 100 21
+ 100 22
+ 100 23
+ 100 24
+ 100 25
+ 100 26
+ 100 27
+ 100 28
+ 100 29
+ 100 30
+ 100 31
+ 32 100
+ 100 34
+ 35 100
+ 100 36
+ 100 37
+ 100 38
+ 100 39
+ 36 97
+ 100 40
+ 100 41
+ 100 43
+ 100 44
+ 100 45
+ 100 46
+ 100 47
+ 100 48
+ 45 97
+ 100 49
+ 100 50
+ 52 100
+ 100 54
+ 55 100
+ 100 57
+ 55 98
+ 59 100
+ 100 60
+ 100 62
+ 60 98
+ 100 63
+ 62 99
+ 64 100
+ 67 100
+ 69 100
+ 70 100
+ 100 73
+ 76 100
+ 100 77
+ 76 99
Case #15: 2 1
o 1 1
Case #16: 269 173
o 1 1
x 2 2
x 3 3
x 4 4
x 5 5
x 6 6
x 7 7
x 8 8
x 9 9
x 10 10
x 11 11
x 12 12
x 13 13
x 14 14
x 15 15
x 16 16
x 17 17
x 18 18
x 19 19
x 20 20
x 21 21
x 22 22
x 23 23
x 24 24
x 25 25
x 26 26
x 27 27
x 28 28
x 29 29
x 30 30
x 31 31
x 32 32
x 33 33
x 34 34
x 35 35
x 36 36
x 37 37
x 38 38
x 39 39
x 40 40
x 41 41
x 42 42
x 43 43
x 44 44
x 45 45
x 46 46
x 47 47
x 48 48
x 49 49
x 50 50
x 51 51
x 52 52
x 53 53
x 54 54
x 55 55
x 56 56
x 57 57
x 58 58
x 59 59
x 60 60
x 61 61
x 62 62
x 63 63
x 64 64
x 65 65
x 66 66
x 67 67
x 68 68
x 69 69
x 70 70
x 71 71
x 72 72
x 73 73
x 74 74
x 75 75
x 76 76
x 77 77
x 78 78
x 79 79
x 80 80
x 81 81
x 82 82
x 83 83
x 84 84
x 85 85
x 86 86
x 87 87
x 88 88
x 89 89
x 90 90
x 91 91
x 92 92
x 93 93
x 94 94
x 95 95
x 96 96
x 97 97
x 98 98
x 99 99
x 100 100
+ 100 2
+ 100 3
+ 100 4
+ 100 5
+ 100 6
+ 7 100
+ 100 8
+ 100 9
+ 100 10
+ 100 11
+ 100 12
+ 100 13
+ 14 100
+ 100 15
+ 100 16
+ 100 17
+ 100 18
+ 19 100
+ 100 20
+ 100 21
+ 100 22
+ 23 100
+ 24 100
+ 100 25
+ 100 26
+ 100 27
+ 100 28
+ 100 29
+ 100 30
+ 100 31
+ 100 32
+ 100 33
+ 100 35
+ 37 100
+ 100 38
+ 37 99
+ 100 39
+ 40 100
+ 100 42
+ 43 100
+ 44 100
+ 100 45
+ 43 98
+ 100 46
+ 100 48
+ 41 93
+ 100 49
+ 48 99
+ 100 51
+ 52 100
+ 53 100
+ 100 54
+ 52 98
+ 100 55
+ 56 100
+ 57 100
+ 58 100
+ 100 59
+ 60 100
+ 100 61
+ 100 62
+ 100 64
+ 65 100
+ 100 66
+ 100 68
+ 100 69
+ 100 70
+ 100 71
+ 100 72
+ 75 100
+ 77 100
+ 100 79
+ 100 83
Case #17: 298 198
+ 100 1
+ 100 2
+ 1 99
+ 100 3
+ 1 98
+ 100 4
+ 1 97
+ 100 5
+ 1 96
+ 100 6
+ 1 95
+ 100 7
+ 1 94
+ 100 8
+ 1 93
+ 100 9
+ 1 92
+ 100 10
+ 1 91
+ 100 11
+ 1 90
+ 100 12
+ 1 89
+ 100 13
+ 1 88
+ 100 14
+ 1 87
+ 100 15
+ 1 86
+ 100 16
+ 1 85
+ 100 17
+ 1 84
+ 100 18
+ 1 83
+ 100 19
+ 1 82
+ 100 20
+ 1 81
+ 100 21
+ 1 80
+ 100 22
+ 1 79
+ 100 23
+ 1 78
+ 100 24
+ 1 77
+ 100 25
+ 1 76
+ 100 26
+ 1 75
+ 100 27
+ 1 74
+ 100 28
+ 1 73
+ 100 29
+ 1 72
+ 100 30
+ 1 71
+ 100 31
+ 1 70
+ 100 32
+ 1 69
+ 100 33
+ 1 68
+ 100 34
+ 1 67
+ 100 35
+ 1 66
+ 100 36
+ 1 65
+ 100 37
+ 1 64
+ 100 38
+ 1 63
+ 100 39
+ 1 62
+ 100 40
+ 1 61
+ 100 41
+ 1 60
+ 100 42
+ 1 59
+ 100 43
+ 1 58
+ 100 44
+ 1 57
+ 100 45
+ 1 56
+ 100 46
+ 1 55
+ 100 47
+ 1 54
+ 100 48
+ 1 53
+ 100 49
+ 1 52
+ 100 50
+ 1 51
+ 100 51
+ 1 50
+ 100 52
+ 1 49
+ 100 53
+ 1 48
+ 100 54
+ 1 47
+ 100 55
+ 1 46
+ 100 56
o 1 45
+ 100 57
+ 1 44
+ 100 58
+ 1 43
+ 100 59
+ 1 42
+ 100 60
+ 1 41
+ 100 61
+ 1 40
+ 100 62
+ 1 39
+ 100 63
+ 1 38
+ 100 64
+ 1 37
+ 100 65
+ 1 36
+ 100 66
+ 1 35
+ 100 67
+ 1 34
+ 100 68
+ 1 33
+ 100 69
+ 1 32
+ 100 70
+ 1 31
+ 100 71
+ 1 30
+ 100 72
+ 1 29
+ 100 73
+ 1 28
+ 100 74
+ 1 27
o 100 75
+ 1 26
+ 100 76
+ 1 25
+ 100 77
+ 1 24
+ 100 78
+ 1 23
+ 100 79
+ 1 22
+ 100 80
+ 1 21
+ 100 81
+ 1 20
+ 100 82
+ 1 19
+ 100 83
+ 1 18
+ 100 84
+ 1 17
+ 100 85
+ 1 16
+ 100 86
+ 1 15
+ 100 87
+ 1 14
+ 100 88
+ 1 13
+ 100 89
+ 1 12
+ 100 90
+ 1 11
+ 100 91
+ 1 10
+ 100 92
+ 1 9
+ 100 93
+ 1 8
+ 100 94
+ 1 7
+ 100 95
+ 1 6
+ 100 96
+ 1 5
+ 100 97
+ 1 4
+ 100 98
+ 1 3
+ 100 99
+ 1 2
+ 100 100
Case #18: 280 224
o 1 1
x 2 2
x 3 3
x 4 4
x 5 5
x 6 6
x 7 7
x 8 8
x 9 9
x 10 10
x 11 11
x 12 12
x 13 13
x 14 14
x 15 15
x 16 16
x 17 17
x 18 18
x 19 19
x 20 20
x 21 21
x 22 22
x 23 23
x 24 24
x 25 25
x 26 26
x 27 27
x 28 28
x 29 29
x 30 30
x 31 31
x 32 32
x 33 33
x 34 34
x 35 35
x 36 36
x 37 37
x 38 38
x 39 39
x 40 40
x 41 41
x 42 42
x 43 43
x 44 44
x 45 45
x 46 46
x 47 47
x 48 48
x 49 49
x 50 50
x 51 51
x 52 52
x 53 53
x 54 54
x 55 55
x 56 56
x 57 57
x 58 58
x 59 59
x 60 60
x 61 61
x 62 62
x 63 63
x 64 64
x 65 65
x 66 66
x 67 67
x 68 68
x 69 69
x 70 70
x 71 71
x 72 72
x 73 73
x 74 74
x 75 75
x 76 76
x 77 77
x 78 78
x 79 79
x 80 80
x 81 81
x 82 82
x 83 83
x 84 84
x 85 85
x 86 86
x 87 87
x 88 88
x 89 89
x 90 90
x 91 91
x 92 92
x 93 93
x 94 94
x 95 95
x 96 96
x 97 97
x 98 98
x 99 99
x 100 100
+ 100 2
+ 100 3
+ 1 98
+ 100 4
+ 100 5
+ 100 6
+ 1 95
+ 100 7
+ 100 8
+ 1 93
+ 100 9
+ 1 92
+ 100 10
+ 11 100
+ 100 12
+ 100 13
+ 1 88
+ 100 14
+ 1 87
+ 100 15
+ 1 86
+ 16 100
+ 100 17
+ 1 84
+ 100 18
+ 4 86
+ 100 19
+ 100 20
+ 100 21
+ 100 22
+ 100 23
+ 100 24
+ 100 25
+ 1 76
+ 26 100
+ 100 27
+ 1 74
+ 100 28
+ 100 29
+ 100 30
+ 31 100
+ 100 32
+ 100 33
+ 1 68
+ 100 34
+ 1 67
+ 100 35
+ 1 66
+ 100 36
+ 1 65
+ 100 37
+ 1 64
+ 100 38
+ 1 63
+ 100 39
+ 100 40
+ 1 61
+ 100 41
+ 6 65
+ 100 42
+ 43 100
+ 100 44
+ 100 45
+ 1 56
+ 46 100
+ 100 47
+ 1 54
+ 100 48
+ 1 53
+ 100 49
+ 1 52
+ 100 50
+ 100 51
+ 5 54
+ 100 52
+ 1 49
+ 100 53
+ 100 54
+ 3 49
+ 55 100
+ 56 100
+ 57 100
+ 100 58
+ 100 59
+ 1 42
+ 100 60
+ 1 41
+ 100 61
+ 100 63
+ 5 42
+ 64 100
+ 65 100
+ 100 66
+ 1 35
+ 100 67
+ 100 69
+ 100 70
+ 100 71
+ 1 30
+ 72 100
+ 100 73
+ 3 30
+ 100 74
+ 2 28
+ 100 75
+ 1 26
+ 100 76
+ 100 78
+ 100 79
+ 80 100
+ 100 81
+ 79 98
+ 100 82
+ 2 20
+ 84 100
+ 100 86
+ 100 87
+ 100 89
+ 100 90
+ 89 99
+ 92 100
+ 100 93
+ 92 99
+ 100 94
Case #19: 264 147
x 1 1
x 4 3
x 5 4
x 6 7
x 7 8
x 10 9
x 11 10
x 13 11
x 16 12
x 17 13
x 21 15
x 22 17
x 23 21
x 26 32
x 27 33
x 31 39
x 32 41
x 36 43
x 37 46
x 38 47
x 43 48
x 44 49
x 46 50
x 50 51
x 53 52
x 54 57
x 55 61
x 56 67
x 60 69
x 67 72
x 70 73
x 71 74
x 73 77
x 74 79
x 76 83
x 77 85
x 81 86
x 84 87
x 87 89
x 88 90
x 89 91
x 92 92
x 93 94
x 94 95
x 96 96
+ 97 2
+ 1 96
+ 94 1
+ 93 1
+ 97 6
+ 91 1
+ 97 8
+ 1 90
+ 87 1
+ 97 12
+ 1 86
+ 97 14
+ 1 84
+ 83 1
+ 82 1
+ 81 1
+ 97 19
+ 97 21
+ 2 78
+ 97 23
+ 97 25
+ 97 26
+ 1 72
+ 71 1
+ 2 72
+ 1 70
+ 69 1
+ 4 72
+ 1 68
+ 97 31
+ 1 67
+ 1 66
+ 1 65
+ 1 63
+ 96 35
+ 2 63
+ 97 37
+ 1 61
+ 60 1
+ 59 1
+ 41 97
+ 97 44
+ 1 54
+ 53 1
+ 2 54
+ 51 1
+ 4 54
+ 1 49
+ 48 1
+ 49 96
+ 97 52
+ 53 97
+ 54 97
+ 43 1
+ 2 44
+ 42 1
+ 2 43
+ 97 57
+ 1 41
+ 97 59
+ 1 39
+ 38 1
+ 7 44
+ 61 97
+ 97 63
+ 2 36
+ 97 64
+ 63 96
+ 97 65
+ 1 33
+ 97 66
+ 31 1
+ 9 39
+ 26 1
+ 97 73
+ 1 25
+ 74 97
+ 97 76
+ 97 77
+ 78 97
+ 97 79
+ 80 97
+ 97 81
+ 97 82
+ 97 83
+ 97 84
+ 1 14
+ 97 85
+ 1 13
+ 97 86
+ 1 12
+ 97 88
+ 1 10
+ 97 89
+ 97 90
+ 97 92
+ 1 6
+ 97 93
+ 97 94
+ 97 95
+ 97 96
+ 97 97
Case #20: 275 175
x 2 1
o 5 3
x 6 6
x 7 9
x 8 10
x 12 12
x 13 14
x 14 17
x 15 20
x 16 21
x 17 22
x 20 25
x 23 26
x 26 30
x 27 31
x 28 33
x 30 34
x 32 38
x 33 41
x 38 43
x 39 45
x 40 46
x 41 47
x 45 49
x 46 50
x 47 51
x 51 55
x 52 56
x 53 57
x 56 58
x 58 59
x 61 60
x 64 63
x 65 64
x 66 65
x 67 68
x 69 69
x 70 70
x 72 71
x 73 72
x 74 74
x 75 75
x 76 76
x 77 77
x 78 78
x 80 81
x 82 82
x 85 83
x 88 85
x 90 87
x 92 88
x 93 89
x 95 91
x 96 92
x 97 94
x 98 95
x 99 96
x 100 98
+ 100 2
+ 100 3
+ 100 4
+ 100 5
+ 6 100
+ 100 7
+ 1 94
+ 100 8
+ 2 94
+ 100 9
+ 1 92
+ 100 10
+ 100 11
+ 1 90
+ 100 12
+ 100 13
+ 1 88
+ 100 14
+ 100 15
+ 1 86
+ 16 100
+ 100 17
+ 100 18
+ 19 100
+ 100 20
+ 100 21
+ 100 22
+ 1 79
+ 100 23
+ 100 24
+ 1 77
+ 100 25
+ 100 26
+ 1 75
+ 27 100
+ 28 100
+ 100 29
+ 2 73
+ 100 30
+ 2 72
+ 31 100
+ 100 32
+ 100 33
+ 1 68
+ 100 34
+ 100 35
+ 3 68
+ 100 37
+ 1 64
+ 100 38
+ 1 63
+ 100 39
+ 40 100
+ 100 41
+ 100 42
+ 1 59
+ 100 43
+ 100 44
+ 100 45
+ 100 46
+ 2 56
+ 100 47
+ 100 48
+ 1 53
+ 100 49
+ 100 50
+ 6 56
+ 100 51
+ 1 50
+ 100 52
+ 44 92
+ 100 53
+ 100 54
+ 10 56
+ 55 100
+ 100 56
+ 100 57
+ 58 100
+ 100 59
+ 1 42
+ 60 100
+ 100 61
+ 3 42
+ 62 100
+ 100 63
+ 100 64
+ 1 37
+ 100 65
+ 66 100
+ 100 67
+ 100 68
+ 1 33
+ 100 69
+ 70 100
+ 100 71
+ 1 30
+ 100 72
+ 4 32
+ 73 100
+ 74 100
+ 76 100
+ 79 100
+ 80 100
+ 100 82
+ 100 84
+ 2 18
+ 100 85
+ 100 90
+ 100 91
+ 1 10
+ 92 100
+ 100 93
+ 1 8
+ 94 100
+ 95 100
+ 100 96
+ 1 5
Case #21: 298 100
o 1 1
x 2 2
x 3 3
x 4 4
x 5 5
x 6 6
x 7 7
x 8 8
x 9 9
x 10 10
x 11 11
x 12 12
x 13 13
x 14 14
x 15 15
x 16 16
x 17 17
x 18 18
x 19 19
x 20 20
x 21 21
x 22 22
x 23 23
x 24 24
x 25 25
x 26 26
x 27 27
x 28 28
x 29 29
x 30 30
x 31 31
x 32 32
x 33 33
x 34 34
x 35 35
x 36 36
x 37 37
x 38 38
x 39 39
x 40 40
x 41 41
x 42 42
x 43 43
x 44 44
x 45 45
x 46 46
x 47 47
x 48 48
x 49 49
x 50 50
x 51 51
x 52 52
x 53 53
x 54 54
x 55 55
x 56 56
x 57 57
x 58 58
x 59 59
x 60 60
x 61 61
x 62 62
x 63 63
x 64 64
x 65 65
x 66 66
x 67 67
x 68 68
x 69 69
x 70 70
x 71 71
x 72 72
x 73 73
x 74 74
x 75 75
x 76 76
x 77 77
x 78 78
x 79 79
x 80 80
x 81 81
x 82 82
x 83 83
x 84 84
x 85 85
x 86 86
x 87 87
x 88 88
x 89 89
x 90 90
x 91 91
x 92 92
x 93 93
x 94 94
x 95 95
x 96 96
x 97 97
x 98 98
x 99 99
x 100 100
Case #22: 236 137
x 4 1
x 6 2
x 8 5
x 9 7
x 10 8
x 11 12
x 13 13
x 16 15
x 20 16
x 21 18
x 24 21
x 27 22
x 29 23
x 30 25
x 31 27
x 32 28
x 33 30
x 34 32
x 35 34
x 37 36
x 38 37
x 40 39
x 41 42
x 42 43
x 43 44
x 44 47
x 47 48
x 49 50
x 51 55
x 57 56
x 58 57
x 59 58
x 60 59
x 61 61
x 62 63
x 63 65
x 64 66
x 67 67
x 68 69
x 70 72
x 72 73
x 75 75
x 79 76
x 80 77
x 81 79
x 83 80
x 84 83
x 85 84
x 86 86
x 87 87
x 88 88
o 89 89
+ 89 2
+ 89 3
+ 1 87
+ 89 4
+ 1 86
+ 89 7
+ 1 83
+ 89 10
+ 89 11
+ 1 79
+ 78 1
+ 77 1
+ 89 15
+ 73 1
+ 19 89
+ 89 21
+ 1 69
+ 68 1
+ 89 23
+ 3 69
+ 66 1
+ 65 1
+ 89 26
+ 89 27
+ 1 63
+ 89 30
+ 89 31
+ 1 59
+ 89 33
+ 1 57
+ 56 1
+ 89 37
+ 89 38
+ 40 89
+ 41 89
+ 42 89
+ 43 89
+ 89 44
+ 89 47
+ 41 1
+ 2 42
+ 89 50
+ 1 40
+ 51 89
+ 38 1
+ 37 1
+ 49 85
+ 89 54
+ 1 36
+ 89 55
+ 89 56
+ 89 57
+ 58 89
+ 89 59
+ 1 31
+ 60 89
+ 89 61
+ 1 29
+ 1 28
+ 89 63
+ 1 27
+ 64 89
+ 89 65
+ 24 2
+ 12 34
+ 89 68
+ 69 89
+ 20 1
+ 2 21
+ 89 71
+ 73 89
+ 74 89
+ 75 89
+ 89 76
+ 77 89
+ 89 78
+ 89 80
+ 89 82
+ 89 83
+ 89 84
+ 89 85
+ 1 5
+ 87 89
+ 89 88
+ 1 2
Case #23: 270 191
o 1 1
x 2 2
x 3 3
x 4 4
x 5 5
x 6 6
x 7 7
x 8 8
x 9 9
x 10 10
x 11 11
x 12 12
x 13 13
x 14 14
x 15 15
x 16 16
x 17 17
x 18 18
x 19 19
x 20 20
x 21 21
x 22 22
x 23 23
x 24 24
x 25 25
x 26 26
x 27 27
x 28 28
x 29 29
x 30 30
x 31 31
x 32 32
x 33 33
x 34 34
x 35 35
x 36 36
x 37 37
x 38 38
x 39 39
x 40 40
x 41 41
x 42 42
x 43 43
x 44 44
x 45 45
x 46 46
x 47 47
x 48 48
x 49 49
x 50 50
x 51 51
x 52 52
x 53 53
x 54 54
x 55 55
x 56 56
x 57 57
x 58 58
x 59 59
x 60 60
x 61 61
x 62 62
x 63 63
x 64 64
x 65 65
x 66 66
x 67 67
x 68 68
x 69 69
x 70 70
x 71 71
x 72 72
x 73 73
x 74 74
x 75 75
x 76 76
x 77 77
x 78 78
x 79 79
x 80 80
x 81 81
x 82 82
x 83 83
x 84 84
x 85 85
x 86 86
x 87 87
x 88 88
x 89 89
x 90 90
x 91 91
x 92 92
x 93 93
x 94 94
x 95 95
x 96 96
x 97 97
x 98 98
x 99 99
x 100 100
+ 100 2
+ 100 3
+ 1 98
+ 100 4
+ 100 5
+ 100 6
+ 100 7
+ 100 8
+ 1 93
+ 100 9
+ 100 10
+ 100 11
+ 100 12
+ 100 13
+ 1 88
+ 100 14
+ 100 15
+ 100 16
+ 100 17
+ 100 18
+ 100 19
+ 1 82
+ 100 20
+ 100 21
+ 22 100
+ 100 23
+ 1 78
+ 100 24
+ 100 25
+ 100 26
+ 100 27
+ 1 74
+ 100 28
+ 100 29
+ 100 30
+ 100 31
+ 100 32
+ 100 33
+ 34 100
+ 35 100
+ 36 100
+ 100 38
+ 100 39
+ 38 99
+ 100 40
+ 1 61
+ 100 41
+ 100 42
+ 43 100
+ 100 44
+ 45 100
+ 100 46
+ 7 61
+ 100 47
+ 1 54
+ 100 48
+ 1 53
+ 100 49
+ 100 50
+ 51 100
+ 100 52
+ 100 53
+ 54 100
+ 100 55
+ 100 56
+ 1 45
+ 57 100
+ 58 100
+ 59 100
+ 100 61
+ 62 100
+ 100 63
+ 100 64
+ 62 98
+ 100 65
+ 67 100
+ 100 68
+ 100 69
+ 1 32
+ 100 70
+ 68 98
+ 100 71
+ 100 72
+ 1 29
+ 100 74
+ 100 76
+ 2 26
+ 100 77
+ 80 100
+ 83 100
+ 100 84
Case #24: 145 0
Case #25: 241 136
x 4 2
x 7 3
x 8 4
x 10 9
x 11 12
x 12 16
x 18 22
x 20 24
x 22 25
x 24 26
x 26 27
x 28 28
x 29 29
x 30 30
x 31 32
x 32 33
x 34 35
x 36 41
x 37 42
x 38 44
x 40 45
x 41 50
x 46 51
x 48 52
x 49 53
x 50 54
x 51 55
x 53 57
x 55 58
x 56 59
x 58 60
x 59 63
x 60 66
x 61 67
x 62 69
x 63 70
x 64 71
x 65 73
x 67 75
x 70 79
x 73 81
x 81 82
x 82 83
x 83 84
x 84 86
x 86 88
x 88 89
+ 89 1
+ 88 1
+ 87 1
+ 86 1
+ 84 1
+ 89 7
+ 89 9
+ 10 89
+ 89 11
+ 89 12
+ 77 1
+ 2 78
+ 89 14
+ 89 15
+ 89 16
+ 1 74
+ 89 17
+ 1 73
+ 89 20
+ 1 70
+ 89 23
+ 22 88
+ 89 24
+ 65 1
+ 3 67
+ 89 26
+ 89 27
+ 63 2
+ 3 64
+ 1 59
+ 89 32
+ 1 58
+ 31 87
+ 89 34
+ 1 56
+ 1 55
+ 89 37
+ 5 57
+ 38 89
+ 89 42
+ 2 49
+ 43 89
+ 44 89
+ 89 45
+ 1 45
+ 2 45
+ 45 3
+ 48 7
+ 89 49
+ 89 50
+ 1 40
+ 39 1
+ 89 52
+ 37 1
+ 54 89
+ 89 57
+ 89 58
+ 1 31
+ 30 1
+ 3 32
+ 89 61
+ 1 29
+ 1 28
+ 89 63
+ 89 65
+ 66 89
+ 89 67
+ 1 23
+ 89 69
+ 89 70
+ 1 20
+ 89 72
+ 1 17
+ 89 74
+ 1 15
+ 89 76
+ 1 14
+ 77 89
+ 79 89
+ 89 80
+ 89 81
+ 1 9
+ 89 83
+ 89 86
+ 89 87
+ 1 3
+ 89 88
+ 1 2
+ 89 89
Case #26: 188 101
x 3 7
x 6 8
x 7 11
x 8 12
o 10 13
x 13 16
x 14 17
x 17 20
x 21 22
x 22 24
x 23 25
x 24 26
x 25 30
x 28 31
x 30 32
x 31 34
x 32 35
x 34 36
x 37 37
x 40 39
x 41 42
x 42 45
x 44 46
x 47 49
x 50 51
x 51 56
x 59 59
x 62 60
x 63 62
x 64 63
x 66 66
x 68 68
o 71 69
+ 71 1
+ 71 2
+ 71 3
+ 67 1
+ 66 1
o 65 1
+ 63 1
+ 71 10
+ 61 1
+ 12 71
+ 71 13
+ 58 1
+ 2 59
+ 71 15
+ 1 57
+ 71 16
+ 71 18
+ 1 54
+ 71 19
+ 1 53
+ 71 20
+ 1 52
+ 21 71
+ 1 50
+ 71 23
+ 71 27
+ 44 1
+ 27 70
+ 44 2
+ 1 42
+ 71 32
+ 39 1
+ 32 70
+ 71 35
+ 36 1
+ 71 37
+ 1 34
+ 71 39
+ 1 33
+ 32 1
+ 71 43
+ 28 1
+ 43 70
+ 43 69
+ 71 46
+ 1 26
+ 47 71
+ 24 1
+ 71 49
+ 21 1
+ 2 22
+ 71 52
+ 1 20
+ 54 71
+ 55 71
+ 57 71
+ 14 1
+ 57 70
+ 71 59
+ 71 60
+ 71 61
+ 71 63
+ 1 9
+ 71 64
+ 65 71
+ 71 68
+ 1 3
+ 71 70
Case #27: 70 0
Case #28: 275 202
o 1 1
x 2 2
x 3 3
x 4 4
x 5 5
x 6 6
x 7 7
x 8 8
x 9 9
x 10 10
x 11 11
x 12 12
x 13 13
x 14 14
x 15 15
x 16 16
x 17 17
x 18 18
x 19 19
x 20 20
x 21 21
x 22 22
x 23 23
x 24 24
x 25 25
x 26 26
x 27 27
x 28 28
x 29 29
x 30 30
x 31 31
x 32 32
x 33 33
x 34 34
x 35 35
x 36 36
x 37 37
x 38 38
x 39 39
x 40 40
x 41 41
x 42 42
x 43 43
x 44 44
x 45 45
x 46 46
x 47 47
x 48 48
x 49 49
x 50 50
x 51 51
x 52 52
x 53 53
x 54 54
x 55 55
x 56 56
x 57 57
x 58 58
x 59 59
x 60 60
x 61 61
x 62 62
x 63 63
x 64 64
x 65 65
x 66 66
x 67 67
x 68 68
x 69 69
x 70 70
x 71 71
x 72 72
x 73 73
x 74 74
x 75 75
x 76 76
x 77 77
x 78 78
x 79 79
x 80 80
x 81 81
x 82 82
x 83 83
x 84 84
x 85 85
x 86 86
x 87 87
x 88 88
x 89 89
x 90 90
x 91 91
x 92 92
x 93 93
x 94 94
x 95 95
x 96 96
x 97 97
x 98 98
x 99 99
x 100 100
+ 100 2
+ 1 99
+ 100 3
+ 100 4
+ 100 5
+ 100 6
+ 100 7
+ 8 100
+ 100 9
+ 100 10
+ 100 11
+ 100 12
+ 100 13
+ 14 100
+ 100 15
+ 100 16
+ 1 85
+ 17 100
+ 100 18
+ 19 100
+ 100 20
+ 21 100
+ 100 22
+ 100 23
+ 1 78
+ 100 24
+ 100 25
+ 1 76
+ 100 26
+ 1 75
+ 27 100
+ 100 28
+ 29 100
+ 100 30
+ 100 31
+ 9 78
+ 32 100
+ 100 33
+ 100 34
+ 2 68
+ 100 35
+ 100 36
+ 100 37
+ 100 38
+ 100 39
+ 2 63
+ 100 40
+ 100 41
+ 42 100
+ 100 43
+ 100 44
+ 1 57
+ 100 45
+ 100 46
+ 49 100
+ 100 51
+ 52 100
+ 53 100
+ 100 54
+ 2 48
+ 100 56
+ 1 45
+ 100 57
+ 56 99
+ 100 58
+ 54 96
+ 100 59
+ 1 42
+ 100 60
+ 1 41
+ 62 100
+ 100 63
+ 100 64
+ 100 65
+ 63 98
+ 100 66
+ 3 37
+ 100 68
+ 100 69
+ 100 70
+ 100 71
+ 100 72
+ 60 88
+ 100 73
+ 1 28
+ 100 74
+ 100 75
+ 71 96
+ 76 100
+ 100 77
+ 100 79
+ 7 28
+ 80 100
+ 100 81
+ 1 20
+ 83 100
+ 84 100
+ 85 100
+ 100 87
+ 89 100
+ 100 91
+ 94 100
Case #29: 100 55
x 2 3
x 4 5
x 5 6
x 6 8
x 8 9
x 10 10
x 14 11
x 15 12
x 18 13
x 21 14
x 23 15
x 26 17
x 27 20
x 28 21
x 29 22
x 30 23
x 32 24
x 34 28
x 35 29
x 36 34
x 37 36
x 38 37
x 39 38
+ 1 38
+ 39 3
+ 39 4
+ 35 1
+ 34 1
+ 39 7
+ 39 8
+ 10 39
+ 39 11
+ 1 29
+ 39 14
+ 39 15
+ 39 16
+ 1 24
+ 23 1
+ 18 39
+ 39 19
+ 20 39
+ 19 1
+ 16 1
+ 39 28
+ 1 12
+ 11 1
+ 39 30
+ 1 10
+ 1 8
+ 39 33
+ 1 7
+ 39 34
+ 39 37
+ 1 3
+ 39 39
Case #30: 139 77
x 3 1
x 5 5
x 7 7
x 10 9
x 11 11
x 15 12
x 16 16
x 19 18
x 20 19
x 21 20
x 23 21
x 25 22
x 26 24
x 27 25
x 29 26
x 30 29
x 32 30
x 37 31
x 39 32
x 42 33
x 43 34
x 46 38
x 47 39
x 48 40
x 50 41
x 51 44
x 52 49
+ 52 1
+ 53 3
+ 1 51
+ 53 4
+ 53 6
+ 1 48
+ 53 7
+ 45 1
+ 44 1
+ 43 1
+ 53 12
+ 1 42
+ 41 1
+ 40 1
+ 53 16
+ 53 18
+ 1 34
+ 53 21
+ 53 22
+ 25 53
+ 53 26
+ 1 28
+ 27 53
+ 53 28
+ 3 28
+ 53 29
+ 53 30
+ 1 24
+ 23 1
+ 53 32
+ 21 1
+ 3 23
+ 53 34
+ 53 36
+ 1 18
+ 53 37
+ 14 1
+ 53 41
+ 2 14
+ 53 42
+ 40 51
+ 53 43
+ 1 11
+ 53 44
+ 1 10
+ 45 53
+ 53 46
+ 1 8
+ 53 49
+ 50 53
Case #31: 287 220
o 1 2
x 2 3
x 7 5
x 8 6
x 9 7
x 10 12
x 11 13
x 12 15
x 13 16
x 14 17
x 18 18
x 20 19
x 21 20
x 24 21
x 29 22
x 30 23
x 32 24
x 33 25
x 34 28
x 35 29
x 36 30
x 38 33
x 39 34
x 40 37
x 41 41
x 43 44
x 44 46
x 45 48
x 50 49
x 52 51
x 53 52
x 54 53
x 56 54
x 58 55
x 60 57
x 61 60
x 64 62
x 65 64
x 66 66
x 67 69
x 68 70
x 70 71
x 72 73
x 73 75
x 74 76
x 75 78
x 76 80
x 77 81
x 79 83
x 80 86
x 83 91
x 88 92
x 91 94
x 95 95
x 96 97
x 97 99
x 100 100
+ 100 2
+ 1 99
+ 100 3
+ 1 98
+ 100 4
+ 1 97
+ 100 5
+ 1 96
+ 100 6
+ 1 95
+ 100 7
+ 1 94
+ 100 8
+ 1 93
+ 100 9
+ 100 10
+ 1 91
+ 100 11
+ 1 90
+ 100 12
+ 100 13
+ 1 88
+ 100 14
+ 1 87
+ 100 15
+ 100 16
+ 1 85
+ 100 17
+ 100 18
+ 1 83
+ 100 19
+ 100 20
+ 1 81
+ 100 21
+ 1 80
+ 100 22
+ 1 79
+ 100 23
+ 1 78
+ 100 24
+ 25 100
+ 100 26
+ 1 75
+ 100 27
+ 1 74
+ 100 28
+ 100 29
+ 1 72
+ 100 30
+ 100 31
+ 1 70
+ 100 32
+ 100 33
+ 1 68
+ 100 34
+ 1 67
+ 100 35
+ 6 71
+ 100 36
+ 1 65
+ 100 37
+ 1 64
+ 100 38
+ 1 63
+ 100 39
+ 100 40
+ 1 61
+ 41 100
+ 100 42
+ 1 59
+ 100 43
+ 1 58
+ 100 44
+ 100 45
+ 1 56
+ 100 46
+ 1 55
+ 100 47
+ 1 54
+ 100 48
+ 1 53
+ 100 49
+ 5 56
+ 50 100
+ 100 51
+ 1 50
+ 100 52
+ 1 49
+ 100 53
+ 1 48
+ 100 54
+ 1 47
+ 100 55
+ 1 46
+ 100 56
+ 1 45
+ 100 57
+ 1 44
+ 100 58
+ 1 43
+ 59 100
+ 60 100
+ 100 61
+ 1 40
+ 100 62
+ 1 39
+ 100 63
+ 1 38
+ 100 64
+ 3 39
+ 65 100
+ 100 66
+ 9 43
+ 100 67
+ 1 34
+ 100 68
+ 1 33
+ 100 69
+ 1 32
+ 100 70
+ 1 31
+ 100 71
+ 1 30
+ 100 72
+ 1 29
+ 100 73
+ 1 28
+ 100 74
+ 1 27
+ 75 100
+ 100 77
+ 100 78
+ 1 23
+ 100 79
+ 1 22
+ 100 80
+ 1 21
+ 100 81
+ 1 20
+ 100 82
+ 79 97
+ 100 83
+ 1 18
+ 100 84
+ 5 21
+ 85 100
+ 100 86
+ 100 87
+ 1 14
+ 88 100
+ 89 100
+ 100 90
+ 1 11
+ 100 92
+ 1 9
+ 100 93
+ 1 8
+ 100 94
+ 4 10
+ 100 95
+ 1 6
+ 100 97
+ 100 99
Case #32: 133 0
Case #33: 266 150
x 2 1
x 3 2
x 4 4
x 6 5
x 9 8
x 13 11
x 16 12
x 18 14
x 21 15
x 22 16
x 23 17
x 25 18
x 27 20
x 28 21
x 30 26
x 31 30
x 33 32
x 34 33
x 40 35
x 43 37
x 45 42
x 46 43
x 47 44
x 48 45
x 50 46
x 51 50
x 55 51
x 57 56
x 59 58
x 60 59
x 61 61
x 69 62
x 70 64
x 71 65
x 73 66
x 74 67
x 80 69
x 81 70
x 82 71
x 83 73
x 84 74
x 85 78
x 86 80
x 88 82
x 90 83
x 91 84
x 94 89
x 95 92
x 97 94
x 98 95
+ 98 2
+ 98 3
+ 95 1
+ 98 5
+ 98 6
+ 98 7
+ 1 92
+ 98 9
+ 98 10
+ 1 87
+ 86 1
+ 98 14
+ 98 15
+ 1 84
+ 83 1
+ 98 18
+ 1 81
+ 98 20
+ 1 79
+ 98 22
+ 76 1
+ 98 24
+ 98 25
+ 98 26
+ 1 73
+ 72 1
+ 98 28
+ 98 29
+ 1 70
+ 69 1
+ 31 98
+ 98 33
+ 1 66
+ 97 33
+ 98 35
+ 1 64
+ 37 98
+ 98 38
+ 98 39
+ 98 40
+ 1 59
+ 98 42
+ 3 59
+ 98 43
+ 42 97
+ 98 44
+ 98 45
+ 1 54
+ 98 46
+ 56 5
+ 98 48
+ 2 52
+ 98 49
+ 49 1
+ 49 2
+ 1 47
+ 98 54
+ 44 1
+ 54 97
+ 98 57
+ 1 42
+ 98 58
+ 59 98
+ 98 60
+ 4 42
+ 98 62
+ 64 98
+ 98 65
+ 1 34
+ 98 66
+ 68 98
+ 98 70
+ 98 71
+ 1 28
+ 73 98
+ 25 1
+ 4 28
+ 98 75
+ 1 24
+ 98 76
+ 1 23
+ 98 77
+ 98 79
+ 81 98
+ 16 1
+ 2 17
+ 98 84
+ 98 85
+ 1 14
+ 98 87
+ 98 89
+ 98 90
+ 1 9
+ 91 98
+ 98 93
+ 1 6
+ 98 94
+ 1 5
+ 98 97
+ 98 98
Case #34: 194 111
x 2 1
x 5 2
x 6 4
x 7 6
x 10 7
x 12 8
x 14 10
x 16 11
x 18 16
x 20 18
x 25 22
x 26 23
x 27 26
x 28 27
x 30 28
x 31 30
x 34 32
x 36 33
x 39 34
x 40 35
x 41 38
x 42 39
x 43 42
x 44 43
x 46 44
x 51 45
x 52 47
x 53 48
x 54 49
x 57 51
x 58 53
x 59 54
x 61 57
x 64 61
x 66 62
x 70 66
x 71 68
x 72 71
+ 72 2
+ 72 5
+ 1 68
+ 72 7
+ 1 66
+ 65 1
+ 72 9
+ 1 64
+ 63 1
+ 72 11
+ 1 62
+ 12 72
+ 72 13
+ 1 60
+ 72 14
+ 72 15
+ 1 58
+ 72 16
+ 2 58
+ 72 19
+ 2 55
+ 53 1
+ 72 22
+ 1 51
+ 72 23
+ 1 47
+ 72 27
+ 72 29
+ 72 32
+ 1 41
+ 72 33
+ 1 40
+ 39 1
+ 38 1
+ 33 70
+ 72 36
+ 36 1
+ 72 39
+ 7 40
+ 71 39
+ 41 72
+ 29 1
+ 43 71
+ 46 72
+ 72 47
+ 2 27
+ 48 72
+ 72 49
+ 50 72
+ 51 72
+ 52 72
+ 72 53
+ 1 20
+ 19 1
+ 72 55
+ 16 1
+ 72 58
+ 14 1
+ 3 16
+ 61 72
+ 72 62
+ 1 11
+ 72 63
+ 1 10
+ 65 72
+ 72 66
+ 72 67
+ 1 6
+ 72 69
+ 1 4
+ 72 70
+ 1 3
+ 72 72
Case #35: 292 281
o 1 1
x 2 2
x 3 3
x 4 4
x 5 5
x 6 6
x 7 7
x 8 8
x 9 9
x 10 10
x 11 11
x 12 12
x 13 13
x 14 14
x 15 15
x 16 16
x 17 17
x 18 18
x 19 19
x 20 20
x 21 21
x 22 22
x 23 23
x 24 24
x 25 25
x 26 26
x 27 27
x 28 28
x 29 29
x 30 30
x 31 31
x 32 32
x 33 33
x 34 34
x 35 35
x 36 36
x 37 37
x 38 38
x 39 39
x 40 40
x 41 41
x 42 42
x 43 43
x 44 44
x 45 45
x 46 46
x 47 47
x 48 48
x 49 49
x 50 50
x 51 51
x 52 52
x 53 53
x 54 54
x 55 55
x 56 56
x 57 57
x 58 58
x 59 59
x 60 60
x 61 61
x 62 62
x 63 63
x 64 64
x 65 65
x 66 66
x 67 67
x 68 68
x 69 69
x 70 70
x 71 71
x 72 72
x 73 73
x 74 74
x 75 75
x 76 76
x 77 77
x 78 78
x 79 79
x 80 80
x 81 81
x 82 82
x 83 83
x 84 84
x 85 85
x 86 86
x 87 87
x 88 88
x 89 89
x 90 90
x 91 91
x 92 92
x 93 93
x 94 94
x 95 95
x 96 96
x 97 97
x 98 98
x 99 99
x 100 100
+ 100 1
+ 100 2
+ 1 99
+ 100 3
+ 1 98
+ 100 4
+ 1 97
+ 100 5
+ 1 96
+ 100 6
+ 1 95
+ 100 7
+ 1 94
+ 100 8
+ 1 93
+ 100 9
+ 1 92
+ 100 10
+ 1 91
+ 100 11
+ 1 90
+ 100 12
+ 1 89
+ 100 13
+ 1 88
+ 100 14
+ 1 87
+ 100 15
+ 1 86
+ 100 16
+ 1 85
+ 100 17
+ 1 84
+ 100 18
+ 1 83
+ 100 19
+ 1 82
+ 100 20
+ 1 81
+ 100 21
+ 1 80
+ 100 22
+ 1 79
+ 100 23
+ 1 78
+ 100 24
+ 1 77
+ 100 25
+ 1 76
+ 100 26
+ 1 75
+ 100 27
+ 1 74
+ 100 28
+ 1 73
+ 100 29
+ 1 72
+ 100 30
+ 1 71
+ 100 31
+ 1 70
+ 100 32
+ 1 69
+ 100 33
+ 1 68
+ 100 34
+ 1 67
+ 100 35
+ 1 66
+ 100 36
+ 100 37
+ 1 64
+ 100 38
+ 1 63
+ 100 39
+ 1 62
+ 100 40
+ 1 61
+ 100 41
+ 1 60
+ 100 42
+ 1 59
+ 100 43
+ 1 58
+ 100 44
+ 1 57
+ 100 45
+ 1 56
+ 100 46
+ 100 47
+ 1 54
+ 100 48
+ 1 53
+ 100 49
+ 1 52
+ 100 50
+ 100 51
+ 1 50
+ 100 52
+ 1 49
+ 100 53
+ 1 48
+ 100 54
+ 1 47
+ 100 55
+ 1 46
+ 100 56
+ 1 45
+ 100 57
+ 1 44
+ 100 58
+ 1 43
+ 100 59
+ 1 42
+ 100 60
+ 1 41
+ 100 61
+ 1 40
+ 100 62
+ 1 39
+ 100 63
+ 1 38
+ 100 64
+ 1 37
+ 100 65
+ 1 36
+ 100 66
+ 100 67
+ 1 34
+ 100 68
+ 1 33
+ 100 69
+ 70 100
+ 100 71
+ 1 30
+ 100 72
+ 1 29
+ 100 73
+ 100 74
+ 1 27
+ 100 75
+ 1 26
+ 100 76
+ 1 25
+ 100 77
+ 1 24
+ 100 78
+ 1 23
+ 100 79
+ 1 22
+ 100 80
+ 1 21
+ 100 81
+ 1 20
+ 100 82
+ 1 19
+ 100 83
+ 100 84
+ 1 17
+ 100 85
+ 1 16
+ 100 86
+ 1 15
+ 100 87
+ 1 14
+ 100 88
+ 10 22
+ 100 89
+ 1 12
+ 100 92
+ 1 9
+ 100 93
+ 1 8
+ 94 100
+ 100 95
+ 93 98
+ 96 100
+ 97 100
+ 100 98
+ 1 3
+ 100 99
Case #36: 288 259
o 1 1
x 2 2
x 3 3
x 4 4
x 5 5
x 6 6
x 7 7
x 8 8
x 9 9
x 10 10
x 11 11
x 12 12
x 13 13
x 14 14
x 15 15
x 16 16
x 17 17
x 18 18
x 19 19
x 20 20
x 21 21
x 22 22
x 23 23
x 24 24
x 25 25
x 26 26
x 27 27
x 28 28
x 29 29
x 30 30
x 31 31
x 32 32
x 33 33
x 34 34
x 35 35
x 36 36
x 37 37
x 38 38
x 39 39
x 40 40
x 41 41
x 42 42
x 43 43
x 44 44
x 45 45
x 46 46
x 47 47
x 48 48
x 49 49
x 50 50
x 51 51
x 52 52
x 53 53
x 54 54
x 55 55
x 56 56
x 57 57
x 58 58
x 59 59
x 60 60
x 61 61
x 62 62
x 63 63
x 64 64
x 65 65
x 66 66
x 67 67
x 68 68
x 69 69
x 70 70
x 71 71
x 72 72
x 73 73
x 74 74
x 75 75
x 76 76
x 77 77
x 78 78
x 79 79
x 80 80
x 81 81
x 82 82
x 83 83
x 84 84
x 85 85
x 86 86
x 87 87
x 88 88
x 89 89
x 90 90
x 91 91
x 92 92
x 93 93
x 94 94
x 95 95
x 96 96
x 97 97
x 98 98
x 99 99
x 100 100
+ 100 1
+ 100 2
+ 1 99
+ 100 3
+ 1 98
+ 100 4
+ 1 97
+ 100 5
+ 100 6
+ 1 95
+ 100 7
+ 100 8
+ 1 93
+ 100 9
+ 100 10
+ 1 91
+ 100 11
+ 100 12
+ 100 13
+ 100 14
+ 1 87
+ 100 15
+ 1 86
+ 100 16
+ 100 17
+ 1 84
+ 18 100
+ 100 19
+ 1 82
+ 100 20
+ 1 81
+ 100 21
+ 5 84
+ 100 22
+ 3 81
+ 100 23
+ 1 78
+ 100 24
+ 100 25
+ 1 76
+ 100 26
+ 1 75
+ 100 27
+ 1 74
+ 28 100
+ 100 29
+ 100 30
+ 1 71
+ 100 31
+ 1 70
+ 100 32
+ 1 69
+ 100 33
+ 1 68
+ 100 34
+ 1 67
+ 100 35
+ 100 36
+ 100 37
+ 1 64
+ 100 38
+ 1 63
+ 100 39
+ 1 62
+ 100 40
+ 1 61
+ 41 100
+ 100 42
+ 1 59
+ 100 43
+ 1 58
+ 100 44
+ 1 57
+ 100 45
+ 100 46
+ 1 55
+ 100 47
+ 1 54
+ 100 48
+ 1 53
+ 100 49
+ 50 100
+ 100 51
+ 100 52
+ 1 49
+ 100 53
+ 1 48
+ 100 54
+ 1 47
+ 100 55
+ 1 46
+ 100 56
+ 1 45
+ 100 57
+ 1 44
+ 100 58
+ 1 43
+ 100 59
+ 1 42
+ 100 60
+ 1 41
+ 61 100
+ 100 62
+ 1 39
+ 100 63
+ 1 38
+ 100 64
+ 100 65
+ 1 36
+ 100 66
+ 1 35
+ 100 67
+ 100 68
+ 1 33
+ 100 69
+ 1 32
+ 70 100
+ 71 100
+ 72 100
+ 100 73
+ 100 74
+ 1 27
+ 75 100
+ 100 76
+ 1 25
+ 100 77
+ 1 24
+ 100 78
+ 100 79
+ 1 22
+ 100 80
+ 81 100
+ 100 82
+ 1 19
+ 100 83
+ 1 18
+ 100 85
+ 3 18
+ 100 86
+ 85 99
+ 100 87
+ 1 14
+ 88 100
+ 100 89
+ 1 12
+ 90 100
+ 100 91
+ 100 92
+ 1 9
+ 100 93
+ 1 8
+ 100 94
+ 100 95
+ 1 6
+ 100 96
+ 1 5
+ 97 100
+ 100 98
+ 1 3
Case #37: 298 0
Case #38: 286 216
o 1 1
x 5 2
x 14 5
x 15 7
x 17 8
x 18 9
x 21 10
x 22 11
x 23 13
x 26 17
x 31 19
x 32 21
x 33 25
x 35 26
x 36 27
x 37 28
o 38 29
x 40 30
x 41 32
x 44 38
x 47 39
x 48 40
x 55 48
x 56 50
x 58 54
x 59 55
x 60 56
x 61 57
x 62 59
x 64 60
x 65 62
x 66 65
x 67 66
x 68 67
x 70 70
x 71 72
x 73 73
x 74 78
x 76 79
x 78 81
x 83 82
x 84 83
x 85 87
x 88 89
x 89 91
x 91 92
x 92 94
x 93 95
x 97 97
x 98 99
+ 100 2
+ 1 99
+ 100 3
+ 1 98
+ 100 4
+ 1 97
+ 100 5
+ 1 96
+ 100 6
+ 100 7
+ 1 94
+ 100 8
+ 1 93
+ 100 9
+ 100 10
+ 100 11
+ 100 12
+ 1 89
+ 100 13
+ 1 88
+ 100 14
+ 1 87
+ 100 15
+ 1 86
+ 100 16
+ 1 85
+ 100 17
+ 100 18
+ 1 83
+ 100 19
+ 1 82
+ 100 20
+ 1 81
+ 100 21
+ 1 80
+ 100 22
+ 1 79
+ 100 23
+ 1 78
+ 100 24
+ 1 77
+ 100 25
+ 1 76
+ 100 26
+ 1 75
+ 100 27
+ 1 74
+ 100 28
+ 1 73
+ 100 29
+ 100 30
+ 100 31
+ 1 70
+ 100 32
+ 2 70
+ 100 33
+ 1 68
+ 100 34
+ 1 67
o 100 35
+ 100 36
+ 1 65
+ 100 37
+ 1 64
+ 100 38
+ 1 63
+ 100 39
+ 100 40
+ 1 61
+ 100 41
+ 1 60
+ 100 42
+ 1 59
+ 100 43
+ 1 58
+ 100 44
+ 1 57
+ 100 45
+ 1 56
+ 100 46
+ 1 55
+ 100 47
+ 1 54
+ 100 48
+ 1 53
+ 100 49
+ 1 52
+ 50 100
+ 100 51
+ 7 56
+ 100 52
+ 1 49
+ 100 53
+ 1 48
+ 100 54
+ 3 49
+ 100 55
+ 1 46
+ 100 56
+ 100 57
+ 100 58
+ 100 60
+ 100 61
+ 1 40
+ 100 62
+ 1 39
+ 100 63
+ 1 38
+ 100 64
+ 1 37
+ 100 65
+ 1 36
+ 100 66
+ 100 67
+ 1 34
+ 100 68
+ 2 34
+ 100 69
+ 1 32
+ 100 70
+ 1 31
+ 100 71
+ 1 30
+ 100 72
+ 1 29
+ 100 73
+ 1 28
+ 74 100
+ 75 100
+ 100 76
+ 1 25
+ 100 77
+ 1 24
+ 78 100
+ 100 79
+ 100 80
+ 1 21
+ 100 81
+ 1 20
+ 100 82
+ 3 21
+ 100 83
+ 3 20
+ 84 100
+ 100 85
+ 100 86
+ 1 15
+ 100 87
+ 1 14
+ 100 88
+ 100 89
+ 1 12
+ 100 90
+ 1 11
+ 92 100
+ 100 93
+ 1 8
+ 100 94
+ 1 7
+ 100 95
+ 100 96
+ 100 97
+ 1 4
+ 100 98
+ 1 3
+ 99 100
Case #39: 295 294
x 1 1
x 2 2
x 3 3
x 4 4
x 5 5
x 6 6
x 7 7
x 8 8
x 9 9
x 10 10
x 11 11
x 12 12
x 13 13
x 14 14
x 15 15
x 16 16
x 17 17
x 18 18
x 19 19
x 20 20
x 21 21
x 22 22
x 23 23
x 24 24
x 25 25
x 26 26
x 27 27
x 28 28
x 29 29
x 30 30
x 31 31
x 32 32
x 33 33
x 34 34
x 35 35
x 36 36
x 37 37
x 38 38
x 39 39
x 40 40
x 41 41
x 42 42
x 43 43
x 44 44
x 45 45
x 46 46
x 47 47
x 48 48
x 49 49
x 50 50
x 51 51
x 52 52
x 53 53
x 54 54
x 55 55
x 56 56
x 57 57
x 58 58
x 59 59
x 60 60
x 61 61
x 62 62
x 63 63
x 64 64
x 65 65
x 66 66
x 67 67
x 68 68
x 69 69
x 70 70
x 71 71
x 72 72
x 73 73
x 74 74
x 75 75
x 76 76
x 77 77
x 78 78
x 79 79
x 80 80
x 81 81
x 82 82
x 83 83
x 84 84
x 85 85
x 86 86
x 87 87
x 88 88
x 89 89
x 90 90
x 91 91
x 92 92
x 93 93
x 94 94
x 95 95
x 96 96
x 97 97
x 98 98
o 99 99
+ 99 1
+ 99 2
+ 1 98
+ 99 3
+ 1 97
+ 99 4
+ 1 96
+ 99 5
+ 1 95
+ 99 6
+ 1 94
+ 99 7
+ 1 93
+ 99 8
+ 1 92
+ 99 9
+ 1 91
+ 99 10
+ 1 90
+ 99 11
+ 1 89
+ 99 12
+ 1 88
+ 99 13
+ 1 87
+ 99 14
+ 1 86
+ 99 15
+ 1 85
+ 99 16
+ 1 84
+ 99 17
+ 1 83
+ 99 18
+ 1 82
+ 99 19
+ 1 81
+ 99 20
+ 1 80
+ 99 21
+ 1 79
+ 99 22
+ 1 78
+ 99 23
+ 1 77
+ 99 24
+ 1 76
+ 99 25
+ 1 75
+ 99 26
+ 1 74
+ 99 27
+ 1 73
+ 99 28
+ 1 72
+ 99 29
+ 1 71
+ 99 30
+ 1 70
+ 99 31
+ 1 69
+ 99 32
+ 1 68
+ 99 33
+ 1 67
+ 99 34
+ 1 66
+ 99 35
+ 1 65
+ 99 36
+ 1 64
+ 99 37
+ 1 63
+ 99 38
+ 1 62
+ 99 39
+ 1 61
+ 99 40
+ 1 60
+ 99 41
+ 1 59
+ 99 42
+ 1 58
+ 99 43
+ 1 57
+ 99 44
+ 1 56
+ 99 45
+ 1 55
+ 99 46
+ 1 54
+ 99 47
+ 1 53
+ 99 48
+ 1 52
+ 99 49
+ 1 51
+ 99 50
+ 1 50
+ 99 51
+ 1 49
+ 99 52
+ 1 48
+ 99 53
+ 1 47
+ 99 54
+ 1 46
+ 99 55
+ 1 45
+ 99 56
+ 1 44
+ 99 57
+ 1 43
+ 99 58
+ 1 42
+ 99 59
+ 1 41
+ 99 60
+ 1 40
+ 99 61
+ 1 39
+ 99 62
+ 1 38
+ 99 63
+ 1 37
+ 99 64
+ 1 36
+ 99 65
+ 1 35
+ 99 66
+ 1 34
+ 99 67
+ 1 33
+ 99 68
+ 1 32
+ 99 69
+ 1 31
+ 99 70
+ 1 30
+ 99 71
+ 1 29
+ 99 72
+ 1 28
+ 99 73
+ 1 27
+ 99 74
+ 1 26
+ 99 75
+ 1 25
+ 99 76
+ 1 24
+ 99 77
+ 1 23
+ 99 78
+ 1 22
+ 99 79
+ 1 21
+ 99 80
+ 1 20
+ 99 81
+ 1 19
+ 99 82
+ 1 18
+ 99 83
+ 1 17
+ 99 84
+ 1 16
+ 99 85
+ 1 15
+ 99 86
+ 1 14
+ 99 87
+ 1 13
+ 99 88
+ 1 12
+ 99 89
+ 1 11
+ 99 90
+ 1 10
+ 99 91
+ 1 9
+ 99 92
+ 1 8
+ 99 93
+ 1 7
+ 99 94
+ 1 6
+ 99 95
+ 1 5
+ 99 96
+ 1 4
+ 99 97
+ 1 3
+ 99 98
+ 1 2
Case #40: 194 106
x 1 2
x 4 3
x 7 4
x 8 9
x 11 10
x 14 11
x 15 12
x 17 14
x 19 16
x 20 18
x 21 19
x 23 21
x 24 22
x 27 25
x 28 28
x 33 30
x 34 31
x 37 34
x 45 35
x 47 37
x 49 42
x 50 43
x 51 44
x 52 46
x 53 48
x 54 51
x 55 52
x 57 55
x 58 56
x 59 57
x 60 59
x 61 61
x 64 64
x 67 67
x 68 70
x 69 71
x 71 73
x 72 74
+ 73 1
+ 70 1
+ 74 8
+ 1 67
+ 66 1
+ 74 10
+ 1 64
+ 1 61
+ 60 1
+ 59 1
+ 1 58
+ 56 1
+ 74 20
+ 1 55
+ 74 21
+ 1 54
+ 74 22
+ 1 53
+ 74 23
+ 1 52
+ 74 24
+ 74 25
+ 1 50
+ 74 26
+ 73 28
+ 2 47
+ 74 31
+ 1 44
+ 43 1
o 42 1
+ 41 1
+ 40 1
+ 1 36
+ 40 74
+ 74 41
+ 1 34
+ 44 74
+ 74 45
+ 74 48
+ 74 49
+ 74 50
+ 1 25
+ 74 51
+ 1 24
+ 52 74
+ 74 53
+ 1 22
+ 54 74
+ 55 74
+ 74 56
+ 58 74
+ 74 59
+ 1 16
+ 74 60
+ 61 74
+ 62 74
+ 74 64
+ 1 11
+ 74 65
+ 74 67
+ 1 8
+ 74 69
+ 74 70
+ 1 5
+ 74 71
+ 1 3
+ 74 73
+ 74 74
Case #41: 298 198
+ 100 1
+ 100 2
+ 1 99
+ 100 3
+ 1 98
+ 100 4
+ 1 97
+ 100 5
+ 1 96
+ 100 6
+ 1 95
+ 100 7
+ 1 94
+ 100 8
+ 1 93
+ 100 9
+ 1 92
+ 100 10
+ 1 91
+ 100 11
+ 1 90
+ 100 12
+ 1 89
+ 100 13
+ 1 88
+ 100 14
+ 1 87
+ 100 15
+ 1 86
+ 100 16
+ 1 85
+ 100 17
+ 1 84
+ 100 18
+ 1 83
+ 100 19
+ 1 82
+ 100 20
+ 1 81
+ 100 21
+ 1 80
+ 100 22
+ 1 79
+ 100 23
+ 1 78
+ 100 24
+ 1 77
+ 100 25
+ 1 76
+ 100 26
+ 1 75
+ 100 27
+ 1 74
o 100 28
+ 1 73
+ 100 29
+ 1 72
+ 100 30
+ 1 71
+ 100 31
+ 1 70
+ 100 32
+ 1 69
+ 100 33
+ 1 68
+ 100 34
+ 1 67
+ 100 35
+ 1 66
+ 100 36
+ 1 65
+ 100 37
+ 1 64
+ 100 38
+ 1 63
+ 100 39
o 1 62
+ 100 40
+ 1 61
+ 100 41
+ 1 60
+ 100 42
+ 1 59
+ 100 43
+ 1 58
+ 100 44
+ 1 57
+ 100 45
+ 1 56
+ 100 46
+ 1 55
+ 100 47
+ 1 54
+ 100 48
+ 1 53
+ 100 49
+ 1 52
+ 100 50
+ 1 51
+ 100 51
+ 1 50
+ 100 52
+ 1 49
+ 100 53
+ 1 48
+ 100 54
+ 1 47
+ 100 55
+ 1 46
+ 100 56
+ 1 45
+ 100 57
+ 1 44
+ 100 58
+ 1 43
+ 100 59
+ 1 42
+ 100 60
+ 1 41
+ 100 61
+ 1 40
+ 100 62
+ 1 39
+ 100 63
+ 1 38
+ 100 64
+ 1 37
+ 100 65
+ 1 36
+ 100 66
+ 1 35
+ 100 67
+ 1 34
+ 100 68
+ 1 33
+ 100 69
+ 1 32
+ 100 70
+ 1 31
+ 100 71
+ 1 30
+ 100 72
+ 1 29
+ 100 73
+ 1 28
+ 100 74
+ 1 27
+ 100 75
+ 1 26
+ 100 76
+ 1 25
+ 100 77
+ 1 24
+ 100 78
+ 1 23
+ 100 79
+ 1 22
+ 100 80
+ 1 21
+ 100 81
+ 1 20
+ 100 82
+ 1 19
+ 100 83
+ 1 18
+ 100 84
+ 1 17
+ 100 85
+ 1 16
+ 100 86
+ 1 15
+ 100 87
+ 1 14
+ 100 88
+ 1 13
+ 100 89
+ 1 12
+ 100 90
+ 1 11
+ 100 91
+ 1 10
+ 100 92
+ 1 9
+ 100 93
+ 1 8
+ 100 94
+ 1 7
+ 100 95
+ 1 6
+ 100 96
+ 1 5
+ 100 97
+ 1 4
+ 100 98
+ 1 3
+ 100 99
+ 1 2
+ 100 100
Case #42: 283 243
o 1 1
x 2 2
x 3 3
x 4 5
x 5 6
x 6 7
x 7 8
x 8 9
x 9 10
x 10 11
x 11 12
x 12 14
x 13 15
x 14 17
x 15 18
x 16 19
x 17 20
x 18 21
x 19 22
x 21 23
x 23 24
x 24 25
x 26 26
x 27 27
x 28 29
x 29 30
x 30 31
x 31 32
x 32 33
x 33 34
x 34 35
x 35 36
x 36 37
x 37 38
x 38 39
x 39 41
x 40 42
x 41 43
x 42 44
x 43 45
x 44 46
x 45 47
x 46 48
x 48 49
x 49 50
x 50 51
x 51 52
x 52 53
x 54 54
x 55 55
x 57 56
x 58 57
x 59 58
x 60 59
x 61 60
x 62 61
x 63 62
x 64 63
x 65 64
x 66 65
x 67 66
x 68 67
x 69 68
x 71 69
x 72 70
x 73 71
x 74 72
x 75 73
x 76 75
x 77 76
x 78 77
x 79 78
x 80 79
x 81 80
x 82 83
x 84 84
x 85 85
x 86 86
x 88 87
x 89 88
x 90 89
x 91 90
x 92 91
x 93 93
x 94 94
x 96 95
x 97 96
x 98 97
x 99 98
x 100 99
+ 100 2
+ 100 3
+ 100 4
+ 1 97
+ 100 5
+ 1 96
+ 100 6
+ 1 95
+ 100 7
+ 1 94
+ 100 8
+ 1 93
+ 100 9
+ 1 92
+ 100 10
+ 1 91
+ 100 11
+ 1 90
+ 100 12
+ 100 13
+ 1 88
+ 100 14
+ 1 87
+ 100 15
+ 100 16
+ 100 17
+ 100 18
+ 1 83
+ 100 19
+ 1 82
+ 100 20
+ 1 81
+ 100 21
+ 1 80
+ 100 22
+ 100 23
+ 1 78
+ 100 24
+ 1 77
+ 100 25
+ 1 76
+ 100 26
+ 3 77
+ 100 27
+ 100 28
+ 1 73
+ 100 29
+ 100 30
+ 1 71
+ 100 31
+ 1 70
+ 100 32
+ 100 33
+ 100 34
+ 1 67
+ 100 35
+ 1 66
+ 100 36
+ 1 65
+ 100 37
+ 1 64
+ 100 38
+ 1 63
+ 39 100
+ 100 40
+ 100 41
+ 2 61
+ 100 42
+ 1 59
+ 100 43
+ 100 44
+ 1 57
+ 100 45
+ 1 56
+ 100 46
+ 1 55
+ 100 47
+ 1 54
+ 100 48
+ 100 49
+ 100 50
+ 1 51
+ 100 51
+ 1 50
+ 100 52
+ 1 49
+ 100 53
+ 100 54
+ 55 100
+ 100 56
+ 1 45
+ 100 57
+ 1 44
+ 100 58
+ 3 45
+ 100 59
+ 1 42
+ 100 60
+ 1 41
+ 100 61
+ 1 40
+ 62 100
+ 63 100
+ 64 100
+ 100 65
+ 1 36
+ 100 66
+ 100 67
+ 1 34
+ 100 68
+ 1 33
+ 100 69
+ 100 70
+ 1 31
+ 100 71
+ 1 30
+ 72 100
+ 73 100
+ 100 74
+ 1 27
+ 100 75
+ 1 26
+ 100 76
+ 1 25
+ 100 77
+ 1 24
+ 100 78
+ 7 29
+ 100 79
+ 80 100
+ 100 81
+ 1 20
+ 100 82
+ 2 20
+ 83 100
+ 100 84
+ 100 85
+ 2 17
+ 100 86
+ 1 15
+ 100 89
+ 100 90
+ 1 11
+ 100 91
+ 100 92
+ 1 9
+ 100 93
+ 1 8
+ 100 94
+ 100 95
+ 100 96
+ 1 5
+ 98 100
Case #43: 271 173
o 1 1
x 2 2
x 3 3
x 4 4
x 5 5
x 6 6
x 7 7
x 8 8
x 9 9
x 10 10
x 11 11
x 12 12
x 13 13
x 14 14
x 15 15
x 16 16
x 17 17
x 18 18
x 19 19
x 20 20
x 21 21
x 22 22
x 23 23
x 24 24
x 25 25
x 26 26
x 27 27
x 28 28
x 29 29
x 30 30
x 31 31
x 32 32
x 33 33
x 34 34
x 35 35
x 36 36
x 37 37
x 38 38
x 39 39
x 40 40
x 41 41
x 42 42
x 43 43
x 44 44
x 45 45
x 46 46
x 47 47
x 48 48
x 49 49
x 50 50
x 51 51
x 52 52
x 53 53
x 54 54
x 55 55
x 56 56
x 57 57
x 58 58
x 59 59
x 60 60
x 61 61
x 62 62
x 63 63
x 64 64
x 65 65
x 66 66
x 67 67
x 68 68
x 69 69
x 70 70
x 71 71
x 72 72
x 73 73
x 74 74
x 75 75
x 76 76
x 77 77
x 78 78
x 79 79
x 80 80
x 81 81
x 82 82
x 83 83
x 84 84
x 85 85
x 86 86
x 87 87
x 88 88
x 89 89
x 90 90
x 91 91
x 92 92
x 93 93
x 94 94
x 95 95
x 96 96
x 97 97
x 98 98
x 99 99
x 100 100
+ 100 2
+ 100 3
+ 100 4
+ 100 5
+ 100 6
+ 100 7
+ 100 8
+ 100 9
+ 100 10
+ 100 11
+ 100 12
+ 100 13
+ 100 14
+ 100 15
+ 16 100
+ 100 17
+ 100 18
+ 19 100
+ 20 100
+ 100 21
+ 100 22
+ 23 100
+ 100 24
+ 100 25
+ 100 26
+ 27 100
+ 100 29
+ 100 30
+ 29 99
+ 100 31
+ 100 32
+ 100 33
+ 35 100
+ 100 36
+ 100 37
+ 100 38
+ 36 98
+ 100 40
+ 100 42
+ 100 43
+ 42 99
+ 100 44
+ 100 46
+ 100 47
+ 46 99
+ 48 100
+ 100 49
+ 44 95
+ 100 50
+ 100 51
+ 52 100
+ 54 100
+ 55 100
+ 57 100
+ 58 100
+ 100 61
+ 100 62
+ 61 99
+ 100 64
+ 100 65
+ 64 99
+ 100 68
+ 67 99
+ 100 70
+ 63 93
+ 100 71
+ 100 72
+ 100 73
+ 100 75
+ 100 77
+ 100 81
+ 88 100
+ 100 92
Case #44: 270 173
o 1 2
x 3 4
x 5 9
o 7 10
x 8 11
x 9 12
x 10 13
x 12 14
x 13 15
x 14 16
x 16 17
x 17 18
x 18 19
x 20 20
x 21 21
x 22 22
x 23 24
x 25 25
x 26 26
x 28 27
x 29 28
x 30 29
x 31 30
x 32 31
x 33 32
x 34 36
x 35 37
x 37 41
x 39 42
x 41 44
x 42 45
x 44 48
x 45 50
x 47 51
x 48 52
x 49 53
x 50 55
x 51 56
x 52 57
x 53 59
x 54 60
x 56 62
x 57 63
x 58 64
x 61 66
x 65 68
x 66 71
x 70 73
x 72 75
x 73 79
x 74 81
x 75 82
x 77 83
x 79 84
x 80 85
x 83 86
x 84 87
x 87 88
x 90 89
x 91 90
x 92 91
x 93 92
x 94 93
x 95 94
x 97 97
x 98 99
x 99 100
+ 100 2
+ 100 3
+ 100 4
+ 100 5
+ 1 96
+ 100 6
+ 1 95
+ 100 7
+ 8 100
+ 100 9
+ 100 10
+ 1 91
+ 100 11
+ 100 12
+ 100 13
+ 100 14
+ 1 87
+ 100 15
+ 1 86
+ 100 16
+ 1 85
+ 100 17
+ 1 84
+ 100 18
+ 100 19
+ 100 20
+ 100 21
+ 1 80
+ 100 22
+ 100 23
+ 1 78
+ 100 24
+ 1 77
+ 100 25
+ 100 26
+ 100 27
+ 1 74
+ 100 28
+ 1 73
+ 100 29
+ 1 72
+ 100 30
+ 1 71
+ 100 31
+ 1 70
+ 100 32
+ 100 33
+ 1 68
+ 100 34
+ 100 35
+ 1 66
+ 100 36
+ 100 37
+ 1 64
+ 100 38
+ 100 39
+ 100 40
+ 41 100
+ 100 42
+ 1 59
+ 100 43
+ 100 44
+ 100 45
+ 100 46
+ 100 47
+ 1 54
+ 100 48
+ 100 49
+ 100 50
+ 100 51
+ 100 52
+ 100 53
+ 54 100
+ 100 55
+ 100 56
+ 100 57
+ 100 58
+ 100 60
+ 61 100
+ 100 63
+ 1 38
+ 100 64
+ 63 99
+ 100 65
+ 62 97
+ 67 100
+ 100 69
+ 70 100
+ 100 71
+ 100 72
+ 70 98
+ 100 73
+ 1 28
+ 74 100
+ 75 100
+ 100 77
+ 100 79
+ 6 27
+ 100 81
+ 1 20
+ 100 82
+ 83 100
+ 100 88
+ 92 100
+ 100 95
+ 100 98
Case #45: 151 85
x 1 1
x 4 5
x 7 6
x 8 7
x 10 8
x 11 9
x 16 10
x 20 11
x 21 13
x 23 14
x 24 16
x 25 21
x 26 23
x 27 24
x 30 25
x 31 27
x 32 28
x 33 30
x 34 32
x 36 33
x 39 36
x 42 39
x 43 40
x 45 41
x 48 42
x 49 43
x 50 44
x 52 49
x 53 53
x 54 55
o 57 56
+ 57 1
+ 57 2
+ 1 56
+ 57 3
+ 1 55
+ 57 4
+ 1 54
+ 57 5
+ 57 7
+ 1 51
+ 50 1
+ 10 57
+ 57 11
+ 1 47
+ 57 12
+ 45 1
+ 44 1
+ 43 1
+ 42 1
+ 17 57
+ 39 1
+ 2 40
+ 57 20
+ 1 38
+ 21 57
+ 57 22
+ 24 57
+ 33 1
+ 2 33
+ 57 27
+ 57 28
+ 57 29
+ 1 29
+ 27 1
+ 57 32
+ 33 57
+ 24 2
+ 36 57
+ 37 57
+ 38 57
+ 19 1
+ 2 20
+ 57 40
+ 2 19
+ 1 16
+ 43 57
+ 1 14
+ 46 57
+ 47 57
+ 49 57
+ 57 50
+ 5 1
+ 57 54
+ 1 2
Case #46: 286 186
x 2 1
x 3 5
x 4 6
x 6 7
x 17 11
x 19 20
x 20 21
x 23 25
x 26 26
x 28 27
x 33 30
x 38 34
x 41 35
x 43 36
x 45 37
x 49 39
x 52 50
x 58 52
x 60 53
x 61 63
x 69 64
x 71 71
x 72 72
x 78 74
x 81 83
x 83 86
x 88 90
x 91 91
+ 100 1
+ 100 2
+ 1 99
+ 100 3
+ 1 98
+ 100 4
+ 1 97
+ 100 5
o 1 96
+ 100 6
+ 1 95
+ 100 7
+ 1 94
+ 100 8
+ 1 93
+ 100 9
+ 100 10
+ 1 91
+ 100 11
+ 100 12
+ 1 89
+ 100 13
+ 1 88
+ 100 14
+ 1 87
+ 100 15
+ 1 86
+ 100 16
+ 100 17
+ 100 18
+ 1 83
+ 100 19
+ 100 20
+ 1 81
+ 100 21
+ 100 22
+ 1 79
+ 100 23
+ 1 78
+ 100 24
+ 100 25
+ 1 76
+ 100 26
+ 1 75
+ 100 27
+ 1 74
+ 100 28
+ 1 73
+ 100 29
+ 100 30
+ 1 71
+ 31 100
+ 32 100
+ 100 33
+ 1 68
+ 100 34
+ 1 67
+ 100 35
+ 3 68
+ 100 36
+ 37 100
+ 100 38
+ 1 63
+ 100 39
+ 100 40
+ 100 41
+ 1 60
+ 100 42
+ 1 59
+ 100 43
+ 1 58
+ 100 44
+ 1 57
+ 100 45
+ 4 59
+ 100 46
+ 1 55
+ 100 47
+ 1 54
+ 100 48
+ 1 53
+ 100 49
+ 100 50
+ 1 51
+ 100 51
+ 1 50
+ 100 52
+ 1 49
+ 100 53
+ 1 48
+ 100 54
+ 100 55
+ 1 46
+ 100 56
+ 100 57
+ 1 44
+ 100 58
+ 1 43
+ 100 59
+ 1 42
+ 60 100
+ 100 61
+ 7 46
+ 62 100
+ 100 63
+ 1 38
+ 64 100
o 65 100
+ 66 100
+ 100 68
+ 1 33
+ 100 69
+ 1 32
+ 100 70
+ 1 31
+ 100 71
+ 100 72
+ 1 29
+ 100 73
+ 1 28
+ 100 74
+ 100 75
+ 1 26
+ 100 76
+ 100 77
+ 1 24
+ 100 78
+ 1 23
+ 100 79
+ 1 22
+ 100 80
+ 1 21
+ 100 81
+ 6 25
+ 100 82
+ 100 83
+ 75 92
+ 100 84
+ 1 17
+ 100 85
+ 100 86
+ 1 15
+ 100 87
+ 100 88
+ 1 13
+ 100 89
+ 1 12
+ 100 90
+ 1 11
+ 100 91
+ 1 10
+ 94 100
+ 100 95
+ 1 6
+ 100 96
+ 1 5
+ 100 97
+ 100 99
Case #47: 276 176
x 2 1
x 5 2
x 8 5
x 9 6
x 10 7
x 13 8
x 14 9
x 15 10
x 17 12
x 18 18
x 19 19
x 26 20
x 29 21
x 30 22
x 32 23
x 34 26
x 35 33
x 37 34
x 39 36
x 40 39
x 41 40
x 43 42
x 45 45
x 46 46
x 50 47
x 55 50
x 56 51
x 58 52
x 60 53
x 63 54
x 64 57
x 69 58
x 71 60
x 72 61
x 75 63
x 76 64
x 77 67
x 78 68
x 79 71
x 80 74
x 82 75
x 83 79
x 84 80
x 85 81
x 87 83
x 88 86
x 90 87
x 91 88
x 92 92
x 94 95
x 95 96
x 97 99
+ 100 1
+ 100 2
+ 100 3
+ 1 98
+ 100 4
+ 1 97
+ 100 5
+ 100 6
+ 1 95
+ 100 7
+ 8 100
+ 100 9
+ 100 10
+ 1 91
+ 100 11
+ 1 90
+ 100 12
+ 100 13
+ 1 88
+ 100 14
+ 1 87
+ 100 15
+ 100 16
+ 100 17
+ 100 18
+ 100 19
+ 1 82
+ 100 20
+ 100 21
+ 100 22
+ 100 23
+ 100 24
+ 1 77
+ 100 25
+ 1 76
+ 100 26
+ 100 27
+ 100 28
+ 2 74
+ 100 29
+ 100 30
+ 1 71
+ 100 31
+ 100 32
+ 1 69
+ 100 33
+ 100 34
o 100 35
+ 1 66
+ 100 36
+ 1 65
+ 100 37
+ 1 64
+ 100 38
+ 100 39
+ 1 62
+ 100 40
+ 100 41
+ 1 60
+ 100 42
+ 2 60
+ 100 43
+ 100 44
+ 4 60
+ 100 45
+ 2 57
+ 46 100
+ 100 47
+ 100 48
+ 100 49
+ 100 50
+ 51 100
+ 100 52
+ 100 53
+ 2 49
+ 100 54
+ 1 47
+ 100 55
+ 100 56
+ 100 57
+ 1 44
+ 100 58
+ 59 100
+ 60 100
+ 61 100
+ 62 100
+ 100 63
+ 100 64
+ 65 100
+ 100 66
+ 1 35
+ 67 100
+ 69 100
+ 70 100
+ 100 71
+ 4 33
+ 100 72
+ 1 29
+ 100 73
+ 6 33
+ 100 74
+ 3 29
+ 100 75
+ 1 26
+ 100 76
+ 100 77
+ 100 78
+ 100 79
+ 100 81
+ 3 22
+ 100 82
+ 1 19
+ 100 83
+ 12 29
+ 84 100
+ 100 85
+ 1 16
+ 89 100
+ 100 90
+ 91 100
+ 92 100
+ 95 100
+ 96 100
+ 97 100
Case #48: 172 87
x 3 2
x 4 3
x 5 4
x 6 5
x 7 6
x 8 7
x 10 9
x 13 10
x 15 11
x 16 14
x 17 15
x 21 16
x 22 18
x 23 19
x 25 20
x 29 21
x 31 23
x 33 24
x 35 25
x 38 27
x 40 28
x 42 29
x 43 32
x 44 34
x 46 40
x 48 42
x 49 46
x 50 48
x 51 51
x 52 52
x 54 57
x 56 58
x 57 61
x 60 62
x 65 63
x 67 66
+ 66 1
+ 67 3
+ 1 65
+ 67 4
+ 1 64
+ 67 5
+ 61 1
+ 67 8
+ 67 9
+ 1 59
+ 67 10
+ 1 58
+ 67 11
+ 56 1
+ 55 1
+ 54 1
+ 53 1
+ 67 16
+ 67 18
+ 67 20
+ 21 67
+ 67 23
+ 2 46
+ 67 24
+ 43 1
+ 43 2
+ 67 27
+ 40 1
+ 67 30
+ 36 1
+ 67 33
+ 36 4
+ 67 38
+ 27 1
+ 1 26
+ 48 67
+ 49 67
+ 67 50
+ 1 18
+ 14 1
+ 53 66
+ 67 58
+ 1 10
+ 60 67
+ 67 61
+ 62 67
+ 67 63
+ 1 5
+ 64 67
+ 67 65
+ 1 3
Case #49: 272 204
o 1 1
x 2 2
x 3 3
x 4 4
x 5 5
x 6 6
x 7 7
x 8 8
x 9 9
x 10 10
x 11 11
x 12 12
x 13 13
x 14 14
x 15 16
x 16 17
x 17 18
x 18 19
x 19 20
x 20 21
x 21 22
x 22 23
x 23 24
x 24 25
x 25 26
x 26 27
x 27 28
x 28 29
x 29 30
x 30 31
x 31 32
x 32 33
x 33 34
x 34 35
x 35 36
x 36 37
x 37 38
x 38 39
x 39 40
x 40 41
x 41 42
x 42 43
x 43 44
x 44 45
x 45 46
x 46 47
x 47 48
x 48 49
x 49 50
x 50 51
x 51 52
x 52 53
x 53 54
x 54 55
x 55 56
x 56 57
x 57 58
x 58 59
x 59 60
x 60 61
x 61 62
x 62 63
x 63 64
x 64 65
x 65 66
x 66 67
x 67 68
x 68 69
x 69 70
x 70 71
x 71 72
x 72 73
x 73 74
x 74 75
x 75 76
x 76 77
x 78 78
x 79 79
x 80 80
x 81 81
x 82 82
x 83 83
x 84 84
x 85 85
x 86 86
x 87 87
x 88 88
x 89 89
x 90 90
x 91 91
x 92 92
x 93 93
x 94 94
x 95 95
x 96 96
x 97 97
x 98 98
x 99 99
x 100 100
+ 100 2
+ 100 3
+ 100 4
+ 100 5
+ 1 96
+ 100 6
+ 100 7
+ 1 94
+ 100 8
+ 100 9
+ 1 92
+ 100 10
+ 100 11
+ 1 90
+ 100 12
+ 100 13
+ 100 14
+ 100 15
+ 1 86
+ 100 16
+ 100 17
+ 100 18
+ 1 83
+ 100 19
+ 1 82
+ 100 20
+ 1 81
+ 100 21
+ 100 22
+ 1 79
+ 100 23
+ 100 24
+ 100 25
+ 26 100
+ 100 27
+ 28 100
+ 100 29
+ 100 30
+ 100 31
+ 1 70
+ 100 32
+ 100 33
+ 100 34
+ 2 68
+ 100 35
+ 100 36
+ 100 37
+ 100 38
+ 100 40
+ 1 61
+ 100 41
+ 40 99
+ 100 42
+ 100 43
+ 1 58
+ 100 44
+ 100 45
+ 1 56
+ 100 46
+ 47 100
+ 100 48
+ 100 49
+ 6 57
+ 100 50
+ 2 52
+ 51 100
+ 100 52
+ 100 53
+ 1 48
+ 54 100
+ 100 55
+ 100 57
+ 100 58
+ 57 99
+ 100 59
+ 60 100
+ 100 61
+ 1 40
+ 62 100
+ 100 63
+ 1 38
+ 64 100
+ 100 65
+ 66 100
+ 100 68
+ 69 100
+ 71 100
+ 72 100
+ 100 73
+ 75 100
+ 100 76
+ 77 100
+ 100 80
+ 81 100
+ 82 100
+ 100 84
+ 86 100
+ 100 87
+ 86 99
+ 100 90
+ 100 91
+ 100 92
+ 1 9
+ 100 94
+ 100 96
Case #50: 110 0
Case #51: 255 133
x 2 2
x 3 3
x 6 5
x 15 6
x 16 7
x 17 10
x 19 13
x 23 16
x 24 18
x 28 31
x 29 32
x 30 33
x 32 35
x 34 36
x 35 37
x 37 39
x 38 40
x 39 42
x 40 43
x 41 45
x 43 46
x 44 47
x 49 49
x 50 52
x 54 54
x 55 55
x 57 56
x 61 57
x 65 58
x 67 60
x 68 62
x 70 66
x 73 69
x 74 71
x 75 72
x 79 75
x 81 77
x 84 78
x 85 79
x 86 80
x 87 82
x 89 83
x 91 85
x 94 88
x 96 92
x 97 93
x 98 94
+ 99 1
+ 99 3
+ 1 97
+ 96 1
+ 99 5
+ 99 6
+ 99 7
+ 92 1
+ 91 1
+ 90 1
+ 99 12
+ 99 14
+ 99 15
+ 99 17
+ 1 83
+ 99 19
+ 79 1
+ 99 22
+ 76 1
+ 75 1
+ 99 26
+ 1 74
+ 73 1
+ 72 1
+ 98 30
+ 99 33
+ 66 1
+ 99 35
+ 61 1
+ 59 1
+ 42 99
+ 99 43
+ 1 57
+ 99 44
+ 1 56
+ 55 1
+ 99 46
+ 99 47
+ 48 99
+ 99 49
+ 1 51
+ 99 50
+ 99 52
+ 99 53
+ 1 47
+ 46 1
+ 1 45
+ 1 44
+ 99 58
+ 63 99
+ 65 99
+ 66 99
+ 67 99
+ 99 68
+ 1 32
+ 99 69
+ 1 31
+ 99 70
+ 99 71
+ 99 72
+ 1 28
+ 73 99
+ 76 99
+ 99 77
+ 76 98
+ 99 78
+ 99 79
+ 1 21
+ 99 80
o 1 20
+ 81 99
+ 99 82
+ 1 18
+ 99 83
+ 1 17
+ 99 85
+ 1 15
+ 99 86
+ 87 99
+ 99 89
+ 1 11
+ 99 90
+ 1 10
+ 8 1
+ 90 97
+ 99 93
Case #52: 89 50
x 1 4
x 2 5
x 3 6
x 4 8
x 7 9
x 9 10
x 11 11
x 12 12
x 14 13
x 15 14
x 16 15
x 17 18
x 20 19
x 24 26
x 26 28
x 28 32
+ 34 3
+ 31 1
+ 34 5
+ 34 6
+ 1 29
+ 34 7
+ 1 28
o 27 1
+ 26 1
+ 1 25
+ 34 12
+ 22 1
+ 34 14
+ 1 20
+ 34 16
+ 1 19
+ 34 18
+ 1 17
+ 16 1
+ 18 33
+ 34 20
+ 21 34
+ 34 22
+ 1 13
+ 2 13
+ 34 26
+ 25 33
+ 6 1
+ 34 30
+ 1 5
+ 34 31
+ 34 32
+ 33 34
+ 34 34
Case #53: 265 165
o 1 1
x 2 2
x 3 3
x 4 4
x 5 5
x 6 6
x 7 7
x 8 8
x 9 10
x 10 11
x 11 12
x 12 13
x 13 14
x 14 15
x 15 16
x 16 17
x 17 18
x 18 19
x 19 20
x 20 21
x 21 22
x 22 23
x 23 24
x 24 25
x 25 26
x 26 27
x 27 28
x 28 29
x 29 30
x 30 31
x 32 32
x 33 33
x 34 34
x 35 35
x 36 36
x 37 37
x 38 38
x 39 39
x 40 40
x 41 41
x 42 42
x 43 43
x 44 44
x 45 45
x 46 46
x 48 47
x 49 48
x 50 49
x 51 50
x 52 51
x 53 52
x 54 53
x 55 54
x 56 55
x 57 56
x 58 58
x 59 59
x 60 60
x 61 61
x 62 62
x 63 63
x 64 64
x 65 65
x 66 66
x 67 67
x 69 68
x 70 69
x 71 70
x 72 71
x 73 72
x 74 73
x 75 74
x 76 75
x 77 76
x 78 77
x 79 78
x 80 79
x 81 80
x 82 81
x 83 82
x 84 83
x 85 84
x 86 85
x 87 86
x 88 87
x 89 88
x 90 89
x 91 90
x 92 91
x 93 93
x 94 94
x 95 95
x 96 96
x 97 97
x 98 98
x 99 99
x 100 100
+ 100 2
+ 100 3
+ 100 4
+ 100 5
+ 100 6
+ 100 7
+ 100 8
+ 100 10
+ 100 11
+ 10 99
+ 100 12
+ 100 13
+ 100 14
+ 100 15
+ 100 16
+ 17 100
+ 100 18
+ 100 19
+ 20 100
+ 21 100
+ 100 22
+ 23 100
+ 100 24
+ 100 25
+ 100 26
+ 100 27
+ 100 28
+ 100 29
+ 100 30
+ 100 31
+ 100 32
+ 33 100
+ 100 34
+ 100 35
+ 100 36
+ 100 37
+ 100 38
+ 100 39
+ 100 40
+ 100 41
+ 100 42
+ 100 43
+ 100 44
+ 100 45
+ 100 46
+ 100 47
+ 100 48
+ 100 49
+ 100 50
+ 100 52
+ 100 53
+ 100 54
+ 100 55
+ 53 98
+ 100 57
+ 58 100
+ 60 100
+ 100 61
+ 100 66
+ 100 67
+ 66 99
+ 100 68
+ 100 71
+ 70 99
+ 75 100
+ 100 76
+ 100 85
+ 100 95
Case #54: 91 0
Case #55: 217 118
x 1 1
x 4 2
x 5 3
x 6 4
x 7 5
x 8 6
x 10 7
x 13 8
x 14 9
x 23 12
x 24 15
x 25 17
x 26 18
x 27 19
x 28 21
x 29 22
x 30 23
x 31 24
x 33 26
x 35 27
x 37 29
x 39 30
x 41 31
x 42 33
x 43 35
x 44 39
x 45 41
x 47 42
x 50 45
x 51 49
x 53 50
x 54 55
x 58 56
x 60 58
x 62 59
x 63 60
x 69 61
x 73 65
x 74 66
x 75 73
x 77 74
x 79 75
x 80 78
x 81 79
o 82 80
+ 82 2
+ 1 81
+ 7 82
+ 82 9
+ 1 74
+ 73 1
+ 72 1
+ 3 74
+ 82 13
+ 68 1
+ 82 17
+ 19 82
+ 62 1
+ 82 22
+ 82 24
+ 1 59
+ 82 25
+ 24 81
+ 1 57
+ 27 82
+ 82 28
+ 1 55
+ 82 29
+ 1 54
+ 82 30
+ 5 57
+ 82 31
+ 1 52
+ 82 33
+ 48 1
+ 82 36
+ 1 47
+ 46 1
+ 82 38
+ 82 39
+ 40 82
+ 82 41
+ 41 1
+ 2 42
+ 43 82
+ 39 2
+ 82 46
+ 34 1
+ 48 81
+ 34 3
+ 82 52
+ 1 31
+ 1 28
+ 27 1
+ 82 57
+ 1 26
+ 59 82
+ 82 61
+ 1 22
+ 81 61
+ 82 63
+ 19 1
+ 82 65
+ 1 18
+ 82 66
+ 68 82
+ 71 82
+ 82 72
+ 1 11
+ 1 8
+ 82 77
+ 78 82
+ 82 79
+ 1 4
+ 1 3
+ 82 81
+ 1 2
+ 82 82
Case #56: 295 286
o 1 1
x 2 2
x 3 3
x 4 4
x 5 5
x 6 6
x 7 7
x 8 8
x 9 9
x 10 10
x 11 11
x 12 12
x 13 13
x 14 14
x 15 15
x 16 16
x 17 17
x 18 18
x 19 19
x 20 20
x 21 21
x 22 22
x 23 23
x 24 24
x 25 25
x 26 26
x 27 27
x 28 28
x 29 29
x 30 30
x 31 31
x 32 32
x 33 33
x 34 34
x 35 35
x 36 36
x 37 37
x 38 38
x 39 39
x 40 40
x 41 41
x 42 42
x 43 43
x 44 44
x 45 45
x 46 46
x 47 47
x 48 48
x 49 49
x 50 50
x 51 51
x 52 52
x 53 53
x 54 54
x 55 55
x 56 56
x 57 57
x 58 58
x 59 59
x 60 60
x 61 61
x 62 62
x 63 63
x 64 64
x 65 65
x 66 66
x 67 67
x 68 68
x 69 69
x 70 70
x 71 71
x 72 72
x 73 73
x 74 74
x 75 75
x 76 76
x 77 77
x 78 78
x 79 79
x 80 80
x 81 81
x 82 82
x 83 83
x 84 84
x 85 85
x 86 86
x 87 87
x 88 88
x 89 89
x 90 90
x 91 91
x 92 92
x 93 93
x 94 94
x 95 95
x 96 96
x 97 97
x 98 98
x 99 99
x 100 100
+ 100 1
+ 100 2
+ 1 99
+ 100 3
+ 100 4
+ 1 97
+ 100 5
+ 1 96
+ 100 6
+ 1 95
+ 100 7
+ 1 94
+ 100 8
+ 1 93
+ 100 9
+ 100 10
+ 1 91
+ 100 11
+ 1 90
+ 100 12
+ 1 89
+ 100 13
+ 1 88
+ 100 14
+ 1 87
+ 100 15
+ 1 86
+ 100 16
+ 1 85
+ 100 17
+ 1 84
+ 100 18
+ 1 83
+ 100 19
+ 6 87
+ 100 20
+ 1 81
+ 100 21
+ 1 80
+ 100 22
+ 1 79
+ 100 23
+ 1 78
+ 100 24
+ 1 77
+ 100 25
+ 1 76
+ 100 26
+ 1 75
+ 100 27
+ 1 74
+ 100 28
+ 1 73
+ 100 29
+ 1 72
+ 100 30
+ 1 71
+ 100 31
+ 1 70
+ 100 32
+ 1 69
+ 100 33
+ 1 68
+ 100 34
+ 1 67
+ 100 35
+ 1 66
+ 100 36
+ 1 65
+ 100 37
+ 1 64
+ 100 38
+ 1 63
+ 100 39
+ 1 62
+ 100 40
+ 1 61
+ 41 100
+ 100 42
+ 1 59
+ 100 43
+ 1 58
+ 100 44
+ 100 45
+ 1 56
+ 100 46
+ 1 55
+ 100 47
+ 1 54
+ 100 48
+ 1 53
+ 100 49
+ 1 52
+ 100 50
+ 1 51
+ 100 51
+ 1 50
+ 100 52
+ 1 49
+ 100 53
+ 1 48
+ 100 54
+ 1 47
+ 100 55
+ 1 46
+ 100 56
+ 1 45
+ 100 57
+ 1 44
+ 100 58
+ 1 43
+ 100 59
+ 1 42
+ 100 60
+ 1 41
+ 100 61
+ 1 40
+ 100 62
+ 100 63
+ 1 38
+ 100 64
+ 1 37
+ 100 65
+ 1 36
+ 100 66
+ 1 35
+ 100 67
+ 1 34
+ 100 68
+ 1 33
+ 100 69
+ 1 32
+ 100 70
+ 1 31
+ 100 71
+ 16 45
+ 100 72
+ 1 29
+ 100 73
+ 100 74
+ 1 27
+ 75 100
+ 100 76
+ 1 25
+ 100 77
+ 1 24
+ 100 78
+ 1 23
+ 100 79
+ 1 22
+ 100 80
+ 1 21
+ 100 81
+ 1 20
+ 100 82
+ 1 19
+ 100 83
+ 1 18
+ 100 84
+ 1 17
+ 100 85
+ 1 16
+ 100 86
+ 1 15
+ 100 87
+ 100 88
+ 1 13
+ 100 89
+ 2 13
+ 100 90
+ 1 11
+ 100 91
+ 9 18
+ 100 92
+ 1 9
+ 100 93
+ 1 8
+ 100 94
+ 1 7
+ 100 95
+ 100 96
+ 1 5
+ 100 97
+ 1 4
+ 98 100
+ 100 99
Case #57: 200 115
x 2 2
x 3 4
x 4 5
x 5 7
x 9 8
x 10 9
x 12 10
x 13 11
x 15 12
x 16 13
x 17 14
x 19 16
x 21 17
x 22 23
x 25 25
x 26 29
x 27 32
x 28 34
x 29 35
x 30 37
x 31 40
x 32 41
x 33 42
x 34 43
x 35 44
x 37 45
x 38 46
x 39 47
x 42 48
x 43 50
x 49 52
x 50 53
x 51 54
x 52 55
x 53 56
x 56 58
x 57 62
x 60 65
x 61 66
x 64 68
x 67 69
x 68 71
x 71 72
+ 75 1
+ 75 2
+ 1 74
+ 75 3
+ 75 4
+ 1 72
+ 71 1
+ 75 6
+ 1 70
+ 69 1
+ 75 8
+ 1 68
+ 75 10
+ 75 12
+ 75 14
+ 75 15
+ 75 17
+ 2 60
+ 58 1
+ 57 1
+ 75 20
+ 1 56
+ 51 1
+ 75 27
+ 48 2
+ 31 75
+ 75 32
+ 1 43
+ 75 35
+ 3 43
+ 36 75
+ 37 75
+ 39 2
+ 3 40
+ 75 40
+ 5 40
+ 35 1
+ 2 36
+ 42 75
+ 43 75
+ 75 44
+ 75 45
+ 75 49
+ 48 74
+ 75 50
+ 1 26
+ 25 1
+ 75 52
+ 23 1
+ 5 27
+ 23 2
+ 55 75
o 20 1
+ 52 71
+ 75 57
+ 1 19
+ 75 58
+ 1 18
+ 75 59
+ 60 75
+ 75 61
+ 1 15
+ 75 65
+ 75 68
+ 75 69
+ 1 7
+ 75 70
+ 1 6
+ 75 71
+ 1 5
+ 75 72
+ 73 75
Case #58: 77 42
x 2 2
x 4 3
x 5 4
x 6 6
x 10 11
x 12 12
x 13 13
x 14 14
x 18 15
x 19 19
x 20 20
x 22 21
x 25 25
x 26 26
x 27 28
+ 28 1
+ 29 4
+ 1 24
+ 29 7
+ 1 23
+ 22 1
+ 21 1
+ 29 10
+ 29 11
+ 1 19
+ 1 17
+ 16 1
+ 29 15
+ 1 15
+ 16 29
+ 29 17
+ 1 13
+ 13 2
+ 19 29
+ 21 29
+ 8 1
+ 21 28
+ 23 29
+ 25 29
+ 29 26
+ 1 3
+ 29 29
Case #59: 110 0
Case #60: 230 0
Case #61: 243 136
x 2 1
x 6 2
x 9 4
x 14 5
x 15 8
x 16 11
x 17 12
x 18 14
x 19 15
x 20 16
x 25 19
x 26 21
x 32 22
x 34 23
x 35 30
x 37 32
x 38 38
x 39 40
x 41 41
x 42 43
x 44 45
x 45 47
x 46 49
x 48 50
x 50 52
x 53 54
x 55 60
x 57 61
x 59 62
x 60 63
x 61 64
x 62 65
x 63 67
x 64 68
x 67 69
x 68 70
x 69 72
x 74 73
x 76 75
x 78 78
x 79 79
x 80 81
x 85 85
x 87 87
x 88 88
+ 90 1
+ 90 2
+ 1 89
+ 90 3
+ 90 4
+ 1 87
+ 90 5
+ 84 1
+ 90 8
+ 1 83
+ 90 11
+ 79 1
+ 90 13
+ 1 78
+ 77 1
+ 90 15
+ 90 16
+ 1 75
+ 90 17
+ 90 18
+ 90 19
+ 2 73
+ 71 1
+ 70 1
+ 90 22
+ 68 1
+ 90 28
+ 1 63
+ 90 30
+ 3 63
+ 60 1
+ 2 61
+ 90 32
+ 1 59
+ 57 1
+ 29 85
+ 90 35
+ 37 90
+ 38 90
+ 90 39
+ 36 87
+ 90 40
+ 90 41
+ 43 90
+ 47 1
+ 2 48
+ 46 1
+ 90 46
+ 1 45
+ 90 47
+ 90 48
+ 1 43
+ 42 1
+ 1 41
+ 51 90
+ 36 1
+ 54 89
+ 57 90
+ 33 1
+ 90 59
+ 90 60
+ 61 90
+ 90 62
+ 1 29
+ 90 63
+ 1 28
+ 27 1
+ 90 65
+ 3 28
+ 66 90
+ 90 67
+ 1 24
+ 69 90
+ 21 1
+ 2 22
+ 72 90
+ 73 90
+ 90 75
+ 76 90
+ 1 14
+ 90 78
+ 1 13
+ 90 80
+ 90 82
+ 8 1
+ 82 89
+ 84 90
+ 90 86
+ 1 5
+ 89 90
+ 90 90
Case #62: 150 87
x 3 2
x 4 6
x 9 8
o 11 9
x 14 11
x 16 12
x 18 13
x 19 14
x 23 16
x 24 20
x 25 22
x 26 23
x 27 25
x 28 27
x 30 28
x 31 29
x 32 30
x 33 32
x 34 33
x 35 34
x 36 39
x 37 41
x 38 44
x 41 45
x 42 46
x 45 47
x 46 50
x 48 52
x 51 53
x 53 54
x 55 56
x 57 57
+ 56 1
+ 57 3
+ 57 4
+ 53 1
+ 52 1
+ 2 53
+ 57 7
+ 57 8
+ 1 50
+ 49 1
+ 48 1
+ 57 11
+ 57 12
+ 1 44
+ 57 15
+ 57 16
+ 1 42
+ 57 17
+ 39 1
+ 1 38
+ 39 3
+ 57 22
+ 57 23
+ 24 57
+ 57 26
+ 2 33
+ 27 57
+ 1 30
+ 57 30
+ 1 28
+ 27 1
+ 56 33
+ 57 35
+ 1 23
+ 36 57
+ 38 57
+ 57 39
+ 38 56
+ 57 40
+ 1 18
+ 41 57
+ 42 57
+ 57 44
+ 1 14
+ 46 57
+ 57 47
+ 1 11
+ 57 48
+ 49 57
+ 57 50
+ 57 51
+ 53 57
+ 54 57
+ 55 57
+ 56 57
Case #63: 7 6
x 1 1
x 2 2
o 3 3
+ 3 1
+ 3 2
+ 1 2
Case #64: 269 169
o 1 1
x 2 3
x 3 4
x 4 5
x 5 6
x 6 7
x 7 11
x 10 12
x 12 13
x 13 14
x 14 15
x 16 16
x 17 17
x 18 19
x 19 20
x 20 21
x 23 22
x 24 23
x 25 24
x 28 25
x 29 26
x 32 27
x 33 28
x 34 29
x 35 31
x 36 33
x 39 35
x 40 36
x 41 37
x 42 39
x 44 42
x 46 43
x 47 44
x 48 45
x 49 46
x 53 48
x 56 50
x 57 51
x 58 52
x 59 53
x 60 54
x 61 55
x 62 56
x 64 57
x 65 58
x 66 59
x 67 61
x 70 63
x 72 65
x 74 68
x 75 69
x 77 74
x 78 78
x 79 81
x 80 82
x 81 86
x 82 87
x 83 89
x 84 90
x 85 91
x 87 93
x 89 94
x 90 95
x 92 96
x 93 97
x 97 98
x 99 99
x 100 100
+ 100 2
+ 100 3
+ 100 4
+ 100 5
+ 100 6
+ 1 95
+ 100 7
+ 100 8
+ 100 9
+ 100 10
+ 100 11
+ 100 12
+ 100 13
+ 1 88
+ 100 14
+ 100 15
+ 100 16
+ 1 85
+ 100 17
+ 1 84
+ 100 18
+ 100 19
+ 1 82
+ 100 20
+ 100 21
+ 1 80
+ 22 100
+ 100 23
+ 100 24
+ 100 25
+ 100 26
+ 1 75
+ 100 27
+ 100 28
+ 1 73
+ 100 29
+ 2 73
+ 100 30
+ 1 71
+ 100 31
+ 1 70
+ 100 32
+ 100 33
+ 1 68
+ 100 34
+ 100 35
+ 100 36
+ 37 100
+ 100 38
+ 1 63
+ 100 39
+ 100 40
+ 100 41
+ 100 42
+ 1 59
+ 100 43
+ 1 58
+ 100 44
+ 100 47
+ 46 99
+ 100 48
+ 1 53
+ 49 100
+ 50 100
+ 100 51
+ 100 52
+ 49 97
+ 100 53
+ 54 100
+ 55 100
+ 56 100
+ 100 58
+ 59 100
+ 61 100
+ 100 62
+ 1 39
+ 100 63
+ 100 64
+ 100 65
+ 100 66
+ 67 100
+ 100 68
+ 2 34
+ 100 69
+ 71 100
+ 72 100
+ 100 73
+ 2 29
+ 77 100
+ 100 78
+ 1 23
+ 79 100
+ 100 80
+ 100 82
+ 83 100
+ 86 100
+ 88 100
+ 100 89
+ 88 99
+ 100 91
+ 92 100
Case #65: 25 15
x 1 1
x 2 2
x 3 4
x 5 6
x 7 9
x 8 10
+ 10 1
+ 8 1
+ 6 1
+ 10 6
+ 10 7
+ 1 4
+ 10 8
+ 1 3
+ 9 10
Case #66: 93 49
x 2 1
x 4 8
x 7 13
x 9 17
x 10 20
x 12 21
x 13 23
x 19 24
x 20 25
x 21 27
x 22 28
x 23 30
x 24 32
x 32 34
x 33 35
+ 35 1
+ 35 4
+ 1 32
+ 35 5
+ 1 31
+ 30 1
+ 29 1
+ 35 8
+ 27 2
+ 11 35
+ 35 13
+ 1 23
+ 35 14
+ 1 22
+ 21 1
+ 35 16
+ 35 17
+ 16 1
+ 19 34
+ 21 35
+ 35 22
+ 1 14
+ 1 13
+ 1 12
+ 35 25
+ 35 26
+ 35 27
+ 28 35
+ 35 29
+ 2 8
+ 7 2
+ 31 35
+ 32 35
+ 34 35
Case #67: 288 240
o 1 1
x 2 3
x 4 6
x 5 8
x 6 9
x 7 10
x 8 11
x 9 12
x 11 13
x 12 14
x 13 15
x 14 16
x 15 17
x 17 18
x 18 19
x 19 20
x 20 21
x 22 22
x 23 23
x 25 25
x 26 26
x 27 27
x 28 28
x 29 29
x 30 31
x 31 32
x 32 33
x 33 34
x 34 35
x 35 36
x 36 38
x 37 39
x 39 40
x 40 41
x 42 42
x 43 43
x 44 44
x 45 45
x 46 46
x 47 48
x 48 49
x 49 50
x 53 51
x 54 52
x 55 53
x 56 54
x 57 56
x 58 57
x 59 58
x 60 59
x 61 62
x 62 64
x 63 65
x 64 66
x 66 67
x 67 68
x 68 69
x 73 70
x 74 73
x 75 75
x 76 78
x 79 79
x 81 80
x 82 83
x 83 84
x 84 85
x 85 87
x 86 90
x 88 91
x 89 92
x 90 94
x 92 95
x 94 96
x 97 97
x 99 98
x 100 100
+ 100 1
+ 100 2
+ 1 99
+ 100 3
+ 1 98
+ 100 4
+ 1 97
+ 100 5
+ 1 96
+ 100 6
+ 1 95
+ 100 7
+ 1 94
+ 100 8
+ 100 9
+ 1 92
+ 100 10
+ 100 11
+ 100 12
+ 1 89
+ 100 13
+ 100 14
+ 1 87
+ 100 15
+ 1 86
+ 100 16
+ 1 85
+ 100 17
+ 1 84
+ 100 18
+ 100 19
+ 1 82
+ 100 20
+ 100 21
+ 1 80
+ 100 22
+ 1 79
+ 100 23
+ 1 78
+ 100 24
+ 1 77
+ 100 25
+ 100 26
+ 1 75
+ 100 27
+ 1 74
+ 100 28
+ 1 73
+ 100 29
+ 1 72
+ 100 30
+ 100 31
+ 100 32
+ 2 70
+ 100 33
+ 1 68
+ 100 34
+ 1 67
+ 100 35
+ 100 36
+ 1 65
+ 100 37
+ 100 38
+ 1 63
+ 100 39
+ 1 62
+ 100 40
+ 1 61
+ 100 41
+ 1 60
+ 100 42
+ 1 59
+ 100 43
+ 4 61
+ 100 44
+ 1 57
+ 100 45
+ 1 56
+ 100 46
+ 1 55
+ 100 47
+ 100 48
+ 1 53
+ 100 49
+ 1 52
+ 100 50
+ 1 51
+ 100 51
+ 1 50
+ 52 100
+ 100 53
+ 100 54
+ 1 47
+ 55 100
+ 100 56
+ 3 47
+ 100 57
+ 1 44
+ 100 58
+ 1 43
+ 100 59
+ 1 42
+ 100 60
+ 100 61
+ 1 40
+ 100 62
+ 100 63
+ 1 38
+ 100 64
+ 1 37
+ 100 65
+ 1 36
+ 100 66
+ 1 35
+ 100 67
+ 1 34
+ 100 68
+ 100 69
+ 1 32
+ 70 100
+ 100 71
+ 100 72
+ 2 30
+ 100 73
+ 1 28
+ 74 100
+ 100 75
+ 1 26
+ 100 76
+ 1 25
+ 77 100
+ 100 78
+ 1 23
+ 79 100
+ 100 80
+ 100 81
+ 82 100
+ 100 83
+ 1 18
+ 100 84
+ 1 17
+ 100 85
+ 1 16
+ 100 86
+ 1 15
+ 100 87
+ 1 14
+ 100 88
+ 1 13
+ 100 89
+ 90 100
+ 100 91
+ 1 10
+ 100 92
+ 2 10
+ 100 93
+ 1 8
+ 100 95
+ 96 100
+ 100 97
+ 1 4
+ 98 100
+ 100 99
+ 1 2
Case #68: 274 178
o 1 1
x 2 2
x 3 3
x 4 4
x 5 5
x 6 6
x 7 7
x 8 8
x 9 9
x 10 10
x 11 11
x 12 12
x 13 13
x 14 14
x 15 15
x 16 16
x 17 17
x 18 18
x 19 19
x 20 20
x 21 21
x 22 22
x 23 23
x 24 24
x 25 25
x 26 26
x 27 27
x 28 28
x 29 29
x 30 30
x 31 31
x 32 32
x 33 33
x 34 34
x 35 35
x 36 36
x 37 37
x 38 38
x 39 39
x 40 40
x 41 41
x 42 42
x 43 43
x 44 44
x 45 45
x 46 46
x 47 47
x 48 48
x 49 49
x 50 50
x 51 51
x 52 52
x 53 53
x 54 54
x 55 55
x 56 56
x 57 57
x 58 58
x 59 59
x 60 60
x 61 61
x 62 62
x 63 63
x 64 64
x 65 65
x 66 66
x 67 67
x 68 68
x 69 69
x 70 70
x 71 71
x 72 72
x 73 73
x 74 74
x 75 75
x 76 76
x 77 77
x 78 78
x 79 79
x 80 80
x 81 81
x 82 82
x 83 83
x 84 84
x 85 85
x 86 86
x 87 87
x 88 88
x 89 89
x 90 90
x 91 91
x 92 92
x 93 93
x 94 94
x 95 95
x 96 96
x 97 97
x 98 98
x 99 99
x 100 100
+ 100 2
+ 100 3
+ 100 4
+ 100 5
+ 100 6
+ 100 7
+ 8 100
+ 100 9
+ 100 10
+ 100 11
+ 100 12
+ 100 13
+ 100 14
+ 100 15
+ 100 16
+ 100 17
+ 100 18
+ 100 19
+ 100 20
+ 100 21
+ 100 22
+ 100 23
+ 100 24
+ 100 25
+ 26 100
+ 100 27
+ 28 100
+ 100 29
+ 100 30
+ 31 100
+ 36 100
+ 100 37
+ 36 99
+ 100 38
+ 36 98
+ 39 100
+ 100 40
+ 36 96
+ 41 100
+ 100 43
+ 38 95
+ 100 44
+ 43 99
+ 100 46
+ 47 100
+ 100 49
+ 100 51
+ 48 97
+ 100 52
+ 51 99
+ 100 54
+ 51 97
+ 55 100
+ 100 56
+ 100 57
+ 55 98
+ 100 58
+ 60 100
+ 61 100
+ 100 63
+ 61 98
+ 65 100
+ 100 66
+ 100 67
+ 68 100
+ 100 70
+ 67 97
+ 100 71
+ 100 72
+ 67 95
+ 100 73
+ 71 98
+ 74 100
+ 100 75
+ 100 78
+ 77 99
+ 82 100
+ 85 100
Case #69: 206 117
x 2 1
x 4 2
x 7 3
x 13 4
x 14 8
x 17 9
x 18 11
x 19 13
x 20 14
x 21 16
x 23 19
x 28 20
x 29 21
x 30 22
x 33 23
x 36 25
x 37 27
x 41 28
x 42 30
x 43 34
x 44 40
x 45 46
x 46 48
x 47 49
x 48 50
x 53 51
x 54 52
x 55 54
x 56 56
x 58 58
x 59 59
x 60 62
x 61 63
x 66 64
x 67 65
x 68 68
x 71 70
x 72 71
x 74 72
x 76 75
x 77 76
+ 77 2
+ 77 3
+ 77 4
+ 1 74
+ 77 5
+ 72 1
+ 77 7
+ 1 71
+ 77 10
+ 1 68
+ 77 11
+ 77 15
+ 1 63
+ 60 1
+ 77 19
+ 1 59
+ 77 21
+ 1 57
+ 77 22
+ 55 1
+ 55 2
+ 77 25
+ 77 27
+ 2 52
+ 77 29
+ 1 49
+ 48 1
+ 77 31
+ 1 47
+ 1 46
+ 77 33
+ 34 77
+ 35 77
+ 77 36
+ 38 77
+ 77 39
+ 39 2
+ 4 41
+ 77 41
+ 77 42
+ 77 43
+ 44 77
+ 77 47
+ 1 31
+ 77 48
+ 1 30
+ 77 49
+ 77 51
+ 77 52
+ 54 77
+ 77 55
+ 1 23
+ 77 56
+ 1 22
+ 57 77
+ 77 58
+ 1 20
+ 59 77
+ 77 60
+ 77 61
+ 20 5
+ 56 71
+ 77 63
+ 1 15
+ 77 64
+ 1 14
+ 77 65
+ 1 13
+ 77 66
+ 1 12
+ 11 1
+ 77 68
+ 77 71
+ 73 77
+ 75 77
+ 77 77
Case #70: 298 292
x 1 1
x 2 2
x 3 3
x 4 4
x 5 5
x 6 6
x 7 7
x 8 8
x 9 9
x 10 11
x 12 12
x 13 13
x 14 14
x 15 15
x 16 16
x 17 18
x 18 19
x 19 20
x 20 21
x 21 22
x 22 23
x 23 24
x 24 25
x 25 26
x 26 27
x 27 28
x 28 29
x 29 30
x 30 31
x 31 32
x 32 33
x 33 34
x 34 35
x 35 36
x 36 37
x 37 38
x 38 40
x 39 41
x 40 43
x 41 44
x 42 45
x 43 46
x 44 47
x 45 48
x 46 49
x 47 50
x 48 51
x 51 52
x 52 53
x 53 54
x 54 56
x 55 57
x 56 58
x 57 59
x 58 60
x 59 61
x 60 62
x 61 63
x 62 64
x 63 65
x 64 66
x 65 67
x 66 68
x 67 69
x 68 70
x 69 71
x 70 72
x 71 73
x 73 74
x 74 75
x 75 76
x 76 77
x 77 78
x 78 79
x 79 80
x 80 81
x 81 82
x 82 83
x 84 84
x 85 85
x 86 86
x 87 87
x 88 88
x 89 89
x 90 90
x 91 91
x 92 92
x 93 93
x 94 94
x 95 95
x 96 96
x 97 97
x 98 98
x 99 99
o 100 100
+ 100 1
+ 100 2
+ 1 99
+ 100 3
+ 1 98
+ 100 4
+ 1 97
+ 100 5
+ 1 96
+ 100 6
+ 1 95
+ 100 7
+ 1 94
+ 100 8
+ 1 93
+ 100 9
+ 1 92
+ 100 10
+ 1 91
+ 100 11
+ 1 90
+ 100 12
+ 1 89
+ 100 13
+ 1 88
+ 100 14
+ 1 87
+ 100 15
+ 1 86
+ 100 16
+ 1 85
+ 100 17
+ 1 84
+ 100 18
+ 1 83
+ 100 19
+ 1 82
+ 100 20
+ 1 81
+ 100 21
+ 1 80
+ 100 22
+ 1 79
+ 100 23
+ 1 78
+ 100 24
+ 1 77
+ 100 25
+ 1 76
+ 100 26
+ 1 75
+ 100 27
+ 1 74
+ 100 28
+ 1 73
+ 100 29
+ 1 72
+ 100 30
+ 1 71
+ 100 31
+ 1 70
+ 100 32
+ 1 69
+ 100 33
+ 1 68
+ 100 34
+ 1 67
+ 100 35
+ 1 66
+ 100 36
+ 1 65
+ 100 37
+ 1 64
+ 100 38
+ 1 63
+ 100 39
+ 1 62
+ 100 40
+ 1 61
+ 100 41
+ 1 60
+ 100 42
+ 1 59
+ 100 43
+ 1 58
+ 100 44
+ 1 57
+ 100 45
+ 1 56
+ 100 46
+ 1 55
+ 100 47
+ 1 54
+ 100 48
+ 1 53
+ 100 49
+ 1 52
+ 100 50
+ 1 51
+ 100 51
+ 1 50
+ 100 52
+ 1 49
+ 100 53
+ 1 48
+ 100 54
+ 1 47
+ 100 55
+ 1 46
+ 100 56
+ 1 45
+ 100 57
+ 1 44
+ 100 58
+ 1 43
+ 100 59
+ 1 42
+ 100 60
+ 1 41
+ 100 61
+ 1 40
+ 100 62
+ 1 39
+ 100 63
+ 1 38
+ 100 64
+ 1 37
+ 100 65
+ 1 36
+ 100 66
+ 1 35
+ 100 67
+ 1 34
+ 100 68
+ 1 33
+ 100 69
+ 1 32
+ 100 70
+ 1 31
+ 100 71
+ 1 30
+ 100 72
+ 1 29
+ 100 73
+ 1 28
+ 100 74
+ 1 27
+ 100 75
+ 1 26
+ 100 76
+ 1 25
+ 100 77
+ 1 24
+ 100 78
+ 1 23
+ 100 79
+ 1 22
+ 100 80
+ 1 21
+ 100 81
+ 1 20
+ 100 82
+ 1 19
+ 100 83
+ 1 18
+ 100 84
+ 1 17
+ 100 85
+ 1 16
+ 100 86
+ 1 15
+ 100 87
+ 1 14
+ 100 88
+ 1 13
+ 100 89
+ 1 12
+ 100 90
+ 1 11
+ 100 91
+ 1 10
+ 100 92
+ 1 9
+ 100 93
+ 1 8
+ 100 94
+ 1 7
+ 100 95
+ 1 6
+ 100 96
+ 1 5
+ 100 97
+ 1 4
+ 100 98
+ 1 3
+ 100 99
+ 1 2
Case #71: 188 102
x 1 5
x 7 6
x 10 7
x 11 9
x 12 13
x 13 14
x 15 18
x 16 19
x 17 22
x 20 23
x 22 26
x 23 27
x 26 28
x 27 31
x 29 32
x 30 33
x 36 35
x 37 39
x 40 40
x 42 42
x 47 43
x 48 45
x 50 48
x 51 49
x 53 50
x 54 51
x 57 53
x 59 57
x 61 58
x 62 61
x 63 67
x 64 70
+ 70 1
+ 69 1
+ 70 3
+ 70 5
+ 1 66
+ 70 6
+ 1 65
+ 64 1
+ 70 8
+ 70 10
+ 1 61
+ 59 1
+ 70 13
+ 57 1
+ 56 1
+ 70 16
+ 1 55
+ 17 70
+ 70 18
+ 1 53
+ 51 1
+ 21 70
+ 1 49
o 24 69
+ 26 70
+ 70 27
+ 4 47
+ 70 28
+ 29 70
+ 70 31
+ 70 32
+ 2 40
+ 70 33
+ 1 38
+ 70 34
+ 4 39
+ 35 1
+ 70 37
+ 1 34
+ 70 38
+ 1 33
+ 39 70
+ 70 40
+ 70 42
+ 2 30
+ 70 43
+ 1 28
+ 45 70
+ 26 2
+ 25 2
+ 4 27
+ 70 48
+ 1 23
+ 70 49
+ 21 1
+ 70 51
+ 19 2
+ 3 20
+ 70 55
+ 1 16
+ 1 15
+ 70 58
+ 70 60
+ 70 61
+ 70 64
+ 70 65
+ 70 68
+ 1 3
+ 69 70
+ 70 70
Case #72: 291 270
o 1 1
x 2 2
x 3 3
x 4 4
x 5 5
x 6 6
x 7 7
x 8 8
x 9 9
x 10 10
x 11 11
x 12 12
x 13 14
x 14 15
x 15 16
x 16 17
x 17 18
x 18 19
x 19 20
x 20 21
x 21 22
x 22 23
x 23 24
x 24 25
x 25 26
x 26 27
x 28 28
x 29 30
x 30 31
x 31 32
x 32 33
x 33 34
x 34 35
x 36 36
x 37 37
x 38 38
x 39 39
x 40 40
x 41 41
x 44 42
x 45 43
x 46 44
x 47 45
x 48 46
x 49 47
x 50 48
x 51 49
x 52 50
x 53 51
x 54 53
x 55 54
x 57 55
x 58 56
x 59 57
x 60 58
x 61 59
x 62 60
x 63 61
x 64 62
x 65 63
x 66 65
x 67 66
x 68 67
x 69 68
x 70 69
x 71 70
x 72 71
x 73 72
x 74 73
x 75 74
x 76 75
x 78 76
x 79 77
x 80 78
x 81 79
x 82 80
x 83 82
x 84 83
x 85 84
x 86 85
x 87 87
x 88 88
x 89 89
x 90 90
x 91 91
x 92 92
x 94 93
x 95 95
x 96 96
x 97 97
x 98 98
x 99 99
x 100 100
+ 100 1
+ 100 2
+ 1 99
+ 100 3
+ 1 98
+ 100 4
+ 1 97
+ 100 5
+ 1 96
+ 100 6
+ 1 95
+ 100 7
+ 1 94
+ 100 8
+ 1 93
+ 100 9
+ 1 92
+ 100 10
+ 1 91
+ 100 11
+ 100 12
+ 1 89
+ 100 13
+ 100 14
+ 1 87
+ 100 15
+ 1 86
+ 100 16
+ 1 85
+ 100 17
+ 1 84
+ 100 18
+ 1 83
+ 100 19
+ 1 82
+ 100 20
+ 1 81
+ 100 21
+ 1 80
+ 100 22
+ 1 79
+ 100 23
+ 1 78
+ 100 24
+ 1 77
+ 100 25
+ 1 76
+ 100 26
+ 1 75
+ 100 27
+ 1 74
+ 100 28
+ 1 73
+ 100 29
+ 1 72
+ 100 30
+ 1 71
+ 100 31
+ 1 70
+ 100 32
+ 1 69
+ 100 33
+ 1 68
+ 100 34
+ 1 67
+ 100 35
+ 1 66
+ 100 36
+ 1 65
+ 100 37
+ 1 64
+ 100 38
+ 1 63
+ 100 39
+ 1 62
+ 100 40
+ 1 61
+ 100 41
+ 100 42
+ 1 59
+ 100 43
+ 1 58
+ 100 44
+ 1 57
+ 100 45
+ 1 56
+ 100 46
+ 1 55
+ 100 47
+ 100 48
+ 1 53
+ 100 49
+ 2 53
+ 100 50
+ 1 51
+ 100 51
+ 1 50
+ 100 52
+ 1 49
+ 100 53
+ 100 54
+ 1 47
+ 100 55
+ 100 56
+ 1 45
+ 57 100
+ 100 58
+ 1 43
+ 100 59
+ 2 43
+ 100 60
+ 100 61
+ 100 62
+ 1 39
+ 100 63
+ 100 64
+ 1 37
+ 100 65
+ 2 37
+ 100 66
+ 1 35
+ 100 67
+ 1 34
+ 100 68
+ 100 69
+ 1 32
+ 100 70
+ 1 31
+ 100 71
+ 6 35
+ 100 72
+ 1 29
+ 100 73
+ 100 74
+ 1 27
+ 75 100
+ 100 76
+ 1 25
+ 100 78
+ 1 23
+ 100 79
+ 1 22
+ 100 80
+ 1 21
+ 81 100
+ 100 82
+ 1 19
+ 100 83
+ 1 18
+ 100 84
+ 1 17
+ 100 85
+ 1 16
+ 86 100
+ 100 87
+ 1 14
+ 100 88
+ 1 13
+ 100 89
+ 1 12
+ 90 100
+ 100 91
+ 1 10
+ 92 100
+ 100 93
+ 1 8
+ 100 94
+ 1 7
+ 100 95
+ 1 6
+ 100 96
+ 100 97
+ 1 4
+ 100 98
+ 1 3
+ 100 99
+ 1 2
Case #73: 119 62
x 2 1
x 3 2
x 4 3
x 7 5
x 8 6
x 9 11
x 10 16
x 11 18
x 16 19
x 18 20
x 21 24
x 23 25
x 24 28
x 25 29
x 28 30
x 29 31
x 34 32
x 36 34
x 39 35
x 41 44
o 44 45
+ 45 2
+ 1 44
+ 41 1
+ 45 6
+ 45 7
+ 1 39
+ 8 45
+ 10 45
+ 35 1
+ 45 12
+ 1 34
+ 33 1
+ 45 14
+ 45 15
+ 1 31
+ 45 17
+ 1 29
+ 18 45
+ 45 20
+ 45 22
+ 23 45
+ 45 24
+ 26 45
+ 45 27
+ 1 19
+ 28 45
+ 45 29
+ 45 30
+ 45 31
+ 13 1
+ 2 14
+ 1 12
+ 11 1
+ 4 14
+ 10 1
+ 45 38
+ 39 45
+ 45 41
+ 4 1
+ 2 5
+ 43 45
Case #74: 172 95
x 1 1
x 3 10
x 4 14
x 7 15
x 9 17
x 11 18
x 14 19
x 15 20
x 16 24
x 17 26
x 18 27
x 23 29
x 25 31
x 29 33
x 30 34
x 32 35
x 36 37
x 37 38
x 38 44
x 41 45
x 42 49
x 43 51
x 44 52
x 46 53
x 49 54
x 51 55
x 57 57
x 58 59
x 61 60
x 62 61
x 64 64
+ 64 4
+ 64 5
+ 60 2
+ 64 7
+ 1 58
+ 57 1
+ 56 1
+ 64 10
+ 64 11
+ 1 54
+ 1 52
+ 51 1
+ 16 64
+ 2 48
+ 64 19
+ 1 46
+ 45 1
+ 21 64
+ 64 22
+ 64 23
+ 1 42
+ 2 42
+ 64 25
+ 1 40
+ 26 64
+ 64 27
+ 64 28
+ 64 30
+ 64 31
+ 32 64
+ 34 64
+ 64 35
+ 64 36
+ 1 29
+ 28 1
+ 64 38
+ 39 64
+ 25 1
+ 64 41
+ 2 25
+ 64 42
+ 43 64
+ 64 44
+ 20 1
+ 19 1
+ 2 20
+ 64 47
+ 17 1
+ 4 20
+ 1 16
+ 64 50
+ 64 51
+ 53 64
+ 64 54
+ 53 63
+ 64 56
+ 64 58
+ 1 7
+ 59 64
+ 60 64
+ 64 61
+ 1 4
+ 64 62
+ 63 64
Case #75: 210 0
Case #76: 277 232
o 1 1
x 2 2
x 3 3
x 4 4
x 5 5
x 6 6
x 7 7
x 8 8
x 9 9
x 10 10
x 11 11
x 12 12
x 13 13
x 14 14
x 15 15
x 16 16
x 17 17
x 18 18
x 19 19
x 20 20
x 21 21
x 22 22
x 23 23
x 24 24
x 25 25
x 26 26
x 27 27
x 28 28
x 29 29
x 30 30
x 31 31
x 32 32
x 33 33
x 34 34
x 35 35
x 36 36
x 37 37
x 38 38
x 39 39
x 40 40
x 41 41
x 42 42
x 43 43
x 44 44
x 45 45
x 46 46
x 47 47
x 48 48
x 49 49
x 50 50
x 51 51
x 52 52
x 53 53
x 54 54
x 55 55
x 56 56
x 57 57
x 58 58
x 59 59
x 60 60
x 61 61
x 62 62
x 63 63
x 64 64
x 65 65
x 66 66
x 67 67
x 68 68
x 69 69
x 70 70
x 71 71
x 72 72
x 73 73
x 74 74
x 75 75
x 76 76
x 77 77
x 78 78
x 79 79
x 80 80
x 81 81
x 82 82
x 83 83
x 84 84
x 85 85
x 86 86
x 87 87
x 88 88
x 89 89
x 90 90
x 91 91
x 92 92
x 93 93
x 94 94
x 95 95
x 96 96
x 97 97
x 98 98
x 99 99
x 100 100
+ 100 2
+ 1 99
+ 100 3
+ 1 98
+ 100 4
+ 1 97
+ 100 5
+ 100 6
+ 1 95
+ 100 7
+ 1 94
+ 100 8
+ 100 9
+ 100 10
+ 1 91
+ 100 11
+ 100 12
+ 1 89
+ 100 13
+ 100 14
+ 1 87
+ 100 15
+ 100 16
+ 100 17
+ 1 84
+ 100 18
+ 1 83
+ 100 19
+ 100 20
+ 1 81
+ 100 21
+ 100 22
+ 1 79
+ 100 23
+ 1 78
+ 100 24
+ 1 77
+ 100 25
+ 1 76
+ 100 26
+ 1 75
+ 100 27
+ 1 74
+ 100 28
+ 1 73
+ 100 29
+ 1 72
+ 100 30
+ 31 100
+ 32 100
+ 100 33
+ 1 68
+ 100 34
+ 1 67
+ 100 35
+ 3 68
+ 100 36
+ 1 65
+ 100 37
+ 100 38
+ 4 66
+ 100 39
+ 100 40
+ 100 41
+ 100 42
+ 1 59
+ 100 43
+ 100 44
+ 100 45
+ 100 46
+ 1 55
+ 100 47
+ 1 54
+ 100 48
+ 1 53
+ 100 49
+ 1 52
+ 100 50
+ 1 51
+ 100 51
+ 100 52
+ 100 53
+ 1 48
+ 54 100
+ 100 55
+ 100 56
+ 100 57
+ 1 44
+ 58 100
+ 60 100
+ 100 61
+ 60 99
+ 100 64
+ 63 99
+ 100 65
+ 64 99
+ 100 66
+ 1 35
+ 100 67
+ 100 68
+ 1 33
+ 100 69
+ 100 70
+ 9 39
+ 100 71
+ 100 72
+ 1 29
+ 100 73
+ 74 100
+ 75 100
+ 76 100
+ 100 78
+ 100 79
+ 78 99
+ 80 100
+ 81 100
+ 82 100
+ 83 100
+ 100 84
+ 100 85
+ 1 16
+ 86 100
+ 87 100
+ 100 88
+ 100 90
+ 91 100
+ 100 94
+ 100 95
+ 96 100
+ 100 98
+ 100 99
+ 1 2
Case #77: 275 174
x 3 2
x 5 3
x 7 5
x 11 6
x 14 8
x 15 10
x 19 11
x 22 12
x 30 13
x 31 15
x 32 17
x 33 23
x 36 24
x 37 27
x 38 30
x 39 31
x 40 32
x 42 35
x 43 36
x 44 37
x 45 39
x 47 41
x 48 42
x 50 43
x 51 44
x 53 45
x 54 47
x 55 49
x 57 51
x 59 54
x 64 55
x 66 60
x 68 61
x 69 62
x 71 66
x 72 67
x 73 69
x 74 71
x 75 74
x 77 76
x 79 77
x 80 80
x 83 81
x 85 82
x 86 83
x 87 87
x 88 88
x 89 92
x 91 93
x 93 94
x 97 97
x 98 98
o 100 99
+ 100 2
+ 1 99
+ 100 3
+ 1 98
+ 100 4
+ 1 97
+ 100 5
+ 1 96
+ 100 6
+ 1 95
+ 100 7
+ 100 8
+ 100 9
+ 100 10
+ 1 91
+ 100 11
+ 100 12
+ 1 89
+ 100 13
+ 1 88
+ 100 14
+ 1 87
+ 100 15
+ 100 16
+ 17 100
+ 100 18
+ 100 19
+ 3 84
+ 100 20
+ 100 21
+ 100 22
+ 100 23
+ 1 78
+ 100 24
+ 100 25
+ 26 100
+ 100 28
+ 1 73
+ 100 29
+ 1 72
+ 100 30
+ 1 71
+ 100 31
+ 1 70
+ 100 32
+ 100 33
+ 30 97
+ 100 34
+ 100 35
+ 5 70
+ 100 36
+ 1 65
+ 100 37
+ 1 64
+ 100 38
+ 1 63
+ 100 39
+ 100 40
+ 1 61
+ 100 41
+ 100 42
+ 6 64
+ 100 43
+ 100 44
+ 1 57
+ 100 45
+ 46 100
+ 100 47
+ 1 54
+ 100 48
+ 49 100
+ 100 50
+ 100 51
+ 2 51
+ 100 52
+ 100 53
+ 100 54
+ 100 55
+ 100 56
+ 100 57
+ 100 58
+ 1 43
+ 100 59
+ 1 42
+ 100 60
+ 100 61
+ 62 100
+ 100 63
+ 100 64
+ 100 67
+ 1 34
+ 100 68
+ 1 33
+ 100 69
+ 1 32
+ 100 70
+ 71 100
+ 72 100
+ 100 73
+ 1 28
+ 74 100
+ 100 75
+ 100 76
+ 1 25
+ 77 100
+ 100 78
+ 100 79
+ 100 80
+ 100 81
+ 1 20
o 82 100
+ 100 83
+ 100 84
+ 86 100
+ 100 91
+ 90 99
+ 100 92
+ 1 9
+ 100 93
+ 100 98
+ 1 3
Case #78: 12 5
x 1 1
x 4 2
+ 5 2
+ 1 4
+ 5 4
Case #79: 53 29
x 2 5
o 4 8
x 5 9
x 6 12
x 7 14
x 13 15
x 15 16
x 16 17
x 17 18
+ 20 2
+ 1 19
+ 3 20
+ 1 17
+ 20 6
+ 1 15
+ 20 8
+ 20 9
+ 1 12
+ 10 20
+ 12 20
+ 20 13
+ 1 8
+ 20 14
+ 1 7
+ 5 1
+ 17 20
+ 20 18
+ 19 20
+ 20 20
Case #80: 298 227
x 3 1
x 4 2
x 11 5
x 12 9
x 15 10
x 17 12
x 28 17
x 29 21
x 31 23
x 36 24
x 41 25
x 49 28
x 51 29
x 53 36
x 55 37
x 57 38
x 62 41
x 65 42
x 69 44
x 76 48
x 77 53
x 79 64
x 82 74
x 88 76
x 90 81
x 92 88
x 95 92
x 96 95
x 97 97
+ 100 1
+ 100 2
+ 1 99
+ 100 3
+ 1 98
+ 100 4
+ 1 97
+ 100 5
+ 1 96
+ 100 6
+ 1 95
+ 100 7
+ 1 94
+ 100 8
+ 1 93
+ 100 9
+ 1 92
+ 100 10
+ 1 91
+ 100 11
+ 1 90
+ 100 12
+ 1 89
+ 100 13
+ 1 88
+ 100 14
+ 1 87
+ 100 15
+ 1 86
+ 100 16
+ 1 85
+ 100 17
+ 1 84
+ 100 18
+ 1 83
+ 100 19
+ 1 82
+ 100 20
+ 1 81
+ 100 21
+ 1 80
+ 100 22
+ 1 79
+ 100 23
+ 1 78
+ 100 24
+ 1 77
+ 100 25
+ 1 76
+ 100 26
+ 1 75
+ 100 27
+ 1 74
+ 100 28
+ 1 73
+ 100 29
+ 1 72
+ 100 30
+ 1 71
+ 100 31
+ 1 70
+ 100 32
+ 1 69
+ 100 33
+ 1 68
+ 100 34
+ 1 67
+ 100 35
+ 1 66
+ 100 36
+ 1 65
+ 100 37
+ 1 64
+ 100 38
+ 1 63
+ 100 39
+ 1 62
+ 100 40
+ 1 61
+ 100 41
+ 1 60
+ 100 42
+ 1 59
+ 100 43
+ 1 58
+ 100 44
+ 1 57
+ 100 45
+ 1 56
+ 100 46
+ 1 55
+ 100 47
+ 1 54
+ 100 48
+ 1 53
+ 100 49
+ 1 52
+ 100 50
+ 1 51
+ 100 51
+ 1 50
+ 100 52
+ 1 49
+ 100 53
+ 1 48
+ 100 54
+ 1 47
+ 100 55
+ 1 46
+ 100 56
+ 1 45
+ 100 57
+ 1 44
+ 100 58
+ 1 43
+ 100 59
+ 1 42
+ 100 60
+ 1 41
+ 100 61
+ 1 40
+ 100 62
+ 1 39
+ 100 63
+ 1 38
+ 100 64
+ 1 37
+ 100 65
+ 1 36
+ 100 66
+ 1 35
+ 100 67
+ 1 34
+ 100 68
+ 1 33
+ 100 69
+ 1 32
+ 100 70
+ 1 31
+ 100 71
+ 1 30
+ 100 72
+ 1 29
o 100 73
+ 1 28
+ 100 74
+ 1 27
+ 100 75
+ 1 26
+ 100 76
+ 1 25
+ 100 77
+ 1 24
+ 100 78
+ 1 23
+ 100 79
+ 1 22
+ 100 80
+ 1 21
+ 100 81
+ 1 20
+ 100 82
+ 1 19
+ 100 83
+ 1 18
+ 100 84
+ 1 17
+ 100 85
+ 1 16
+ 100 86
+ 1 15
+ 100 87
+ 1 14
+ 100 88
o 1 13
+ 100 89
+ 1 12
+ 100 90
+ 1 11
+ 100 91
+ 1 10
+ 100 92
+ 1 9
+ 100 93
+ 1 8
+ 100 94
+ 1 7
+ 100 95
+ 1 6
+ 100 96
+ 1 5
+ 100 97
+ 1 4
+ 100 98
+ 1 3
+ 100 99
+ 1 2
+ 100 100
Case #81: 89 0
Case #82: 239 129
x 3 3
x 7 6
x 10 7
x 11 8
x 15 9
x 16 12
x 17 20
x 18 21
x 20 24
x 22 25
x 24 26
x 26 28
x 27 30
x 32 31
x 33 32
x 34 36
x 37 37
x 44 39
x 45 41
x 48 42
x 51 44
x 54 46
x 55 49
x 56 51
x 58 52
x 59 54
x 60 56
x 65 59
x 66 60
x 69 62
x 70 67
x 73 68
x 74 69
x 76 72
x 77 73
x 81 76
x 82 80
x 83 81
x 85 82
o 87 84
x 90 88
+ 90 1
+ 90 3
+ 90 4
+ 90 6
+ 90 8
+ 90 9
+ 90 10
+ 11 90
+ 90 12
+ 90 13
+ 2 79
+ 90 14
+ 90 16
+ 90 17
+ 1 74
+ 90 18
+ 1 72
+ 72 2
+ 90 21
+ 67 1
+ 90 25
+ 1 66
+ 1 64
+ 90 28
+ 1 63
+ 90 29
+ 1 62
+ 31 90
+ 90 32
+ 33 90
+ 58 2
+ 90 35
+ 87 33
+ 37 90
+ 51 1
+ 39 89
+ 90 43
+ 1 47
+ 45 90
+ 44 1
+ 89 47
+ 2 44
+ 90 50
+ 90 51
+ 1 40
+ 90 52
+ 1 39
+ 54 90
+ 90 55
+ 56 90
+ 90 58
o 1 33
+ 90 59
+ 1 32
+ 90 61
+ 1 30
+ 29 1
+ 61 89
+ 63 90
+ 65 90
+ 66 90
+ 69 90
+ 90 71
+ 1 20
+ 90 72
+ 1 19
+ 18 1
+ 90 74
+ 90 75
+ 90 76
+ 90 77
+ 90 78
+ 1 13
+ 90 79
+ 1 12
+ 90 80
+ 10 1
+ 4 13
+ 90 82
+ 1 9
+ 90 83
+ 90 84
+ 1 7
+ 90 85
+ 1 6
+ 87 90
+ 89 90
+ 90 90
Case #83: 270 170
x 1 2
x 2 3
x 3 4
x 4 5
x 5 6
x 6 7
x 7 8
x 8 9
x 9 10
x 10 11
x 12 13
x 13 14
x 14 15
x 15 16
x 17 17
x 18 18
x 20 19
x 21 21
x 22 22
x 23 23
x 24 24
x 25 25
x 26 26
x 27 27
x 28 28
x 29 29
x 30 30
x 31 31
x 32 32
x 33 33
x 34 34
x 35 36
x 36 37
x 37 38
x 38 39
x 39 40
x 40 41
x 42 42
x 43 43
x 44 44
x 45 45
x 46 46
x 47 47
x 50 48
x 53 49
x 54 50
x 55 52
x 56 53
x 57 54
x 58 55
x 59 56
x 60 57
x 61 58
x 62 60
x 63 61
x 64 63
x 65 64
x 66 65
x 67 67
x 68 68
x 69 69
x 70 70
x 71 71
x 72 72
x 73 73
x 75 74
x 77 75
x 78 76
x 79 77
x 80 79
x 81 80
x 82 81
x 84 82
x 85 83
x 86 84
x 87 86
x 88 87
x 89 89
x 90 90
x 91 91
x 92 92
x 93 93
x 94 94
x 95 95
x 96 96
x 97 98
x 98 99
x 100 100
+ 100 2
+ 100 3
+ 100 4
+ 100 5
+ 100 6
+ 100 7
+ 100 8
+ 1 93
+ 100 9
+ 100 10
+ 100 11
+ 100 12
+ 100 13
+ 100 14
+ 100 15
+ 16 100
+ 100 17
+ 100 18
+ 100 19
+ 100 20
+ 100 21
+ 100 22
+ 100 23
+ 100 24
+ 100 25
+ 100 26
+ 100 27
+ 1 74
+ 100 28
+ 100 30
+ 1 71
+ 31 100
+ 100 32
+ 100 33
+ 31 98
+ 34 100
+ 100 35
+ 36 100
+ 100 37
+ 38 100
+ 100 40
+ 100 41
+ 40 99
+ 100 42
+ 100 45
+ 1 56
+ 46 100
+ 100 47
+ 45 98
+ 100 48
+ 49 100
+ 100 50
+ 47 97
+ 100 51
+ 100 52
+ 53 100
+ 100 55
+ 7 52
+ 56 100
+ 100 57
+ 10 53
+ 58 100
+ 100 59
+ 1 42
+ 100 60
+ 100 61
+ 100 62
+ 63 100
+ 100 64
+ 59 95
+ 68 100
+ 100 69
+ 68 99
+ 100 71
+ 100 73
+ 100 74
+ 77 100
+ 100 78
+ 83 100
+ 84 100
+ 85 100
+ 100 89
Case #84: 298 218
x 3 11
x 17 17
x 19 19
x 25 24
x 29 27
x 33 28
x 40 35
x 44 37
x 48 38
x 51 44
x 53 53
x 66 54
x 67 57
x 71 63
x 72 64
x 77 67
x 79 95
x 81 96
x 85 98
x 87 99
o 100 1
+ 100 2
+ 1 99
+ 100 3
+ 1 98
+ 100 4
+ 1 97
+ 100 5
+ 1 96
+ 100 6
+ 1 95
+ 100 7
+ 1 94
+ 100 8
+ 1 93
+ 100 9
+ 1 92
+ 100 10
+ 1 91
+ 100 11
+ 1 90
+ 100 12
+ 1 89
+ 100 13
+ 1 88
+ 100 14
+ 1 87
+ 100 15
+ 1 86
+ 100 16
+ 1 85
+ 100 17
+ 1 84
+ 100 18
+ 1 83
+ 100 19
+ 1 82
+ 100 20
+ 1 81
+ 100 21
+ 1 80
+ 100 22
+ 1 79
+ 100 23
+ 1 78
+ 100 24
+ 1 77
+ 100 25
+ 1 76
+ 100 26
+ 1 75
+ 100 27
+ 1 74
+ 100 28
+ 1 73
+ 100 29
+ 1 72
+ 100 30
+ 1 71
+ 100 31
+ 1 70
+ 100 32
+ 1 69
+ 100 33
+ 1 68
+ 100 34
+ 1 67
+ 100 35
+ 1 66
+ 100 36
+ 1 65
+ 100 37
+ 1 64
+ 100 38
+ 1 63
+ 100 39
+ 1 62
+ 100 40
+ 1 61
+ 100 41
+ 1 60
+ 100 42
+ 1 59
+ 100 43
+ 1 58
+ 100 44
+ 1 57
+ 100 45
+ 1 56
+ 100 46
+ 1 55
+ 100 47
+ 1 54
+ 100 48
+ 1 53
+ 100 49
+ 1 52
+ 100 50
+ 1 51
+ 100 51
+ 1 50
+ 100 52
+ 1 49
+ 100 53
+ 1 48
+ 100 54
+ 1 47
+ 100 55
+ 1 46
+ 100 56
+ 1 45
+ 100 57
+ 1 44
+ 100 58
+ 1 43
+ 100 59
+ 1 42
+ 100 60
+ 1 41
+ 100 61
+ 1 40
+ 100 62
+ 1 39
+ 100 63
+ 1 38
+ 100 64
+ 1 37
+ 100 65
+ 1 36
+ 100 66
+ 1 35
+ 100 67
+ 1 34
+ 100 68
+ 1 33
+ 100 69
+ 1 32
+ 100 70
+ 1 31
+ 100 71
+ 1 30
+ 100 72
+ 1 29
+ 100 73
+ 1 28
+ 100 74
+ 1 27
+ 100 75
+ 1 26
+ 100 76
o 1 25
+ 100 77
+ 1 24
+ 100 78
+ 1 23
+ 100 79
+ 1 22
+ 100 80
+ 1 21
+ 100 81
+ 1 20
+ 100 82
+ 1 19
+ 100 83
+ 1 18
+ 100 84
+ 1 17
+ 100 85
+ 1 16
+ 100 86
+ 1 15
+ 100 87
+ 1 14
+ 100 88
+ 1 13
+ 100 89
+ 1 12
+ 100 90
+ 1 11
+ 100 91
+ 1 10
+ 100 92
+ 1 9
+ 100 93
+ 1 8
+ 100 94
+ 1 7
+ 100 95
+ 1 6
+ 100 96
+ 1 5
+ 100 97
+ 1 4
+ 100 98
+ 1 3
+ 100 99
+ 1 2
+ 100 100
Case #85: 298 248
o 1 2
x 5 4
x 6 6
x 8 7
x 9 8
x 10 9
x 11 11
x 12 12
x 13 15
x 18 16
x 19 17
x 20 18
x 21 19
x 22 20
x 23 22
x 24 23
x 25 24
x 26 25
x 30 28
x 31 30
x 32 33
x 33 34
x 37 36
x 39 37
x 40 38
x 43 39
x 44 40
x 46 47
x 48 50
x 49 51
x 50 52
x 56 53
x 58 54
x 60 55
x 61 57
x 62 60
x 66 65
x 70 66
x 71 67
x 74 69
x 75 70
x 79 72
x 80 73
x 82 74
x 85 75
x 86 77
x 88 78
x 89 80
x 90 81
x 93 84
x 94 86
x 95 97
+ 100 1
+ 100 2
+ 1 99
+ 100 3
+ 1 98
+ 100 4
+ 1 97
+ 100 5
+ 1 96
+ 100 6
+ 1 95
+ 100 7
+ 1 94
+ 100 8
+ 1 93
+ 100 9
+ 1 92
+ 100 10
+ 1 91
+ 100 11
+ 1 90
+ 100 12
+ 1 89
+ 100 13
+ 1 88
+ 100 14
+ 1 87
+ 100 15
+ 1 86
+ 100 16
+ 1 85
+ 100 17
+ 1 84
+ 100 18
+ 1 83
+ 100 19
+ 1 82
+ 100 20
+ 1 81
+ 100 21
+ 1 80
+ 100 22
+ 1 79
+ 100 23
+ 1 78
+ 100 24
+ 1 77
+ 100 25
+ 1 76
+ 100 26
+ 1 75
+ 100 27
+ 1 74
+ 100 28
+ 1 73
+ 100 29
+ 1 72
+ 100 30
+ 1 71
+ 100 31
+ 1 70
+ 100 32
+ 1 69
+ 100 33
+ 1 68
+ 100 34
+ 1 67
+ 100 35
+ 1 66
+ 100 36
+ 1 65
+ 100 37
+ 1 64
+ 100 38
+ 1 63
+ 100 39
+ 1 62
+ 100 40
+ 1 61
+ 100 41
+ 1 60
+ 100 42
+ 1 59
+ 100 43
+ 1 58
+ 100 44
+ 1 57
+ 100 45
+ 1 56
+ 100 46
+ 1 55
+ 100 47
+ 1 54
+ 100 48
+ 1 53
+ 100 49
+ 1 52
+ 100 50
+ 1 51
+ 100 51
+ 1 50
+ 100 52
+ 1 49
+ 100 53
+ 1 48
+ 100 54
+ 1 47
+ 100 55
+ 1 46
+ 100 56
+ 1 45
+ 100 57
+ 1 44
+ 100 58
+ 1 43
+ 100 59
+ 1 42
+ 100 60
+ 1 41
+ 100 61
+ 1 40
+ 100 62
+ 1 39
+ 100 63
+ 1 38
+ 100 64
+ 1 37
+ 100 65
+ 1 36
+ 100 66
+ 1 35
+ 100 67
+ 1 34
+ 100 68
+ 1 33
+ 100 69
+ 1 32
+ 100 70
+ 1 31
o 100 71
+ 1 30
+ 100 72
+ 1 29
+ 100 73
+ 1 28
+ 100 74
+ 1 27
+ 100 75
+ 1 26
+ 100 76
+ 1 25
+ 100 77
+ 1 24
+ 100 78
+ 1 23
+ 100 79
+ 1 22
+ 100 80
+ 1 21
+ 100 81
+ 1 20
+ 100 82
+ 1 19
+ 100 83
+ 1 18
+ 100 84
+ 1 17
+ 100 85
+ 1 16
+ 100 86
+ 1 15
+ 100 87
+ 1 14
+ 100 88
+ 1 13
+ 100 89
+ 1 12
+ 100 90
+ 1 11
+ 100 91
+ 1 10
+ 100 92
+ 1 9
+ 100 93
+ 1 8
+ 100 94
+ 1 7
+ 100 95
+ 1 6
+ 100 96
+ 1 5
+ 100 97
+ 1 4
+ 100 98
+ 1 3
+ 100 99
Case #86: 265 165
o 1 1
x 2 2
x 3 3
x 4 4
x 5 6
x 6 7
x 7 8
x 8 9
x 10 10
x 11 12
x 12 15
x 13 16
x 14 17
x 15 18
x 16 19
x 17 20
x 18 21
x 19 22
x 21 23
x 23 25
x 24 26
x 25 27
x 26 30
x 29 31
x 30 32
x 31 33
x 32 34
x 33 37
x 34 38
x 35 39
x 37 40
x 38 41
x 39 42
x 41 43
x 43 44
x 47 45
x 48 46
x 49 48
x 52 50
x 53 51
x 54 53
x 55 54
x 56 55
x 57 56
x 58 57
x 60 58
x 61 60
x 62 61
x 63 62
x 65 63
x 66 64
x 67 65
x 68 66
x 69 67
x 71 69
x 72 70
x 73 71
x 74 72
x 75 73
x 76 74
x 78 75
x 79 76
x 80 78
x 81 79
x 82 80
x 83 81
x 84 82
x 85 83
x 86 85
x 87 86
x 88 87
x 89 89
x 91 90
x 92 91
x 93 93
x 94 94
x 96 95
x 97 97
x 98 98
x 99 99
x 100 100
+ 100 1
+ 100 2
+ 100 3
+ 100 4
+ 100 5
+ 100 6
+ 100 7
+ 100 8
+ 1 93
+ 100 9
+ 100 10
+ 100 11
+ 1 90
+ 100 12
+ 1 89
+ 100 13
+ 1 88
+ 100 14
+ 100 15
+ 100 16
+ 100 17
+ 100 18
+ 100 19
+ 100 20
+ 100 21
+ 100 22
+ 100 23
+ 100 24
+ 100 25
+ 100 26
+ 100 27
+ 1 74
+ 100 28
+ 100 29
+ 30 100
+ 100 31
+ 32 100
+ 100 33
+ 1 68
+ 34 100
+ 100 35
+ 100 36
+ 100 37
+ 100 38
+ 100 39
+ 100 40
+ 100 41
+ 100 42
+ 100 43
+ 100 44
+ 100 45
+ 100 46
+ 1 55
+ 100 47
+ 100 48
+ 100 50
+ 100 51
+ 100 52
+ 53 100
+ 100 54
+ 55 100
+ 56 100
+ 57 100
+ 58 100
+ 100 59
+ 1 42
+ 60 100
+ 100 62
+ 100 64
+ 1 37
+ 65 100
+ 66 100
+ 100 67
+ 65 98
+ 100 69
+ 72 100
+ 100 73
+ 74 100
+ 100 77
+ 81 100
+ 82 100
+ 100 83
+ 87 100
+ 91 100
Case #87: 59 33
x 5 4
x 7 5
x 9 8
x 10 10
x 12 11
x 13 14
x 14 17
x 15 18
x 16 19
x 17 20
o 22 21
+ 22 1
+ 22 3
+ 1 20
+ 22 4
+ 18 1
+ 22 7
+ 1 16
+ 22 8
+ 9 22
+ 10 22
+ 11 22
+ 22 12
+ 2 12
+ 14 22
+ 22 15
+ 1 8
+ 1 6
+ 22 18
+ 22 19
+ 22 20
+ 1 3
+ 22 22
Case #88: 264 168
o 1 1
x 2 2
x 3 3
x 4 4
x 5 5
x 6 6
x 7 7
x 8 8
x 9 9
x 10 10
x 11 11
x 12 12
x 13 13
x 14 14
x 15 15
x 16 16
x 17 17
x 18 18
x 19 19
x 20 20
x 21 21
x 22 22
x 23 23
x 24 24
x 25 25
x 26 26
x 27 27
x 28 28
x 29 29
x 30 30
x 31 31
x 32 32
x 33 33
x 34 34
x 35 35
x 36 36
x 37 37
x 38 38
x 39 39
x 40 40
x 41 41
x 42 42
x 43 43
x 44 44
x 45 45
x 46 46
x 47 47
x 48 48
x 49 49
x 50 50
x 51 51
x 52 52
x 53 53
x 54 54
x 55 55
x 56 56
x 57 57
x 58 58
x 59 59
x 60 60
x 61 61
x 62 62
x 63 63
x 64 64
x 65 65
x 66 66
x 67 67
x 68 68
x 69 69
x 70 70
x 71 71
x 72 72
x 73 73
x 74 74
x 75 75
x 76 76
x 77 77
x 78 78
x 79 79
x 80 80
x 81 81
x 82 82
x 83 83
x 84 84
x 85 85
x 86 86
x 87 87
x 88 88
x 89 89
x 90 90
x 91 91
x 92 92
x 93 93
x 94 94
x 95 95
x 96 96
x 97 97
x 98 98
x 99 99
x 100 100
+ 100 2
+ 100 3
+ 100 4
+ 100 5
+ 100 6
+ 100 7
+ 100 8
+ 100 10
+ 100 11
+ 10 99
+ 100 12
+ 100 13
+ 100 14
+ 100 15
+ 100 16
+ 100 17
+ 18 100
+ 19 100
+ 100 20
+ 100 22
+ 100 23
+ 100 24
+ 25 100
+ 100 26
+ 100 27
+ 24 97
+ 100 28
+ 100 29
+ 100 30
+ 100 31
+ 100 32
+ 100 33
+ 34 100
+ 35 100
+ 100 36
+ 37 100
+ 100 38
+ 100 39
+ 100 40
+ 100 41
+ 42 100
+ 100 43
+ 100 44
+ 45 100
+ 100 46
+ 100 47
+ 100 48
+ 49 100
+ 100 50
+ 100 51
+ 100 53
+ 100 55
+ 100 56
+ 58 100
+ 100 59
+ 58 99
+ 65 100
+ 100 66
+ 100 69
+ 70 100
+ 71 100
+ 100 73
+ 76 100
+ 100 77
+ 100 78
+ 79 100
+ 100 82
+ 100 83
Case #89: 127 67
x 1 2
x 2 7
x 3 10
x 8 11
x 9 12
x 11 13
x 14 14
x 18 15
x 22 17
x 24 18
x 26 21
x 31 22
x 32 24
x 35 25
x 36 31
x 39 32
x 41 33
x 42 34
x 43 35
x 44 41
x 47 42
x 48 43
+ 48 2
+ 46 1
+ 1 45
+ 48 5
+ 48 6
+ 1 43
+ 9 48
+ 48 10
+ 39 2
+ 37 1
+ 14 48
+ 1 34
+ 33 1
+ 32 1
+ 1 31
+ 48 19
+ 48 20
+ 4 32
+ 48 21
+ 1 28
+ 48 22
+ 23 48
+ 48 25
+ 4 27
+ 23 1
+ 27 48
+ 30 48
+ 1 18
+ 48 34
+ 1 15
+ 48 35
+ 48 37
+ 1 12
+ 38 48
+ 48 40
+ 1 9
+ 48 41
+ 1 7
+ 43 48
+ 44 48
+ 48 45
+ 1 4
+ 48 46
+ 1 3
+ 48 47
Case #90: 275 174
x 1 1
x 2 3
x 3 6
x 6 8
x 8 9
x 10 10
x 14 12
x 18 14
x 21 15
x 22 16
x 23 17
x 28 19
x 29 21
x 32 23
x 34 24
x 37 28
x 38 29
x 39 30
x 42 31
x 43 36
x 44 37
x 47 38
x 48 43
x 50 44
x 52 46
x 54 47
x 55 49
x 56 52
x 57 54
x 58 55
x 61 57
x 62 59
x 63 61
x 68 62
x 69 63
x 70 66
x 71 69
x 73 70
x 75 71
x 76 77
x 77 78
x 78 81
x 79 83
x 81 85
x 86 87
x 89 88
x 90 90
x 91 91
x 92 92
x 95 93
x 96 95
x 97 96
x 99 98
o 100 99
+ 100 2
+ 1 99
+ 100 3
+ 100 4
+ 1 97
+ 100 5
+ 100 6
+ 1 95
+ 100 7
+ 100 8
+ 100 9
+ 1 92
+ 100 10
+ 100 11
+ 1 90
+ 100 12
+ 100 13
+ 1 88
+ 100 14
+ 1 87
+ 100 15
+ 100 16
+ 1 85
+ 100 17
+ 100 18
+ 100 19
+ 100 20
+ 100 21
+ 100 22
+ 100 23
+ 1 78
+ 100 24
+ 1 77
+ 25 100
+ 100 26
+ 1 75
+ 100 27
+ 2 75
+ 100 28
+ 100 29
+ 6 77
+ 100 30
+ 100 31
+ 1 70
+ 100 32
+ 100 33
+ 100 34
+ 100 35
+ 100 36
+ 100 37
+ 39 100
+ 40 100
+ 100 41
+ 100 42
+ 100 43
+ 1 58
+ 100 44
+ 2 58
+ 100 45
+ 46 100
+ 100 47
+ 1 54
+ 100 48
+ 43 95
+ 49 100
+ 100 50
+ 1 51
+ 100 51
+ 100 52
+ 100 53
+ 100 54
+ 100 55
+ 100 56
+ 100 57
+ 58 100
+ 100 60
+ 100 62
+ 1 39
+ 100 63
+ 1 38
+ 100 64
+ 3 39
+ 100 65
+ 1 36
+ 100 66
+ 1 35
+ 100 67
+ 100 68
+ 7 39
+ 100 69
+ 100 70
+ 17 47
+ 100 71
+ 3 32
+ 100 72
+ 100 73
+ 100 74
+ 100 75
+ 100 76
+ 100 77
+ 100 78
+ 2 24
+ 100 80
+ 100 83
+ 1 18
+ 100 85
+ 1 16
+ 100 86
+ 87 100
+ 100 88
+ 100 89
+ 100 90
+ 1 11
+ 100 92
+ 1 9
+ 93 100
+ 94 100
+ 95 100
+ 96 100
+ 100 98
Case #91: 7 3
x 1 1
x 2 2
+ 3 1
Case #92: 14 8
x 1 1
x 2 2
x 3 3
x 4 4
x 5 5
+ 6 1
+ 4 6
+ 6 5
Case #93: 190 102
x 3 4
x 5 6
x 7 10
x 8 11
x 9 13
x 13 14
x 15 16
x 18 17
x 19 19
x 20 20
x 21 25
x 23 26
x 25 30
x 27 32
x 28 33
x 29 34
x 30 35
x 32 40
x 35 42
x 40 45
x 43 48
x 45 54
x 46 56
x 47 57
x 50 58
x 51 59
x 53 60
x 54 61
x 55 62
x 56 63
x 58 64
x 59 65
x 61 67
x 62 68
x 67 69
+ 70 2
+ 68 1
+ 70 4
+ 66 1
+ 65 1
+ 70 8
+ 1 62
+ 70 10
+ 1 61
+ 70 13
+ 70 14
+ 57 2
+ 1 55
+ 70 18
+ 1 53
+ 18 69
+ 70 21
+ 1 50
+ 49 1
+ 70 23
+ 4 51
+ 70 25
+ 69 25
+ 70 28
+ 1 43
+ 29 70
+ 40 1
+ 2 41
+ 39 1
+ 5 43
+ 70 33
+ 34 70
+ 70 36
+ 70 37
+ 36 69
+ 33 1
+ 70 40
+ 37 8
+ 29 1
+ 5 33
+ 70 43
+ 1 28
+ 70 47
+ 1 24
+ 1 23
+ 48 68
+ 51 70
+ 70 52
+ 53 70
+ 54 70
+ 70 56
+ 70 57
+ 56 69
+ 70 58
+ 3 15
+ 70 59
+ 1 12
+ 70 60
+ 1 11
+ 10 1
+ 62 70
+ 63 70
+ 64 70
+ 1 6
+ 70 66
+ 67 70
+ 70 68
Case #94: 159 86
x 2 1
x 3 2
x 4 3
x 5 6
x 6 7
x 7 8
x 10 10
x 11 11
x 12 13
x 13 14
x 15 15
x 17 16
x 19 18
x 20 20
x 22 22
x 24 24
x 26 26
x 27 30
x 28 34
x 31 38
x 34 39
x 35 40
x 36 41
x 38 42
x 39 49
x 44 50
x 47 51
x 48 52
x 53 53
x 58 55
x 59 57
x 60 58
o 61 59
+ 61 2
+ 61 3
+ 1 59
+ 61 7
+ 1 55
+ 1 54
+ 53 1
+ 52 1
+ 1 50
+ 61 13
+ 1 49
+ 48 1
+ 1 45
+ 44 1
+ 43 1
+ 61 20
+ 1 42
+ 40 1
+ 38 1
+ 36 1
+ 29 61
+ 60 29
+ 28 1
+ 27 1
+ 2 28
+ 61 37
+ 38 61
+ 35 57
+ 61 40
+ 1 22
+ 41 61
+ 42 61
+ 61 43
+ 61 44
+ 1 18
+ 61 45
+ 1 17
+ 47 61
+ 61 48
+ 1 14
+ 61 49
+ 50 61
+ 61 51
+ 52 61
+ 9 1
+ 54 61
+ 56 61
+ 57 61
+ 61 58
+ 1 4
+ 1 3
+ 61 60
+ 61 61
Case #95: 219 117
x 5 1
x 10 2
x 13 4
x 14 7
x 15 8
x 16 12
x 18 13
x 19 14
x 20 16
x 21 17
x 23 20
x 24 21
x 25 23
x 26 24
x 27 25
x 28 26
x 29 28
x 32 31
x 34 32
x 36 34
x 40 36
x 44 37
x 46 38
x 47 41
x 54 42
x 55 47
x 56 48
x 60 50
x 64 54
x 65 55
x 66 57
x 67 59
x 68 60
x 69 61
x 70 64
x 71 65
x 73 68
x 74 71
x 75 73
x 76 77
x 77 79
x 78 80
x 79 82
o 81 83
+ 83 1
+ 83 2
+ 83 3
+ 1 81
+ 83 5
+ 83 6
+ 1 78
+ 83 7
+ 83 8
+ 83 9
+ 1 75
+ 83 10
+ 73 1
+ 83 12
+ 70 1
+ 83 16
+ 83 17
+ 1 67
+ 66 1
+ 19 83
+ 63 1
+ 62 1
+ 1 60
+ 83 25
+ 83 26
+ 1 56
+ 55 1
+ 30 83
+ 83 32
+ 1 52
+ 33 83
+ 50 1
+ 83 36
+ 1 48
+ 47 1
+ 83 38
+ 45 1
+ 42 1
+ 40 1
+ 83 46
+ 1 37
+ 83 48
+ 1 36
+ 83 50
+ 1 34
+ 52 83
+ 83 54
+ 55 83
+ 83 56
+ 1 28
+ 1 22
+ 83 63
+ 1 20
+ 83 66
+ 1 18
+ 83 67
+ 66 82
+ 83 68
+ 1 16
+ 83 69
+ 1 15
+ 70 83
+ 72 83
+ 83 73
+ 83 74
+ 1 10
+ 75 83
+ 83 76
+ 83 77
+ 1 7
+ 83 78
+ 83 82
+ 83 83
Case #96: 44 21
x 1 2
x 4 4
x 7 5
x 11 7
x 13 12
x 15 13
+ 17 1
+ 17 2
+ 1 16
+ 13 1
+ 12 1
+ 17 7
+ 10 1
+ 17 9
+ 1 9
+ 8 1
+ 17 12
+ 1 6
+ 13 17
+ 14 17
+ 1 3
Case #97: 129 0
Case #98: 129 0
Case #99: 275 219
o 1 1
x 2 2
x 3 3
x 4 5
x 5 6
x 6 7
x 8 8
x 10 11
x 11 12
x 13 13
x 14 14
x 15 15
x 16 16
x 18 18
x 19 19
x 20 20
x 21 21
x 22 22
x 23 23
x 24 24
x 26 25
x 28 26
x 29 27
x 30 28
x 31 29
x 32 31
x 33 32
x 34 34
x 35 35
x 36 36
x 37 37
x 38 38
x 39 39
x 40 40
x 41 41
x 42 42
x 43 43
x 44 44
x 46 45
x 47 46
x 50 47
x 51 48
x 52 49
x 53 50
x 54 52
x 55 53
x 56 54
x 57 55
x 58 56
x 59 59
x 60 60
x 61 61
x 62 62
x 63 64
x 65 65
x 66 66
x 67 67
x 68 68
x 69 69
x 70 70
x 71 71
x 72 72
x 75 73
x 76 74
x 77 75
x 78 76
x 79 78
x 80 79
x 81 80
x 82 82
x 83 83
x 84 85
x 85 86
x 86 87
x 87 88
x 88 89
x 89 91
x 90 92
x 91 93
x 93 94
x 94 95
x 95 96
x 96 97
x 97 98
x 98 99
x 99 100
+ 100 2
+ 1 99
+ 100 3
+ 100 4
+ 1 97
+ 100 5
+ 100 6
+ 1 95
+ 100 7
+ 100 8
+ 1 93
+ 100 9
+ 100 10
+ 100 11
+ 100 12
+ 100 13
+ 1 88
+ 100 14
+ 100 15
+ 100 16
+ 1 85
+ 100 17
+ 1 84
+ 100 18
+ 3 85
+ 100 19
+ 1 82
+ 100 20
+ 1 81
+ 100 21
+ 1 80
+ 100 22
+ 1 79
+ 100 23
+ 1 78
+ 100 24
+ 25 100
+ 100 26
+ 1 75
+ 100 27
+ 1 74
+ 100 28
+ 1 73
+ 100 29
+ 1 72
+ 100 30
+ 100 31
+ 4 73
+ 100 32
+ 1 69
+ 100 33
+ 1 68
+ 100 34
+ 1 67
+ 100 35
+ 100 36
+ 100 37
+ 100 38
+ 39 100
+ 40 100
+ 100 41
+ 2 61
+ 100 42
+ 100 43
+ 100 44
+ 1 57
+ 100 45
+ 100 46
+ 3 57
+ 100 47
+ 1 54
+ 100 48
+ 100 49
+ 1 52
+ 100 50
+ 100 51
+ 100 52
+ 100 53
+ 1 48
+ 100 54
+ 55 100
+ 100 56
+ 57 100
+ 58 100
+ 100 59
+ 60 100
+ 61 100
+ 62 100
+ 100 63
+ 4 41
+ 64 100
+ 100 65
+ 1 36
+ 100 66
+ 1 35
+ 100 67
+ 1 34
+ 68 100
+ 100 71
+ 100 72
+ 1 29
+ 73 100
+ 100 74
+ 72 98
+ 100 75
+ 1 26
+ 100 76
+ 100 77
+ 100 78
+ 79 100
+ 80 100
+ 100 81
+ 1 20
+ 100 82
+ 1 19
+ 84 100
+ 100 85
+ 100 86
+ 1 15
+ 100 87
+ 100 88
+ 1 13
+ 89 100
+ 100 90
+ 4 14
+ 100 92
+ 93 100
+ 100 94
+ 100 95
+ 100 96
+ 100 97
+ 2 5
+ 100 98
Case #100: 54 30
x 1 1
x 2 4
x 7 5
x 8 8
x 10 9
x 14 11
x 15 12
x 20 14
+ 20 1
+ 20 2
+ 20 3
+ 1 18
+ 20 4
+ 16 1
+ 20 7
+ 8 20
+ 9 20
+ 11 1
+ 10 1
+ 2 11
+ 20 13
+ 7 1
+ 13 19
+ 20 15
+ 2 7
+ 17 20
+ 20 18
+ 20 19
+ 1 2
+ 20 20
